32
Importing finished!!
cuda is going to be used!!
Dataset loaded!!
----------------------------------------------------------------
        Layer (type)               Output Shape         Param #
================================================================
            Conv2d-1           [-1, 32, 16, 16]             320
              ReLU-2           [-1, 32, 16, 16]               0
            Conv2d-3           [-1, 48, 12, 12]          38,448
              ReLU-4           [-1, 48, 12, 12]               0
            Conv2d-5             [-1, 96, 8, 8]          18,528
              ReLU-6             [-1, 96, 8, 8]               0
            Conv2d-7            [-1, 192, 6, 6]         166,080
              ReLU-8            [-1, 192, 6, 6]               0
   ConvTranspose2d-9             [-1, 96, 8, 8]         165,984
             ReLU-10             [-1, 96, 8, 8]               0
  ConvTranspose2d-11           [-1, 48, 12, 12]          18,480
             ReLU-12           [-1, 48, 12, 12]               0
  ConvTranspose2d-13            [-1, 1, 24, 24]             433
           MinMax-14            [-1, 1, 24, 24]               0
================================================================
Total params: 408,273
Trainable params: 408,273
Non-trainable params: 0
----------------------------------------------------------------
Input size (MB): 0.00
Forward/backward pass size (MB): 0.64
Params size (MB): 1.56
Estimated Total Size (MB): 2.20
----------------------------------------------------------------
None
Training started!!
Epoch:0, Loss:0.620226
Epoch:1, Loss:0.498481
Epoch:2, Loss:0.603950
Epoch:3, Loss:0.150391
Epoch:4, Loss:0.612413
Epoch:5, Loss:0.846788
Epoch:6, Loss:0.718316
Epoch:7, Loss:0.512153
Epoch:8, Loss:0.371745
Epoch:9, Loss:0.484158
Epoch:10, Loss:0.389106
Epoch:11, Loss:0.402778
Epoch:12, Loss:0.602865
Epoch:13, Loss:0.391493
Epoch:14, Loss:0.267578
Epoch:15, Loss:0.479384
Epoch:16, Loss:0.400825
Epoch:17, Loss:0.166884
Epoch:18, Loss:0.382378
Epoch:19, Loss:0.361979
Epoch:20, Loss:0.389974
Epoch:21, Loss:0.279297
Epoch:22, Loss:0.396484
Epoch:23, Loss:0.496962
Epoch:24, Loss:0.162543
Epoch:25, Loss:0.382812
Epoch:26, Loss:0.502604
Epoch:27, Loss:0.624349
Epoch:28, Loss:0.503689
Epoch:29, Loss:0.606771
Epoch:30, Loss:0.491536
Epoch:31, Loss:0.587674
Epoch:32, Loss:0.506510
Epoch:33, Loss:0.489583
Epoch:34, Loss:0.294705
Epoch:35, Loss:0.159505
Epoch:36, Loss:0.284071
Epoch:37, Loss:0.285156
Epoch:38, Loss:0.510851
Epoch:39, Loss:0.171875
Epoch:40, Loss:0.272786
Epoch:41, Loss:0.599175
Epoch:42, Loss:0.522352
Epoch:43, Loss:0.396050
Epoch:44, Loss:0.402561
Epoch:45, Loss:0.369141
Epoch:46, Loss:0.259983
Epoch:47, Loss:0.615017
Epoch:48, Loss:0.381293
Epoch:49, Loss:0.368707
Epoch:50, Loss:0.276259
Epoch:51, Loss:0.379123
Epoch:52, Loss:0.292969
Epoch:53, Loss:0.399306
Epoch:54, Loss:0.503906
Epoch:55, Loss:0.743707
Epoch:56, Loss:0.148655
Epoch:57, Loss:0.411458
Epoch:58, Loss:0.487630
Epoch:59, Loss:0.169488
Epoch:60, Loss:0.515625
Epoch:61, Loss:0.254557
Epoch:62, Loss:0.273438
Epoch:63, Loss:0.490234
Epoch:64, Loss:0.398655
Epoch:65, Loss:0.618924
Epoch:66, Loss:0.267144
Epoch:67, Loss:0.297743
Epoch:68, Loss:0.363281
Epoch:69, Loss:0.037760
Epoch:70, Loss:0.374132
Epoch:71, Loss:0.253689
Epoch:72, Loss:0.381944
Epoch:73, Loss:0.168620
Epoch:74, Loss:0.282552
Epoch:75, Loss:0.286892
Epoch:76, Loss:0.492839
Epoch:77, Loss:0.274089
Epoch:78, Loss:0.485460
Epoch:79, Loss:0.417101
Epoch:80, Loss:0.525391
Epoch:81, Loss:0.305773
Epoch:82, Loss:0.276910
Epoch:83, Loss:0.279514
Epoch:84, Loss:0.393663
Epoch:85, Loss:0.276910
Epoch:86, Loss:0.279297
Epoch:87, Loss:0.508247
Epoch:88, Loss:0.486111
Epoch:89, Loss:0.486545
Epoch:90, Loss:0.393880
Epoch:91, Loss:0.394965
Epoch:92, Loss:0.274957
Epoch:93, Loss:0.391710
Epoch:94, Loss:0.494358
Epoch:95, Loss:0.266493
Epoch:96, Loss:0.387370
Epoch:97, Loss:0.487196
Epoch:98, Loss:0.383464
Epoch:99, Loss:0.281250
Epoch:100, Loss:0.625868
Epoch:101, Loss:0.389106
Epoch:102, Loss:0.615017
Epoch:103, Loss:0.156033
Epoch:104, Loss:0.382161
Epoch:105, Loss:0.050347
Epoch:106, Loss:0.155599
Epoch:107, Loss:0.267795
Epoch:108, Loss:0.139974
Epoch:109, Loss:0.171224
Epoch:110, Loss:0.398220
Epoch:111, Loss:0.053168
Epoch:112, Loss:0.056858
Epoch:113, Loss:0.271050
Epoch:114, Loss:0.274089
Epoch:115, Loss:0.391059
Epoch:116, Loss:0.494141
Epoch:117, Loss:0.272786
Epoch:118, Loss:0.273872
Epoch:119, Loss:0.138238
Epoch:120, Loss:0.379774
Epoch:121, Loss:0.292101
Epoch:122, Loss:0.397569
Epoch:123, Loss:0.626085
Epoch:124, Loss:0.620660
Epoch:125, Loss:0.731120
Epoch:126, Loss:0.163194
Epoch:127, Loss:0.516276
Epoch:128, Loss:0.506076
Epoch:129, Loss:0.496311
Epoch:130, Loss:0.401693
Epoch:131, Loss:0.061632
Epoch:132, Loss:0.274740
Epoch:133, Loss:0.155165
Epoch:134, Loss:0.514540
Epoch:135, Loss:0.387587
Epoch:136, Loss:0.522352
Epoch:137, Loss:0.265408
Epoch:138, Loss:0.504123
Epoch:139, Loss:0.253906
Epoch:140, Loss:0.393229
Epoch:141, Loss:0.490885
Epoch:142, Loss:0.390191
Epoch:143, Loss:0.512804
Epoch:144, Loss:0.387804
Epoch:145, Loss:0.514323
Epoch:146, Loss:0.192491
Epoch:147, Loss:0.608290
Epoch:148, Loss:0.166884
Epoch:149, Loss:0.256293
Epoch:150, Loss:0.504340
Epoch:151, Loss:0.393446
Epoch:152, Loss:0.166016
Epoch:153, Loss:0.274306
Epoch:154, Loss:0.178819
Epoch:155, Loss:0.165582
Epoch:156, Loss:0.187283
Epoch:157, Loss:0.396484
Epoch:158, Loss:0.399523
Epoch:159, Loss:0.036241
Epoch:160, Loss:0.621311
Epoch:161, Loss:0.264106
Epoch:162, Loss:0.286892
Epoch:163, Loss:0.387587
Epoch:164, Loss:0.383681
Epoch:165, Loss:0.724609
Epoch:166, Loss:0.519748
Epoch:167, Loss:0.281467
Epoch:168, Loss:0.299696
Epoch:169, Loss:0.583984
Epoch:170, Loss:0.502170
Epoch:171, Loss:0.258681
Epoch:172, Loss:0.377604
Epoch:173, Loss:0.390408
Epoch:174, Loss:0.360026
Epoch:175, Loss:0.151259
Epoch:176, Loss:0.393229
Epoch:177, Loss:0.154948
Epoch:178, Loss:0.605469
Epoch:179, Loss:0.506076
Epoch:180, Loss:0.262587
Epoch:181, Loss:0.719835
Epoch:182, Loss:0.481120
Epoch:183, Loss:0.619792
Epoch:184, Loss:0.382378
Epoch:185, Loss:0.408420
Epoch:186, Loss:0.379991
Epoch:187, Loss:0.293403
Epoch:188, Loss:0.493056
Epoch:189, Loss:0.378038
Epoch:190, Loss:0.278212
Epoch:191, Loss:0.419488
Epoch:192, Loss:0.727648
Epoch:193, Loss:0.381293
Epoch:194, Loss:0.279948
Epoch:195, Loss:0.157335
Epoch:196, Loss:0.484375
Epoch:197, Loss:0.280382
Epoch:198, Loss:0.488715
Epoch:199, Loss:0.389974
Avg Test Loss: 0.378682585110267
written to: ./results/loss_tracker_diffimg.csv
written to: ./models/32.20231108125855_diffimg.pth
written to: ./models/32.20231108125855_diffimg.pt
Elapsed time: 3504.3599717617035 seconds.
