34
encoder_14.2
Importing finished!!
cuda is going to be used!!
Dataset loaded!!
----------------------------------------------------------------
        Layer (type)               Output Shape         Param #
================================================================
            Conv2d-1           [-1, 32, 16, 16]             320
              ReLU-2           [-1, 32, 16, 16]               0
            Conv2d-3           [-1, 48, 12, 12]          38,448
              ReLU-4           [-1, 48, 12, 12]               0
            Conv2d-5             [-1, 96, 8, 8]          18,528
              ReLU-6             [-1, 96, 8, 8]               0
            Conv2d-7            [-1, 192, 6, 6]         166,080
              ReLU-8            [-1, 192, 6, 6]               0
            Conv2d-9             [-1, 24, 3, 3]          41,496
             ReLU-10             [-1, 24, 3, 3]               0
          Flatten-11                  [-1, 216]               0
        Unflatten-12             [-1, 24, 3, 3]               0
  ConvTranspose2d-13            [-1, 192, 6, 6]          41,664
  ConvTranspose2d-14             [-1, 96, 8, 8]         165,984
             ReLU-15             [-1, 96, 8, 8]               0
  ConvTranspose2d-16           [-1, 48, 12, 12]          18,480
             ReLU-17           [-1, 48, 12, 12]               0
  ConvTranspose2d-18            [-1, 1, 24, 24]             433
             Tanh-19            [-1, 1, 24, 24]               0
================================================================
Total params: 491,433
Trainable params: 264,872
Non-trainable params: 226,561
----------------------------------------------------------------
Input size (MB): 0.00
Forward/backward pass size (MB): 0.70
Params size (MB): 1.87
Estimated Total Size (MB): 2.57
----------------------------------------------------------------
None
Training started!!
Epoch:0, Loss:0.015883
Epoch:1, Loss:0.016054
Epoch:2, Loss:0.016100
Epoch:3, Loss:0.016115
Epoch:4, Loss:0.015857
Epoch:5, Loss:0.015868
Epoch:6, Loss:0.015888
Epoch:7, Loss:0.015871
Epoch:8, Loss:0.015510
Epoch:9, Loss:0.015510
Epoch:10, Loss:0.015001
Epoch:11, Loss:0.015342
Epoch:12, Loss:0.015193
Epoch:13, Loss:0.014863
Epoch:14, Loss:0.014969
Epoch:15, Loss:0.014670
Epoch:16, Loss:0.014386
Epoch:17, Loss:0.014736
Epoch:18, Loss:0.015001
Epoch:19, Loss:0.014648
Epoch:20, Loss:0.014256
Epoch:21, Loss:0.014162
Epoch:22, Loss:0.013382
Epoch:23, Loss:0.013084
Epoch:24, Loss:0.013213
Epoch:25, Loss:0.012902
Epoch:26, Loss:0.014021
Epoch:27, Loss:0.012953
Epoch:28, Loss:0.013244
Epoch:29, Loss:0.013077
Epoch:30, Loss:0.012729
Epoch:31, Loss:0.013425
Epoch:32, Loss:0.012835
Epoch:33, Loss:0.013795
Epoch:34, Loss:0.012563
Epoch:35, Loss:0.012736
Epoch:36, Loss:0.012018
Epoch:37, Loss:0.011657
Epoch:38, Loss:0.011533
Epoch:39, Loss:0.011361
Epoch:40, Loss:0.011574
Epoch:41, Loss:0.011686
Epoch:42, Loss:0.010677
Epoch:43, Loss:0.011234
Epoch:44, Loss:0.011361
Epoch:45, Loss:0.010841
Epoch:46, Loss:0.011218
Epoch:47, Loss:0.011335
Epoch:48, Loss:0.009903
Epoch:49, Loss:0.010790
Epoch:50, Loss:0.010138
Epoch:51, Loss:0.010637
Epoch:52, Loss:0.009927
Epoch:53, Loss:0.009432
Epoch:54, Loss:0.010855
Epoch:55, Loss:0.009845
Epoch:56, Loss:0.009258
Epoch:57, Loss:0.010801
Epoch:58, Loss:0.009187
Epoch:59, Loss:0.008729
Epoch:60, Loss:0.008966
Epoch:61, Loss:0.010243
Epoch:62, Loss:0.008694
Epoch:63, Loss:0.009704
Epoch:64, Loss:0.008322
Epoch:65, Loss:0.009682
Epoch:66, Loss:0.008377
Epoch:67, Loss:0.009118
Epoch:68, Loss:0.008325
Epoch:69, Loss:0.008229
Epoch:70, Loss:0.009123
Epoch:71, Loss:0.008561
Epoch:72, Loss:0.007866
Epoch:73, Loss:0.008306
Epoch:74, Loss:0.009122
Epoch:75, Loss:0.009296
Epoch:76, Loss:0.008848
Epoch:77, Loss:0.008288
Epoch:78, Loss:0.009007
Epoch:79, Loss:0.008521
Epoch:80, Loss:0.008346
Epoch:81, Loss:0.008853
Epoch:82, Loss:0.009703
Epoch:83, Loss:0.009260
Epoch:84, Loss:0.008873
Epoch:85, Loss:0.009357
Epoch:86, Loss:0.008869
Epoch:87, Loss:0.009054
Epoch:88, Loss:0.008181
Epoch:89, Loss:0.009669
Epoch:90, Loss:0.009819
Epoch:91, Loss:0.008385
Epoch:92, Loss:0.008124
Epoch:93, Loss:0.009836
Epoch:94, Loss:0.009959
Epoch:95, Loss:0.009604
Epoch:96, Loss:0.008629
Epoch:97, Loss:0.009711
Epoch:98, Loss:0.008169
Epoch:99, Loss:0.008808
Epoch:100, Loss:0.008261
Epoch:101, Loss:0.009525
Epoch:102, Loss:0.008912
Epoch:103, Loss:0.009326
Epoch:104, Loss:0.008510
Epoch:105, Loss:0.008863
Epoch:106, Loss:0.009444
Epoch:107, Loss:0.009045
Epoch:108, Loss:0.009373
Epoch:109, Loss:0.008758
Epoch:110, Loss:0.008748
Epoch:111, Loss:0.008211
Epoch:112, Loss:0.009079
Epoch:113, Loss:0.007900
Epoch:114, Loss:0.009149
Epoch:115, Loss:0.009169
Epoch:116, Loss:0.008834
Epoch:117, Loss:0.009331
Epoch:118, Loss:0.008903
Epoch:119, Loss:0.009473
Epoch:120, Loss:0.008920
Epoch:121, Loss:0.009321
Epoch:122, Loss:0.008637
Epoch:123, Loss:0.008741
Epoch:124, Loss:0.010814
Epoch:125, Loss:0.009314
Epoch:126, Loss:0.008568
Epoch:127, Loss:0.009443
Epoch:128, Loss:0.011219
Epoch:129, Loss:0.009971
Epoch:130, Loss:0.009069
Epoch:131, Loss:0.009634
Epoch:132, Loss:0.010342
Epoch:133, Loss:0.009564
Epoch:134, Loss:0.010807
Epoch:135, Loss:0.011677
Epoch:136, Loss:0.009380
Epoch:137, Loss:0.010240
Epoch:138, Loss:0.009200
Epoch:139, Loss:0.008776
Epoch:140, Loss:0.010075
Epoch:141, Loss:0.010240
Epoch:142, Loss:0.009693
Epoch:143, Loss:0.008557
Epoch:144, Loss:0.009696
Epoch:145, Loss:0.010541
Epoch:146, Loss:0.009110
Epoch:147, Loss:0.009923
Epoch:148, Loss:0.009628
Epoch:149, Loss:0.009947
Epoch:150, Loss:0.010693
Epoch:151, Loss:0.009240
Epoch:152, Loss:0.007889
Epoch:153, Loss:0.009824
Epoch:154, Loss:0.009105
Epoch:155, Loss:0.008669
Epoch:156, Loss:0.008842
Epoch:157, Loss:0.010535
Epoch:158, Loss:0.009555
Epoch:159, Loss:0.009327
Epoch:160, Loss:0.008065
Epoch:161, Loss:0.007904
Epoch:162, Loss:0.009396
Epoch:163, Loss:0.008612
Epoch:164, Loss:0.010106
Epoch:165, Loss:0.011436
Epoch:166, Loss:0.008009
Epoch:167, Loss:0.009883
Epoch:168, Loss:0.009531
Epoch:169, Loss:0.007766
Epoch:170, Loss:0.008844
Epoch:171, Loss:0.009685
Epoch:172, Loss:0.007597
Epoch:173, Loss:0.009740
Epoch:174, Loss:0.008830
Epoch:175, Loss:0.008867
Epoch:176, Loss:0.012135
Epoch:177, Loss:0.009219
Epoch:178, Loss:0.007720
Epoch:179, Loss:0.010022
Epoch:180, Loss:0.008576
Epoch:181, Loss:0.008335
Epoch:182, Loss:0.008230
Epoch:183, Loss:0.010320
Epoch:184, Loss:0.010057
Epoch:185, Loss:0.007699
Epoch:186, Loss:0.009454
Epoch:187, Loss:0.008656
Epoch:188, Loss:0.008782
Epoch:189, Loss:0.009210
Epoch:190, Loss:0.007978
Epoch:191, Loss:0.009275
Epoch:192, Loss:0.009223
Epoch:193, Loss:0.008753
Epoch:194, Loss:0.008754
Epoch:195, Loss:0.008062
Epoch:196, Loss:0.008253
Epoch:197, Loss:0.008413
Epoch:198, Loss:0.008711
Epoch:199, Loss:0.009949
Avg Test Loss: 0.016520946400317673
written to: ./results/loss_tracker_diffimg.csv
written to: ./models/34.20231110005704_diffimg.pth
written to: ./models/34.20231110005704_diffimg.pt
Elapsed time: 1685.1864125728607 seconds.
