30
Importing finished!!
cuda is going to be used!!
Dataset loaded!!
----------------------------------------------------------------
        Layer (type)               Output Shape         Param #
================================================================
            Conv2d-1           [-1, 32, 16, 16]             320
              ReLU-2           [-1, 32, 16, 16]               0
            Conv2d-3           [-1, 32, 16, 16]           9,248
            Conv2d-4           [-1, 32, 16, 16]              64
              ReLU-5           [-1, 32, 16, 16]               0
     ResidualBlock-6           [-1, 32, 16, 16]               0
            Conv2d-7           [-1, 48, 12, 12]          38,448
              ReLU-8           [-1, 48, 12, 12]               0
            Conv2d-9           [-1, 48, 12, 12]          20,784
           Conv2d-10           [-1, 48, 16, 16]           1,584
             ReLU-11           [-1, 48, 12, 12]               0
    ResidualBlock-12           [-1, 48, 12, 12]               0
           Conv2d-13             [-1, 96, 8, 8]          18,528
             ReLU-14             [-1, 96, 8, 8]               0
           Conv2d-15             [-1, 96, 8, 8]          83,040
           Conv2d-16           [-1, 96, 12, 12]           4,704
             ReLU-17             [-1, 96, 8, 8]               0
    ResidualBlock-18             [-1, 96, 8, 8]               0
           Conv2d-19            [-1, 192, 6, 6]         166,080
             ReLU-20            [-1, 192, 6, 6]               0
           Conv2d-21            [-1, 192, 6, 6]         331,968
           Conv2d-22            [-1, 192, 8, 8]          18,624
             ReLU-23            [-1, 192, 6, 6]               0
    ResidualBlock-24            [-1, 192, 6, 6]               0
  ConvTranspose2d-25             [-1, 96, 8, 8]         165,984
             ReLU-26             [-1, 96, 8, 8]               0
  ConvTranspose2d-27           [-1, 48, 12, 12]          18,480
             ReLU-28           [-1, 48, 12, 12]               0
  ConvTranspose2d-29            [-1, 1, 24, 24]             433
           MinMax-30            [-1, 1, 24, 24]               0
================================================================
Total params: 878,289
Trainable params: 878,289
Non-trainable params: 0
----------------------------------------------------------------
Input size (MB): 0.00
Forward/backward pass size (MB): 1.64
Params size (MB): 3.35
Estimated Total Size (MB): 4.99
----------------------------------------------------------------
None
Training started!!
Epoch:0, Loss:0.384649
Epoch:1, Loss:0.358992
Epoch:2, Loss:0.359336
Epoch:3, Loss:0.300380
Epoch:4, Loss:0.300283
Epoch:5, Loss:0.355750
Epoch:6, Loss:0.300721
Epoch:7, Loss:0.364430
Epoch:8, Loss:0.221496
Epoch:9, Loss:0.315882
Epoch:10, Loss:0.345454
Epoch:11, Loss:0.362248
Epoch:12, Loss:0.368909
Epoch:13, Loss:0.428092
Epoch:14, Loss:0.382564
Epoch:15, Loss:0.285535
Epoch:16, Loss:0.364799
Epoch:17, Loss:0.335123
Epoch:18, Loss:0.315112
Epoch:19, Loss:0.283544
Epoch:20, Loss:0.337997
Epoch:21, Loss:0.346927
Epoch:22, Loss:0.260097
Epoch:23, Loss:0.287557
Epoch:24, Loss:0.349486
Epoch:25, Loss:0.273424
Epoch:26, Loss:0.260508
Epoch:27, Loss:0.305910
Epoch:28, Loss:0.276252
Epoch:29, Loss:0.352927
Epoch:30, Loss:0.337914
Epoch:31, Loss:0.341459
Epoch:32, Loss:0.357888
Epoch:33, Loss:0.350165
Epoch:34, Loss:0.411455
Epoch:35, Loss:0.368976
Epoch:36, Loss:0.309608
Epoch:37, Loss:0.417636
Epoch:38, Loss:0.359157
Epoch:39, Loss:0.367890
Epoch:40, Loss:0.366248
Epoch:41, Loss:0.362746
Epoch:42, Loss:0.343161
Epoch:43, Loss:0.343555
Epoch:44, Loss:0.336294
Epoch:45, Loss:0.382313
Epoch:46, Loss:0.345276
Epoch:47, Loss:0.320831
Epoch:48, Loss:0.320252
Epoch:49, Loss:0.351484
Epoch:50, Loss:0.374183
Epoch:51, Loss:0.396413
Epoch:52, Loss:0.352507
Epoch:53, Loss:0.319907
Epoch:54, Loss:0.330172
Epoch:55, Loss:0.356421
Epoch:56, Loss:0.348982
Epoch:57, Loss:0.393734
Epoch:58, Loss:0.306420
Epoch:59, Loss:0.355193
Epoch:60, Loss:0.300019
Epoch:61, Loss:0.358949
Epoch:62, Loss:0.281206
Epoch:63, Loss:0.305957
Epoch:64, Loss:0.387090
Epoch:65, Loss:0.353913
Epoch:66, Loss:0.289039
Epoch:67, Loss:0.361509
Epoch:68, Loss:0.397080
Epoch:69, Loss:0.434089
Epoch:70, Loss:0.452753
Epoch:71, Loss:0.474585
Epoch:72, Loss:0.380483
Epoch:73, Loss:0.348295
Epoch:74, Loss:0.376133
Epoch:75, Loss:0.353352
Epoch:76, Loss:0.372768
Epoch:77, Loss:0.278547
Epoch:78, Loss:0.375919
Epoch:79, Loss:0.392619
Epoch:80, Loss:0.359259
Epoch:81, Loss:0.325940
Epoch:82, Loss:0.419136
Epoch:83, Loss:0.323541
Epoch:84, Loss:0.247786
Epoch:85, Loss:0.397939
Epoch:86, Loss:0.327965
Epoch:87, Loss:0.370372
Epoch:88, Loss:0.332775
Epoch:89, Loss:0.335277
Epoch:90, Loss:0.297887
Epoch:91, Loss:0.133866
Epoch:92, Loss:0.343227
Epoch:93, Loss:0.350825
Epoch:94, Loss:0.321096
Epoch:95, Loss:0.415877
Epoch:96, Loss:0.342699
Epoch:97, Loss:0.341953
Epoch:98, Loss:0.300342
Epoch:99, Loss:0.392705
Epoch:100, Loss:0.362323
Epoch:101, Loss:0.262452
Epoch:102, Loss:0.301682
Epoch:103, Loss:0.412082
Epoch:104, Loss:0.381036
Epoch:105, Loss:0.359923
Epoch:106, Loss:0.334536
Epoch:107, Loss:0.377092
Epoch:108, Loss:0.325242
Epoch:109, Loss:0.338121
Epoch:110, Loss:0.376456
Epoch:111, Loss:0.363535
Epoch:112, Loss:0.350144
Epoch:113, Loss:0.305976
Epoch:114, Loss:0.346169
Epoch:115, Loss:0.327988
Epoch:116, Loss:0.307582
Epoch:117, Loss:0.282312
Epoch:118, Loss:0.279759
Epoch:119, Loss:0.367622
Epoch:120, Loss:0.297251
Epoch:121, Loss:0.300411
Epoch:122, Loss:0.480752
Epoch:123, Loss:0.357279
Epoch:124, Loss:0.283346
Epoch:125, Loss:0.362389
Epoch:126, Loss:0.353155
Epoch:127, Loss:0.373703
Epoch:128, Loss:0.357099
Epoch:129, Loss:0.307006
Epoch:130, Loss:0.386667
Epoch:131, Loss:0.352837
Epoch:132, Loss:0.336603
Epoch:133, Loss:0.315457
Epoch:134, Loss:0.354266
Epoch:135, Loss:0.411008
Epoch:136, Loss:0.385480
Epoch:137, Loss:0.299440
Epoch:138, Loss:0.357792
Epoch:139, Loss:0.311369
Epoch:140, Loss:0.279491
Epoch:141, Loss:0.339354
Epoch:142, Loss:0.355648
Epoch:143, Loss:0.383912
Epoch:144, Loss:0.321838
Epoch:145, Loss:0.339687
Epoch:146, Loss:0.227823
Epoch:147, Loss:0.365787
Epoch:148, Loss:0.347322
Epoch:149, Loss:0.325618
Epoch:150, Loss:0.312849
Epoch:151, Loss:0.335270
Epoch:152, Loss:0.325361
Epoch:153, Loss:0.363586
Epoch:154, Loss:0.305034
Epoch:155, Loss:0.404252
Epoch:156, Loss:0.359647
Epoch:157, Loss:0.246284
Epoch:158, Loss:0.348676
Epoch:159, Loss:0.322451
Epoch:160, Loss:0.348845
Epoch:161, Loss:0.391173
Epoch:162, Loss:0.370383
Epoch:163, Loss:0.494813
Epoch:164, Loss:0.342045
Epoch:165, Loss:0.333649
Epoch:166, Loss:0.310194
Epoch:167, Loss:0.348028
Epoch:168, Loss:0.259334
Epoch:169, Loss:0.390272
Epoch:170, Loss:0.332999
Epoch:171, Loss:0.335826
Epoch:172, Loss:0.330789
Epoch:173, Loss:0.396608
Epoch:174, Loss:0.338851
Epoch:175, Loss:0.415641
Epoch:176, Loss:0.350179
Epoch:177, Loss:0.338753
Epoch:178, Loss:0.350294
Epoch:179, Loss:0.370903
Epoch:180, Loss:0.330962
Epoch:181, Loss:0.344089
Epoch:182, Loss:0.356458
Epoch:183, Loss:0.360382
Epoch:184, Loss:0.377175
Epoch:185, Loss:0.387399
Epoch:186, Loss:0.300230
Epoch:187, Loss:0.380964
Epoch:188, Loss:0.343772
Epoch:189, Loss:0.299160
Epoch:190, Loss:0.380101
Epoch:191, Loss:0.339509
Epoch:192, Loss:0.336302
Epoch:193, Loss:0.342224
Epoch:194, Loss:0.350683
Epoch:195, Loss:0.511085
Epoch:196, Loss:0.356583
Epoch:197, Loss:0.409987
Epoch:198, Loss:0.326348
Epoch:199, Loss:0.323342
Avg Test Loss: 0.3610973619222641
written to: ./results/loss_tracker_diffimg.csv
written to: ./models/30.20231108000431_diffimg.pth
written to: ./models/30.20231108000431_diffimg.pt
Elapsed time: 4250.992977142334 seconds.
