0
First Voltage reconstrcuction
Importing finished!!
cuda is going to be used!!
Dataset loaded!! Length (train dataset) - 6880
----------------------------------------------------------------
        Layer (type)               Output Shape         Param #
================================================================
            Conv2d-1              [-1, 8, 8, 8]              80
              ReLU-2              [-1, 8, 8, 8]               0
            Conv2d-3             [-1, 16, 6, 6]           1,168
              ReLU-4             [-1, 16, 6, 6]               0
            Conv2d-5             [-1, 24, 3, 3]           3,480
              ReLU-6             [-1, 24, 3, 3]               0
           Flatten-7                  [-1, 216]               0
         Unflatten-8             [-1, 24, 3, 3]               0
   ConvTranspose2d-9             [-1, 16, 6, 6]           3,472
             ReLU-10             [-1, 16, 6, 6]               0
  ConvTranspose2d-11              [-1, 8, 8, 8]           1,160
             ReLU-12              [-1, 8, 8, 8]               0
  ConvTranspose2d-13            [-1, 1, 16, 16]              73
================================================================
Total params: 9,433
Trainable params: 9,433
Non-trainable params: 0
----------------------------------------------------------------
Input size (MB): 0.00
Forward/backward pass size (MB): 0.04
Params size (MB): 0.04
Estimated Total Size (MB): 0.08
----------------------------------------------------------------
None
Task: VR_diffimg, Epoch:1, Loss:0.001285
Task: VR_diffimg, Epoch:11, Loss:0.000167
Task: VR_diffimg, Epoch:21, Loss:0.000117
Task: VR_diffimg, Epoch:31, Loss:0.000103
Task: VR_diffimg, Epoch:41, Loss:0.000094
Task: VR_diffimg, Epoch:51, Loss:0.000082
Task: VR_diffimg, Epoch:61, Loss:0.000078
Task: VR_diffimg, Epoch:71, Loss:0.000076
Task: VR_diffimg, Epoch:81, Loss:0.000073
Task: VR_diffimg, Epoch:91, Loss:0.000074
Task: VR_diffimg, Epoch:101, Loss:0.000073
Task: VR_diffimg, Epoch:111, Loss:0.000068
Task: VR_diffimg, Epoch:121, Loss:0.000066
Task: VR_diffimg, Epoch:131, Loss:0.000065
Task: VR_diffimg, Epoch:141, Loss:0.000064
Task: VR_diffimg, Epoch:151, Loss:0.000064
Task: VR_diffimg, Epoch:161, Loss:0.000068
Task: VR_diffimg, Epoch:171, Loss:0.000067
Task: VR_diffimg, Epoch:181, Loss:0.000064
Task: VR_diffimg, Epoch:191, Loss:0.000064
Task: VR_diffimg, Epoch:200, Loss:0.000065
Avg Test Loss: 8.7248160656769e-05
Max Test Loss: 0.0003890458319801837
Min Test Loss: 1.8100719898939133e-05
written to: ./models/diffimg/VR_2_0.20231117042725_diffimg.pth
written to: ./models/diffimg/VR_2_0.20231117042725_diffimg.pt
written to: ./results/loss_tracker_diffimg.csv
Elapsed time: 719.2313027381897 seconds.
