31
Importing finished!!
cuda is going to be used!!
Dataset loaded!!
----------------------------------------------------------------
        Layer (type)               Output Shape         Param #
================================================================
            Conv2d-1           [-1, 32, 16, 16]             320
              ReLU-2           [-1, 32, 16, 16]               0
            Conv2d-3           [-1, 48, 12, 12]          38,448
              ReLU-4           [-1, 48, 12, 12]               0
            Conv2d-5             [-1, 96, 8, 8]          18,528
              ReLU-6             [-1, 96, 8, 8]               0
            Conv2d-7            [-1, 192, 6, 6]         166,080
              ReLU-8            [-1, 192, 6, 6]               0
   ConvTranspose2d-9             [-1, 96, 8, 8]         165,984
             ReLU-10             [-1, 96, 8, 8]               0
  ConvTranspose2d-11           [-1, 48, 12, 12]          18,480
             ReLU-12           [-1, 48, 12, 12]               0
  ConvTranspose2d-13            [-1, 1, 24, 24]             433
           MinMax-14            [-1, 1, 24, 24]               0
================================================================
Total params: 408,273
Trainable params: 408,273
Non-trainable params: 0
----------------------------------------------------------------
Input size (MB): 0.00
Forward/backward pass size (MB): 0.64
Params size (MB): 1.56
Estimated Total Size (MB): 2.20
----------------------------------------------------------------
None
Training started!!
Epoch:0, Loss:0.393081
Epoch:1, Loss:0.306624
Epoch:2, Loss:0.291647
Epoch:3, Loss:0.242269
Epoch:4, Loss:0.370094
Epoch:5, Loss:0.338813
Epoch:6, Loss:0.373071
Epoch:7, Loss:0.388838
Epoch:8, Loss:0.375200
Epoch:9, Loss:0.379903
Epoch:10, Loss:0.386620
Epoch:11, Loss:0.378339
Epoch:12, Loss:0.376924
Epoch:13, Loss:0.343417
Epoch:14, Loss:0.358620
Epoch:15, Loss:0.354762
Epoch:16, Loss:0.365340
Epoch:17, Loss:0.346083
Epoch:18, Loss:0.364688
Epoch:19, Loss:0.326197
Epoch:20, Loss:0.347932
Epoch:21, Loss:0.440073
Epoch:22, Loss:0.330342
Epoch:23, Loss:0.372416
Epoch:24, Loss:0.274259
Epoch:25, Loss:0.365732
Epoch:26, Loss:0.301728
Epoch:27, Loss:0.361650
Epoch:28, Loss:0.379266
Epoch:29, Loss:0.283833
Epoch:30, Loss:0.367150
Epoch:31, Loss:0.387829
Epoch:32, Loss:0.345485
Epoch:33, Loss:0.300675
Epoch:34, Loss:0.307198
Epoch:35, Loss:0.413454
Epoch:36, Loss:0.358499
Epoch:37, Loss:0.291647
Epoch:38, Loss:0.383118
Epoch:39, Loss:0.393736
Epoch:40, Loss:0.340012
Epoch:41, Loss:0.297942
Epoch:42, Loss:0.362241
Epoch:43, Loss:0.354457
Epoch:44, Loss:0.373820
Epoch:45, Loss:0.366420
Epoch:46, Loss:0.277473
Epoch:47, Loss:0.308288
Epoch:48, Loss:0.294617
Epoch:49, Loss:0.386834
Epoch:50, Loss:0.394676
Epoch:51, Loss:0.234974
Epoch:52, Loss:0.358122
Epoch:53, Loss:0.346325
Epoch:54, Loss:0.296475
Epoch:55, Loss:0.318655
Epoch:56, Loss:0.317178
Epoch:57, Loss:0.381759
Epoch:58, Loss:0.385535
Epoch:59, Loss:0.356791
Epoch:60, Loss:0.378003
Epoch:61, Loss:0.266530
Epoch:62, Loss:0.342412
Epoch:63, Loss:0.411487
Epoch:64, Loss:0.354845
Epoch:65, Loss:0.376457
Epoch:66, Loss:0.367177
Epoch:67, Loss:0.386018
Epoch:68, Loss:0.337784
Epoch:69, Loss:0.346863
Epoch:70, Loss:0.313702
Epoch:71, Loss:0.338435
Epoch:72, Loss:0.333465
Epoch:73, Loss:0.368850
Epoch:74, Loss:0.421414
Epoch:75, Loss:0.343334
Epoch:76, Loss:0.305556
Epoch:77, Loss:0.394138
Epoch:78, Loss:0.361142
Epoch:79, Loss:0.352546
Epoch:80, Loss:0.350832
Epoch:81, Loss:0.359949
Epoch:82, Loss:0.329605
Epoch:83, Loss:0.384876
Epoch:84, Loss:0.440495
Epoch:85, Loss:0.286857
Epoch:86, Loss:0.487047
Epoch:87, Loss:0.340055
Epoch:88, Loss:0.299902
Epoch:89, Loss:0.297813
Epoch:90, Loss:0.379934
Epoch:91, Loss:0.176062
Epoch:92, Loss:0.316544
Epoch:93, Loss:0.286904
Epoch:94, Loss:0.319133
Epoch:95, Loss:0.330431
Epoch:96, Loss:0.333261
Epoch:97, Loss:0.280335
Epoch:98, Loss:0.434525
Epoch:99, Loss:0.350752
Epoch:100, Loss:0.383658
Epoch:101, Loss:0.370983
Epoch:102, Loss:0.331651
Epoch:103, Loss:0.370507
Epoch:104, Loss:0.286390
Epoch:105, Loss:0.370012
Epoch:106, Loss:0.376292
Epoch:107, Loss:0.358223
Epoch:108, Loss:0.335129
Epoch:109, Loss:0.348784
Epoch:110, Loss:0.409113
Epoch:111, Loss:0.439170
Epoch:112, Loss:0.306573
Epoch:113, Loss:0.322067
Epoch:114, Loss:0.366257
Epoch:115, Loss:0.322743
Epoch:116, Loss:0.379695
Epoch:117, Loss:0.291050
Epoch:118, Loss:0.360326
Epoch:119, Loss:0.429200
Epoch:120, Loss:0.360834
Epoch:121, Loss:0.365300
Epoch:122, Loss:0.282563
Epoch:123, Loss:0.408252
Epoch:124, Loss:0.323640
Epoch:125, Loss:0.354293
Epoch:126, Loss:0.312654
Epoch:127, Loss:0.336698
Epoch:128, Loss:0.277501
Epoch:129, Loss:0.377366
Epoch:130, Loss:0.340094
Epoch:131, Loss:0.374488
Epoch:132, Loss:0.303546
Epoch:133, Loss:0.350308
Epoch:134, Loss:0.372332
Epoch:135, Loss:0.299006
Epoch:136, Loss:0.362204
Epoch:137, Loss:0.346797
Epoch:138, Loss:0.336570
Epoch:139, Loss:0.421498
Epoch:140, Loss:0.386894
Epoch:141, Loss:0.360045
Epoch:142, Loss:0.362993
Epoch:143, Loss:0.326911
Epoch:144, Loss:0.279874
Epoch:145, Loss:0.374902
Epoch:146, Loss:0.379610
Epoch:147, Loss:0.227945
Epoch:148, Loss:0.373631
Epoch:149, Loss:0.273295
Epoch:150, Loss:0.414247
Epoch:151, Loss:0.442431
Epoch:152, Loss:0.316940
Epoch:153, Loss:0.355812
Epoch:154, Loss:0.315039
Epoch:155, Loss:0.285017
Epoch:156, Loss:0.379522
Epoch:157, Loss:0.333898
Epoch:158, Loss:0.312074
Epoch:159, Loss:0.364360
Epoch:160, Loss:0.315281
Epoch:161, Loss:0.374844
Epoch:162, Loss:0.358103
Epoch:163, Loss:0.449833
Epoch:164, Loss:0.357548
Epoch:165, Loss:0.335360
Epoch:166, Loss:0.322377
Epoch:167, Loss:0.410929
Epoch:168, Loss:0.308827
Epoch:169, Loss:0.300301
Epoch:170, Loss:0.358169
Epoch:171, Loss:0.304683
Epoch:172, Loss:0.346240
Epoch:173, Loss:0.319988
Epoch:174, Loss:0.380193
Epoch:175, Loss:0.360929
Epoch:176, Loss:0.335702
Epoch:177, Loss:0.355833
Epoch:178, Loss:0.378413
Epoch:179, Loss:0.306213
Epoch:180, Loss:0.278885
Epoch:181, Loss:0.307050
Epoch:182, Loss:0.328748
Epoch:183, Loss:0.322346
Epoch:184, Loss:0.436798
Epoch:185, Loss:0.329023
Epoch:186, Loss:0.313913
Epoch:187, Loss:0.332806
Epoch:188, Loss:0.332425
Epoch:189, Loss:0.357883
Epoch:190, Loss:0.305297
Epoch:191, Loss:0.379067
Epoch:192, Loss:0.342355
Epoch:193, Loss:0.285636
Epoch:194, Loss:0.300735
Epoch:195, Loss:0.292379
Epoch:196, Loss:0.319618
Epoch:197, Loss:0.344729
Epoch:198, Loss:0.328487
Epoch:199, Loss:0.363886
Avg Test Loss: 0.3533962541818619
written to: ./results/loss_tracker_diffimg.csv
written to: ./models/31.20231108074906_diffimg.pth
written to: ./models/31.20231108074906_diffimg.pt
Elapsed time: 3025.7037250995636 seconds.
