34.2
decoder_14.2_linearized
Importing finished!!
cuda is going to be used!!
Dataset loaded!!
----------------------------------------------------------------
        Layer (type)               Output Shape         Param #
================================================================
            Conv2d-1           [-1, 48, 12, 12]           1,248
              ReLU-2           [-1, 48, 12, 12]               0
           Flatten-3                 [-1, 6912]               0
            Linear-4                 [-1, 3888]      26,877,744
              ReLU-5                 [-1, 3888]               0
            Linear-6                  [-1, 432]       1,680,048
              ReLU-7                  [-1, 432]               0
            Linear-8                  [-1, 216]          93,528
              ReLU-9                  [-1, 216]               0
        Unflatten-10             [-1, 24, 3, 3]               0
  ConvTranspose2d-11            [-1, 192, 6, 6]          41,664
  ConvTranspose2d-12             [-1, 96, 8, 8]         165,984
             ReLU-13             [-1, 96, 8, 8]               0
  ConvTranspose2d-14           [-1, 48, 12, 12]          18,480
             ReLU-15           [-1, 48, 12, 12]               0
  ConvTranspose2d-16            [-1, 1, 24, 24]             433
             Tanh-17            [-1, 1, 24, 24]               0
================================================================
Total params: 28,879,129
Trainable params: 28,652,568
Non-trainable params: 226,561
----------------------------------------------------------------
Input size (MB): 0.00
Forward/backward pass size (MB): 0.49
Params size (MB): 110.17
Estimated Total Size (MB): 110.66
----------------------------------------------------------------
None
Training started!!
Epoch:0, Loss:0.016175
Epoch:1, Loss:0.015942
Epoch:2, Loss:0.015443
Epoch:3, Loss:0.015459
Epoch:4, Loss:0.015357
Epoch:5, Loss:0.015109
Epoch:6, Loss:0.015315
Epoch:7, Loss:0.015240
Epoch:8, Loss:0.014487
Epoch:9, Loss:0.014331
Epoch:10, Loss:0.013995
Epoch:11, Loss:0.013469
Epoch:12, Loss:0.012740
Epoch:13, Loss:0.011898
Epoch:14, Loss:0.011455
Epoch:15, Loss:0.011964
Epoch:16, Loss:0.012016
Epoch:17, Loss:0.010611
Epoch:18, Loss:0.010446
Epoch:19, Loss:0.009793
Epoch:20, Loss:0.009412
Epoch:21, Loss:0.009709
Epoch:22, Loss:0.009925
Epoch:23, Loss:0.009548
Epoch:24, Loss:0.008751
Epoch:25, Loss:0.008745
Epoch:26, Loss:0.009875
Epoch:27, Loss:0.009668
Epoch:28, Loss:0.010441
Epoch:29, Loss:0.010255
Epoch:30, Loss:0.009922
Epoch:31, Loss:0.009620
Epoch:32, Loss:0.009394
Epoch:33, Loss:0.009539
Epoch:34, Loss:0.009716
Epoch:35, Loss:0.010399
Epoch:36, Loss:0.008602
Epoch:37, Loss:0.008698
Epoch:38, Loss:0.009890
Epoch:39, Loss:0.009932
Epoch:40, Loss:0.009490
Epoch:41, Loss:0.011606
Epoch:42, Loss:0.010393
Epoch:43, Loss:0.010603
Epoch:44, Loss:0.008234
Epoch:45, Loss:0.010295
Epoch:46, Loss:0.008983
Epoch:47, Loss:0.008945
Epoch:48, Loss:0.008863
Epoch:49, Loss:0.009177
Epoch:50, Loss:0.008589
Epoch:51, Loss:0.009440
Epoch:52, Loss:0.009398
Epoch:53, Loss:0.008674
Epoch:54, Loss:0.009449
Epoch:55, Loss:0.008519
Epoch:56, Loss:0.009220
Epoch:57, Loss:0.008464
Epoch:58, Loss:0.007909
Epoch:59, Loss:0.007996
Epoch:60, Loss:0.008535
Epoch:61, Loss:0.007868
Epoch:62, Loss:0.007513
Epoch:63, Loss:0.007968
Epoch:64, Loss:0.009110
Epoch:65, Loss:0.008723
Epoch:66, Loss:0.007937
Epoch:67, Loss:0.007895
Epoch:68, Loss:0.008148
Epoch:69, Loss:0.008770
Epoch:70, Loss:0.009965
Epoch:71, Loss:0.008537
Epoch:72, Loss:0.008259
Epoch:73, Loss:0.007826
Epoch:74, Loss:0.007185
Epoch:75, Loss:0.007253
Epoch:76, Loss:0.007827
Epoch:77, Loss:0.009260
Epoch:78, Loss:0.007077
Epoch:79, Loss:0.008824
Epoch:80, Loss:0.007682
Epoch:81, Loss:0.008737
Epoch:82, Loss:0.006650
Epoch:83, Loss:0.007394
Epoch:84, Loss:0.007645
Epoch:85, Loss:0.007313
Epoch:86, Loss:0.008117
Epoch:87, Loss:0.007669
Epoch:88, Loss:0.008458
Epoch:89, Loss:0.009152
Epoch:90, Loss:0.008304
Epoch:91, Loss:0.008310
Epoch:92, Loss:0.007630
Epoch:93, Loss:0.008015
Epoch:94, Loss:0.007229
Epoch:95, Loss:0.007802
Epoch:96, Loss:0.007929
Epoch:97, Loss:0.007347
Epoch:98, Loss:0.012034
Epoch:99, Loss:0.007575
Epoch:100, Loss:0.009404
Epoch:101, Loss:0.008178
Epoch:102, Loss:0.007389
Epoch:103, Loss:0.007144
Epoch:104, Loss:0.007595
Epoch:105, Loss:0.007536
Epoch:106, Loss:0.006911
Epoch:107, Loss:0.006510
Epoch:108, Loss:0.007237
Epoch:109, Loss:0.008041
Epoch:110, Loss:0.007731
Epoch:111, Loss:0.007378
Epoch:112, Loss:0.006930
Epoch:113, Loss:0.007394
Epoch:114, Loss:0.007726
Epoch:115, Loss:0.007373
Epoch:116, Loss:0.007730
Epoch:117, Loss:0.007060
Epoch:118, Loss:0.007432
Epoch:119, Loss:0.007083
Epoch:120, Loss:0.007237
Epoch:121, Loss:0.007153
Epoch:122, Loss:0.006809
Epoch:123, Loss:0.007897
Epoch:124, Loss:0.008014
Epoch:125, Loss:0.007978
Epoch:126, Loss:0.007220
Epoch:127, Loss:0.007391
Epoch:128, Loss:0.007289
Epoch:129, Loss:0.008083
Epoch:130, Loss:0.006784
Epoch:131, Loss:0.007662
Epoch:132, Loss:0.006890
Epoch:133, Loss:0.006980
Epoch:134, Loss:0.006952
Epoch:135, Loss:0.007786
Epoch:136, Loss:0.007799
Epoch:137, Loss:0.007666
Epoch:138, Loss:0.007522
Epoch:139, Loss:0.007521
Epoch:140, Loss:0.007387
Epoch:141, Loss:0.007704
Epoch:142, Loss:0.008056
Epoch:143, Loss:0.006946
Epoch:144, Loss:0.007682
Epoch:145, Loss:0.007334
Epoch:146, Loss:0.007869
Epoch:147, Loss:0.007568
Epoch:148, Loss:0.007658
Epoch:149, Loss:0.006829
Epoch:150, Loss:0.006559
Epoch:151, Loss:0.008066
Epoch:152, Loss:0.007514
Epoch:153, Loss:0.007381
Epoch:154, Loss:0.007553
Epoch:155, Loss:0.008136
Epoch:156, Loss:0.007454
Epoch:157, Loss:0.007545
Epoch:158, Loss:0.006881
Epoch:159, Loss:0.006220
Epoch:160, Loss:0.007436
Epoch:161, Loss:0.008345
Epoch:162, Loss:0.007319
Epoch:163, Loss:0.006839
Epoch:164, Loss:0.007688
Epoch:165, Loss:0.006432
Epoch:166, Loss:0.007590
Epoch:167, Loss:0.006801
Epoch:168, Loss:0.007404
Epoch:169, Loss:0.006399
Epoch:170, Loss:0.007129
Epoch:171, Loss:0.006573
Epoch:172, Loss:0.006899
Epoch:173, Loss:0.006825
Epoch:174, Loss:0.007720
Epoch:175, Loss:0.006998
Epoch:176, Loss:0.007564
Epoch:177, Loss:0.006423
Epoch:178, Loss:0.006198
Epoch:179, Loss:0.006361
Epoch:180, Loss:0.006330
Epoch:181, Loss:0.007087
Epoch:182, Loss:0.007340
Epoch:183, Loss:0.006474
Epoch:184, Loss:0.006078
Epoch:185, Loss:0.006648
Epoch:186, Loss:0.006534
Epoch:187, Loss:0.006228
Epoch:188, Loss:0.006373
Epoch:189, Loss:0.007371
Epoch:190, Loss:0.006566
Epoch:191, Loss:0.006483
Epoch:192, Loss:0.008735
Epoch:193, Loss:0.006768
Epoch:194, Loss:0.007554
Epoch:195, Loss:0.006575
Epoch:196, Loss:0.005819
Epoch:197, Loss:0.006739
Epoch:198, Loss:0.007721
Epoch:199, Loss:0.005984
Avg Test Loss: 0.01734373098270347
written to: ./results/loss_tracker_diffimg.csv
written to: ./models/34.2.20231110013931_diffimg.pth
written to: ./models/34.2.20231110013931_diffimg.pt
Elapsed time: 2730.3856480121613 seconds.
