32.1
Importing finished!!
cuda is going to be used!!
Dataset loaded!!
----------------------------------------------------------------
        Layer (type)               Output Shape         Param #
================================================================
            Conv2d-1           [-1, 32, 16, 16]             320
              ReLU-2           [-1, 32, 16, 16]               0
            Conv2d-3           [-1, 48, 12, 12]          38,448
              ReLU-4           [-1, 48, 12, 12]               0
            Conv2d-5             [-1, 96, 8, 8]          18,528
              ReLU-6             [-1, 96, 8, 8]               0
            Conv2d-7            [-1, 192, 6, 6]         166,080
              ReLU-8            [-1, 192, 6, 6]               0
   ConvTranspose2d-9             [-1, 96, 8, 8]         165,984
             ReLU-10             [-1, 96, 8, 8]               0
  ConvTranspose2d-11           [-1, 48, 12, 12]          18,480
             ReLU-12           [-1, 48, 12, 12]               0
  ConvTranspose2d-13            [-1, 1, 24, 24]             433
           MinMax-14            [-1, 1, 24, 24]               0
================================================================
Total params: 408,273
Trainable params: 408,273
Non-trainable params: 0
----------------------------------------------------------------
Input size (MB): 0.00
Forward/backward pass size (MB): 0.64
Params size (MB): 1.56
Estimated Total Size (MB): 2.20
----------------------------------------------------------------
None
Training started!!
Epoch:0, Loss:0.284814
Epoch:1, Loss:0.279960
Epoch:2, Loss:0.273845
Epoch:3, Loss:0.267082
Epoch:4, Loss:0.258944
Epoch:5, Loss:0.255940
Epoch:6, Loss:0.252718
Epoch:7, Loss:0.253247
Epoch:8, Loss:0.252491
Epoch:9, Loss:0.250992
Epoch:10, Loss:0.251403
Epoch:11, Loss:0.250431
Epoch:12, Loss:0.248766
Epoch:13, Loss:0.249411
Epoch:14, Loss:0.249407
Epoch:15, Loss:0.249067
Epoch:16, Loss:0.250837
Epoch:17, Loss:0.250089
Epoch:18, Loss:0.248962
Epoch:19, Loss:0.250054
Epoch:20, Loss:0.247133
Epoch:21, Loss:0.246637
Epoch:22, Loss:0.247235
Epoch:23, Loss:0.248141
Epoch:24, Loss:0.246971
Epoch:25, Loss:0.247370
Epoch:26, Loss:0.246323
Epoch:27, Loss:0.245484
Epoch:28, Loss:0.248366
Epoch:29, Loss:0.246278
Epoch:30, Loss:0.243657
Epoch:31, Loss:0.244215
Epoch:32, Loss:0.247668
Epoch:33, Loss:0.240777
Epoch:34, Loss:0.238981
Epoch:35, Loss:0.239172
Epoch:36, Loss:0.238654
Epoch:37, Loss:0.230760
Epoch:38, Loss:0.232883
Epoch:39, Loss:0.228425
Epoch:40, Loss:0.228239
Epoch:41, Loss:0.218189
Epoch:42, Loss:0.220505
Epoch:43, Loss:0.203559
Epoch:44, Loss:0.201252
Epoch:45, Loss:0.202782
Epoch:46, Loss:0.202700
Epoch:47, Loss:0.196671
Epoch:48, Loss:0.196789
Epoch:49, Loss:0.212643
Epoch:50, Loss:0.186493
Epoch:51, Loss:0.190470
Epoch:52, Loss:0.194928
Epoch:53, Loss:0.200242
Epoch:54, Loss:0.202205
Epoch:55, Loss:0.185137
Epoch:56, Loss:0.185294
Epoch:57, Loss:0.171191
Epoch:58, Loss:0.191411
Epoch:59, Loss:0.179282
Epoch:60, Loss:0.196174
Epoch:61, Loss:0.159540
Epoch:62, Loss:0.163835
Epoch:63, Loss:0.182011
Epoch:64, Loss:0.159315
Epoch:65, Loss:0.167959
Epoch:66, Loss:0.135576
Epoch:67, Loss:0.148753
Epoch:68, Loss:0.147582
Epoch:69, Loss:0.149277
Epoch:70, Loss:0.145035
Epoch:71, Loss:0.132502
Epoch:72, Loss:0.142311
Epoch:73, Loss:0.134275
Epoch:74, Loss:0.146668
Epoch:75, Loss:0.129738
Epoch:76, Loss:0.127339
Epoch:77, Loss:0.117066
Epoch:78, Loss:0.147243
Epoch:79, Loss:0.153361
Epoch:80, Loss:0.131524
Epoch:81, Loss:0.124547
Epoch:82, Loss:0.116034
Epoch:83, Loss:0.123222
Epoch:84, Loss:0.114190
Epoch:85, Loss:0.115659
Epoch:86, Loss:0.117582
Epoch:87, Loss:0.128288
Epoch:88, Loss:0.117063
Epoch:89, Loss:0.104731
Epoch:90, Loss:0.114663
Epoch:91, Loss:0.112426
Epoch:92, Loss:0.103483
Epoch:93, Loss:0.101701
Epoch:94, Loss:0.103066
Epoch:95, Loss:0.128881
Epoch:96, Loss:0.119226
Epoch:97, Loss:0.109154
Epoch:98, Loss:0.109759
Epoch:99, Loss:0.099979
Epoch:100, Loss:0.112843
Epoch:101, Loss:0.109414
Epoch:102, Loss:0.110431
Epoch:103, Loss:0.108577
Epoch:104, Loss:0.109979
Epoch:105, Loss:0.122737
Epoch:106, Loss:0.130996
Epoch:107, Loss:0.108497
Epoch:108, Loss:0.112361
Epoch:109, Loss:0.150422
Epoch:110, Loss:0.134869
Epoch:111, Loss:0.126715
Epoch:112, Loss:0.111958
Epoch:113, Loss:0.104077
Epoch:114, Loss:0.157593
Epoch:115, Loss:0.113436
Epoch:116, Loss:0.134620
Epoch:117, Loss:0.136464
Epoch:118, Loss:0.134544
Epoch:119, Loss:0.120662
Epoch:120, Loss:0.122246
Epoch:121, Loss:0.120745
Epoch:122, Loss:0.127706
Epoch:123, Loss:0.123673
Epoch:124, Loss:0.133709
Epoch:125, Loss:0.117963
Epoch:126, Loss:0.109385
Epoch:127, Loss:0.148243
Epoch:128, Loss:0.105625
Epoch:129, Loss:0.114215
Epoch:130, Loss:0.116891
Epoch:131, Loss:0.102235
Epoch:132, Loss:0.124479
Epoch:133, Loss:0.122319
Epoch:134, Loss:0.129521
Epoch:135, Loss:0.112581
Epoch:136, Loss:0.108841
Epoch:137, Loss:0.096981
Epoch:138, Loss:0.118501
Epoch:139, Loss:0.127337
Epoch:140, Loss:0.133755
Epoch:141, Loss:0.111173
Epoch:142, Loss:0.120841
Epoch:143, Loss:0.102958
Epoch:144, Loss:0.131477
Epoch:145, Loss:0.129624
Epoch:146, Loss:0.120683
Epoch:147, Loss:0.109156
Epoch:148, Loss:0.107949
Epoch:149, Loss:0.104641
Epoch:150, Loss:0.107379
Epoch:151, Loss:0.112582
Epoch:152, Loss:0.116013
Epoch:153, Loss:0.124702
Epoch:154, Loss:0.116302
Epoch:155, Loss:0.116656
Epoch:156, Loss:0.093728
Epoch:157, Loss:0.111482
Epoch:158, Loss:0.126650
Epoch:159, Loss:0.117651
Epoch:160, Loss:0.090087
Epoch:161, Loss:0.122935
Epoch:162, Loss:0.118531
Epoch:163, Loss:0.112055
Epoch:164, Loss:0.115477
Epoch:165, Loss:0.116774
Epoch:166, Loss:0.097641
Epoch:167, Loss:0.093925
Epoch:168, Loss:0.106521
Epoch:169, Loss:0.087802
Epoch:170, Loss:0.097770
Epoch:171, Loss:0.096084
Epoch:172, Loss:0.088565
Epoch:173, Loss:0.104508
Epoch:174, Loss:0.091132
Epoch:175, Loss:0.108799
Epoch:176, Loss:0.095023
Epoch:177, Loss:0.104286
Epoch:178, Loss:0.107662
Epoch:179, Loss:0.099028
Epoch:180, Loss:0.098682
Epoch:181, Loss:0.123874
Epoch:182, Loss:0.123296
Epoch:183, Loss:0.128099
Epoch:184, Loss:0.114866
Epoch:185, Loss:0.129169
Epoch:186, Loss:0.121659
Epoch:187, Loss:0.137017
Epoch:188, Loss:0.157417
Epoch:189, Loss:0.129248
Epoch:190, Loss:0.113931
Epoch:191, Loss:0.159792
Epoch:192, Loss:0.130299
Epoch:193, Loss:0.137658
Epoch:194, Loss:0.117584
Epoch:195, Loss:0.117116
Epoch:196, Loss:0.128541
Epoch:197, Loss:0.149775
Epoch:198, Loss:0.147911
Epoch:199, Loss:0.156882
Avg Test Loss: 0.3503832828005155
written to: ./results/loss_tracker_diffimg.csv
written to: ./models/32.1.20231108163920_diffimg.pth
written to: ./models/32.1.20231108163920_diffimg.pt
Elapsed time: 2974.5638177394867 seconds.
