35
Reconstructor - reedited
Importing finished!!
cuda is going to be used!!
Dataset loaded!! Length (train dataset) - 6880
----------------------------------------------------------------
        Layer (type)               Output Shape         Param #
================================================================
           Flatten-1                  [-1, 256]               0
            Linear-2                  [-1, 576]         148,032
         Unflatten-3            [-1, 1, 24, 24]               0
            Conv2d-4           [-1, 32, 12, 12]             320
              ReLU-5           [-1, 32, 12, 12]               0
            Conv2d-6             [-1, 64, 6, 6]          18,496
              ReLU-7             [-1, 64, 6, 6]               0
            Conv2d-8            [-1, 128, 3, 3]          73,856
              ReLU-9            [-1, 128, 3, 3]               0
           Conv2d-10            [-1, 256, 1, 1]         131,328
             ReLU-11            [-1, 256, 1, 1]               0
          Flatten-12                  [-1, 256]               0
        Unflatten-13            [-1, 256, 1, 1]               0
  ConvTranspose2d-14            [-1, 128, 3, 3]         131,200
             ReLU-15            [-1, 128, 3, 3]               0
  ConvTranspose2d-16             [-1, 64, 6, 6]          73,792
             ReLU-17             [-1, 64, 6, 6]               0
  ConvTranspose2d-18           [-1, 32, 12, 12]          18,464
             ReLU-19           [-1, 32, 12, 12]               0
  ConvTranspose2d-20            [-1, 1, 24, 24]             289
================================================================
Total params: 595,777
Trainable params: 595,777
Non-trainable params: 0
----------------------------------------------------------------
Input size (MB): 0.00
Forward/backward pass size (MB): 0.27
Params size (MB): 2.27
Estimated Total Size (MB): 2.54
----------------------------------------------------------------
None
Task: diffimg, Epoch:1, Loss:0.000355
Task: diffimg, Epoch:11, Loss:0.000371
Task: diffimg, Epoch:21, Loss:0.000371
Task: diffimg, Epoch:31, Loss:0.000371
Task: diffimg, Epoch:41, Loss:0.000371
Task: diffimg, Epoch:51, Loss:0.000371
Task: diffimg, Epoch:61, Loss:0.000371
Task: diffimg, Epoch:71, Loss:0.000371
Task: diffimg, Epoch:81, Loss:0.000371
Task: diffimg, Epoch:91, Loss:0.000371
Task: diffimg, Epoch:101, Loss:0.000371
Task: diffimg, Epoch:111, Loss:0.000371
Task: diffimg, Epoch:121, Loss:0.000371
Task: diffimg, Epoch:131, Loss:0.000371
Task: diffimg, Epoch:141, Loss:0.000371
Task: diffimg, Epoch:151, Loss:0.000371
Task: diffimg, Epoch:161, Loss:0.000371
Task: diffimg, Epoch:171, Loss:0.000371
Task: diffimg, Epoch:181, Loss:0.000371
Task: diffimg, Epoch:191, Loss:0.000371
Task: diffimg, Epoch:200, Loss:0.000371
Avg Test Loss: 0.0003271629217251334
Max Test Loss: 0.0009838271653279662
Min Test Loss: 2.3291966499527916e-05
written to: ./models/diffimg/2_35.20231117040704_diffimg.pth
written to: ./models/diffimg/2_35.20231117040704_diffimg.pt
written to: ./results/loss_tracker_diffimg.csv
Elapsed time: 914.0748434066772 seconds.
