33
31_wz_14.1
Importing finished!!
cuda is going to be used!!
Dataset loaded!!
----------------------------------------------------------------
        Layer (type)               Output Shape         Param #
================================================================
            Conv2d-1           [-1, 32, 16, 16]             320
              ReLU-2           [-1, 32, 16, 16]               0
            Conv2d-3           [-1, 48, 12, 12]          38,448
              ReLU-4           [-1, 48, 12, 12]               0
            Conv2d-5             [-1, 96, 8, 8]          18,528
              ReLU-6             [-1, 96, 8, 8]               0
            Conv2d-7            [-1, 192, 6, 6]         166,080
              ReLU-8            [-1, 192, 6, 6]               0
            Conv2d-9             [-1, 12, 3, 3]          20,748
             ReLU-10             [-1, 12, 3, 3]               0
          Flatten-11                  [-1, 108]               0
        Unflatten-12             [-1, 12, 3, 3]               0
  ConvTranspose2d-13            [-1, 192, 6, 6]          20,928
  ConvTranspose2d-14             [-1, 96, 8, 8]         165,984
             ReLU-15             [-1, 96, 8, 8]               0
  ConvTranspose2d-16           [-1, 48, 12, 12]          18,480
             ReLU-17           [-1, 48, 12, 12]               0
  ConvTranspose2d-18            [-1, 1, 24, 24]             433
             Tanh-19            [-1, 1, 24, 24]               0
================================================================
Total params: 449,949
Trainable params: 244,124
Non-trainable params: 205,825
----------------------------------------------------------------
Input size (MB): 0.00
Forward/backward pass size (MB): 0.69
Params size (MB): 1.72
Estimated Total Size (MB): 2.41
----------------------------------------------------------------
None
Training started!!
Epoch:0, Loss:0.016144
Epoch:1, Loss:0.016207
Epoch:2, Loss:0.016224
Epoch:3, Loss:0.016157
Epoch:4, Loss:0.016230
Epoch:5, Loss:0.015975
Epoch:6, Loss:0.015505
Epoch:7, Loss:0.015111
Epoch:8, Loss:0.014576
Epoch:9, Loss:0.014393
Epoch:10, Loss:0.014380
Epoch:11, Loss:0.014007
Epoch:12, Loss:0.013671
Epoch:13, Loss:0.013753
Epoch:14, Loss:0.013004
Epoch:15, Loss:0.012605
Epoch:16, Loss:0.012939
Epoch:17, Loss:0.012193
Epoch:18, Loss:0.011835
Epoch:19, Loss:0.011598
Epoch:20, Loss:0.011327
Epoch:21, Loss:0.010985
Epoch:22, Loss:0.010298
Epoch:23, Loss:0.009066
Epoch:24, Loss:0.008926
Epoch:25, Loss:0.008426
Epoch:26, Loss:0.008619
Epoch:27, Loss:0.008265
Epoch:28, Loss:0.009028
Epoch:29, Loss:0.008287
Epoch:30, Loss:0.008931
Epoch:31, Loss:0.007685
Epoch:32, Loss:0.008452
Epoch:33, Loss:0.007201
Epoch:34, Loss:0.007802
Epoch:35, Loss:0.007446
Epoch:36, Loss:0.007946
Epoch:37, Loss:0.007548
Epoch:38, Loss:0.007386
Epoch:39, Loss:0.007380
Epoch:40, Loss:0.006803
Epoch:41, Loss:0.006631
Epoch:42, Loss:0.006555
Epoch:43, Loss:0.007871
Epoch:44, Loss:0.006947
Epoch:45, Loss:0.007272
Epoch:46, Loss:0.007093
Epoch:47, Loss:0.008301
Epoch:48, Loss:0.006705
Epoch:49, Loss:0.006655
Epoch:50, Loss:0.007851
Epoch:51, Loss:0.007187
Epoch:52, Loss:0.007495
Epoch:53, Loss:0.007576
Epoch:54, Loss:0.008622
Epoch:55, Loss:0.007742
Epoch:56, Loss:0.007585
Epoch:57, Loss:0.008874
Epoch:58, Loss:0.008367
Epoch:59, Loss:0.007490
Epoch:60, Loss:0.007886
Epoch:61, Loss:0.006983
Epoch:62, Loss:0.008801
Epoch:63, Loss:0.007495
Epoch:64, Loss:0.007994
Epoch:65, Loss:0.006465
Epoch:66, Loss:0.007434
Epoch:67, Loss:0.008255
Epoch:68, Loss:0.010387
Epoch:69, Loss:0.007956
Epoch:70, Loss:0.007930
Epoch:71, Loss:0.009410
Epoch:72, Loss:0.007596
Epoch:73, Loss:0.008712
Epoch:74, Loss:0.009223
Epoch:75, Loss:0.007232
Epoch:76, Loss:0.009454
Epoch:77, Loss:0.007693
Epoch:78, Loss:0.008421
Epoch:79, Loss:0.008011
Epoch:80, Loss:0.008396
Epoch:81, Loss:0.008469
Epoch:82, Loss:0.007699
Epoch:83, Loss:0.009630
Epoch:84, Loss:0.007844
Epoch:85, Loss:0.009579
Epoch:86, Loss:0.006764
Epoch:87, Loss:0.007735
Epoch:88, Loss:0.008337
Epoch:89, Loss:0.007942
Epoch:90, Loss:0.009983
Epoch:91, Loss:0.007311
Epoch:92, Loss:0.010460
Epoch:93, Loss:0.008986
Epoch:94, Loss:0.007876
Epoch:95, Loss:0.011202
Epoch:96, Loss:0.008348
Epoch:97, Loss:0.009553
Epoch:98, Loss:0.008268
Epoch:99, Loss:0.009535
Epoch:100, Loss:0.008928
Epoch:101, Loss:0.009723
Epoch:102, Loss:0.010106
Epoch:103, Loss:0.010266
Epoch:104, Loss:0.007728
Epoch:105, Loss:0.008080
Epoch:106, Loss:0.010161
Epoch:107, Loss:0.007008
Epoch:108, Loss:0.009948
Epoch:109, Loss:0.008650
Epoch:110, Loss:0.009223
Epoch:111, Loss:0.011556
Epoch:112, Loss:0.009940
Epoch:113, Loss:0.012399
Epoch:114, Loss:0.008974
Epoch:115, Loss:0.009044
Epoch:116, Loss:0.010733
Epoch:117, Loss:0.009167
Epoch:118, Loss:0.008527
Epoch:119, Loss:0.010401
Epoch:120, Loss:0.009066
Epoch:121, Loss:0.007871
Epoch:122, Loss:0.008400
Epoch:123, Loss:0.008821
Epoch:124, Loss:0.009051
Epoch:125, Loss:0.009150
Epoch:126, Loss:0.010237
Epoch:127, Loss:0.008084
Epoch:128, Loss:0.008656
Epoch:129, Loss:0.008032
Epoch:130, Loss:0.007617
Epoch:131, Loss:0.008543
Epoch:132, Loss:0.006856
Epoch:133, Loss:0.008139
Epoch:134, Loss:0.010512
Epoch:135, Loss:0.008032
Epoch:136, Loss:0.009497
Epoch:137, Loss:0.007317
Epoch:138, Loss:0.011760
Epoch:139, Loss:0.008985
Epoch:140, Loss:0.009671
Epoch:141, Loss:0.009309
Epoch:142, Loss:0.009858
Epoch:143, Loss:0.007260
Epoch:144, Loss:0.009194
Epoch:145, Loss:0.013073
Epoch:146, Loss:0.009505
Epoch:147, Loss:0.009605
Epoch:148, Loss:0.009412
Epoch:149, Loss:0.010305
Epoch:150, Loss:0.012209
Epoch:151, Loss:0.009613
Epoch:152, Loss:0.010440
Epoch:153, Loss:0.009124
Epoch:154, Loss:0.010351
Epoch:155, Loss:0.010613
Epoch:156, Loss:0.010618
Epoch:157, Loss:0.012674
Epoch:158, Loss:0.009990
Epoch:159, Loss:0.009010
Epoch:160, Loss:0.008968
Epoch:161, Loss:0.008003
Epoch:162, Loss:0.010591
Epoch:163, Loss:0.009102
Epoch:164, Loss:0.010203
Epoch:165, Loss:0.008620
Epoch:166, Loss:0.009306
Epoch:167, Loss:0.009919
Epoch:168, Loss:0.009484
Epoch:169, Loss:0.008489
Epoch:170, Loss:0.007267
Epoch:171, Loss:0.007554
Epoch:172, Loss:0.009157
Epoch:173, Loss:0.008488
Epoch:174, Loss:0.011318
Epoch:175, Loss:0.008575
Epoch:176, Loss:0.008593
Epoch:177, Loss:0.008312
Epoch:178, Loss:0.008797
Epoch:179, Loss:0.008504
Epoch:180, Loss:0.010192
Epoch:181, Loss:0.008570
Epoch:182, Loss:0.008311
Epoch:183, Loss:0.008169
Epoch:184, Loss:0.008440
Epoch:185, Loss:0.008310
Epoch:186, Loss:0.011633
Epoch:187, Loss:0.009061
Epoch:188, Loss:0.007662
Epoch:189, Loss:0.008469
Epoch:190, Loss:0.007852
Epoch:191, Loss:0.009127
Epoch:192, Loss:0.008319
Epoch:193, Loss:0.008334
Epoch:194, Loss:0.006668
Epoch:195, Loss:0.006898
Epoch:196, Loss:0.007208
Epoch:197, Loss:0.007392
Epoch:198, Loss:0.007041
Epoch:199, Loss:0.007988
Avg Test Loss: 0.016840461387997493
written to: ./results/loss_tracker_diffimg.csv
written to: ./models/33.20231109214217_diffimg.pth
written to: ./models/33.20231109214217_diffimg.pt
Elapsed time: 1678.6940672397614 seconds.
