28
Importing finished!!
cuda is going to be used!!
Dataset loaded!!
----------------------------------------------------------------
        Layer (type)               Output Shape         Param #
================================================================
            Conv2d-1           [-1, 32, 16, 16]             320
              ReLU-2           [-1, 32, 16, 16]               0
            Conv2d-3           [-1, 32, 16, 16]           9,248
            Conv2d-4           [-1, 32, 16, 16]              64
              ReLU-5           [-1, 32, 16, 16]               0
     ResidualBlock-6           [-1, 32, 16, 16]               0
            Conv2d-7           [-1, 48, 12, 12]          38,448
              ReLU-8           [-1, 48, 12, 12]               0
            Conv2d-9           [-1, 48, 12, 12]          20,784
           Conv2d-10           [-1, 48, 16, 16]           1,584
             ReLU-11           [-1, 48, 12, 12]               0
    ResidualBlock-12           [-1, 48, 12, 12]               0
           Conv2d-13             [-1, 96, 8, 8]          18,528
             ReLU-14             [-1, 96, 8, 8]               0
           Conv2d-15            [-1, 192, 6, 6]         166,080
             ReLU-16            [-1, 192, 6, 6]               0
  ConvTranspose2d-17             [-1, 96, 8, 8]         165,984
             ReLU-18             [-1, 96, 8, 8]               0
  ConvTranspose2d-19           [-1, 48, 12, 12]          18,480
             ReLU-20           [-1, 48, 12, 12]               0
  ConvTranspose2d-21            [-1, 1, 24, 24]             433
================================================================
Total params: 439,953
Trainable params: 70,448
Non-trainable params: 369,505
----------------------------------------------------------------
Input size (MB): 0.00
Forward/backward pass size (MB): 1.14
Params size (MB): 1.68
Estimated Total Size (MB): 2.81
----------------------------------------------------------------
None
Training started!!
Epoch:0, Loss:0.348827
Epoch:20, Loss:0.373559
Epoch:40, Loss:0.322551
Epoch:60, Loss:0.381930
Epoch:80, Loss:0.305606
Epoch:100, Loss:0.351668
Epoch:120, Loss:0.426164
Epoch:140, Loss:0.381079
Epoch:160, Loss:0.358421
Epoch:180, Loss:0.366975
Avg Test Loss: 0.3635039210636565
written to: ./results/loss_tracker_diffimg.csv
written to: ./models/28.20231103010452_diffimg.pth
written to: ./models/28.20231103010452_diffimg.pt
Elapsed time: 4005.5351164340973 seconds.
