15
2 cond LR mapping
Importing finished!!
cuda is going to be used!!
Dataset loaded!! Length (train dataset) - 6880
----------------------------------------------------------------
        Layer (type)               Output Shape         Param #
================================================================
            Conv2d-1              [-1, 8, 8, 8]              80
            Conv2d-2              [-1, 8, 8, 8]              80
              ReLU-3              [-1, 8, 8, 8]               0
              ReLU-4              [-1, 8, 8, 8]               0
            Conv2d-5             [-1, 16, 6, 6]           1,168
            Conv2d-6             [-1, 16, 6, 6]           1,168
              ReLU-7             [-1, 16, 6, 6]               0
              ReLU-8             [-1, 16, 6, 6]               0
            Conv2d-9             [-1, 24, 3, 3]           3,480
           Conv2d-10             [-1, 24, 3, 3]           3,480
             ReLU-11             [-1, 24, 3, 3]               0
             ReLU-12             [-1, 24, 3, 3]               0
          Flatten-13                  [-1, 216]               0
          Flatten-14                  [-1, 216]               0
           Linear-15                  [-1, 108]          23,436
             ReLU-16                  [-1, 108]               0
           Linear-17                  [-1, 216]          23,544
        Unflatten-18             [-1, 24, 3, 3]               0
        Unflatten-19             [-1, 24, 3, 3]               0
  ConvTranspose2d-20            [-1, 192, 6, 6]          41,664
  ConvTranspose2d-21            [-1, 192, 6, 6]          41,664
  ConvTranspose2d-22             [-1, 96, 8, 8]         165,984
  ConvTranspose2d-23             [-1, 96, 8, 8]         165,984
             ReLU-24             [-1, 96, 8, 8]               0
             ReLU-25             [-1, 96, 8, 8]               0
  ConvTranspose2d-26           [-1, 48, 12, 12]          18,480
  ConvTranspose2d-27           [-1, 48, 12, 12]          18,480
             ReLU-28           [-1, 48, 12, 12]               0
             ReLU-29           [-1, 48, 12, 12]               0
  ConvTranspose2d-30            [-1, 1, 24, 24]             433
  ConvTranspose2d-31            [-1, 1, 24, 24]             433
================================================================
Total params: 509,558
Trainable params: 46,980
Non-trainable params: 462,578
----------------------------------------------------------------
Input size (MB): 0.00
Forward/backward pass size (MB): 0.56
Params size (MB): 1.94
Estimated Total Size (MB): 2.51
----------------------------------------------------------------
None
Task: VR_diffimg, Epoch:1, Loss (Total):0.000366              	Loss (Mapping): 0.004599
Task: VR_diffimg, Epoch:11, Loss (Total):0.000365              	Loss (Mapping): 0.004608
Task: VR_diffimg, Epoch:21, Loss (Total):0.000365              	Loss (Mapping): 0.004606
Task: VR_diffimg, Epoch:31, Loss (Total):0.000366              	Loss (Mapping): 0.004604
Task: VR_diffimg, Epoch:41, Loss (Total):0.000365              	Loss (Mapping): 0.004616
Task: VR_diffimg, Epoch:51, Loss (Total):0.000366              	Loss (Mapping): 0.004614
Task: VR_diffimg, Epoch:61, Loss (Total):0.000366              	Loss (Mapping): 0.004623
Task: VR_diffimg, Epoch:71, Loss (Total):0.000365              	Loss (Mapping): 0.004614
Task: VR_diffimg, Epoch:81, Loss (Total):0.000365              	Loss (Mapping): 0.004612
Task: VR_diffimg, Epoch:91, Loss (Total):0.000365              	Loss (Mapping): 0.004617
Task: VR_diffimg, Epoch:101, Loss (Total):0.000365              	Loss (Mapping): 0.004611
Task: VR_diffimg, Epoch:111, Loss (Total):0.000366              	Loss (Mapping): 0.004623
Task: VR_diffimg, Epoch:121, Loss (Total):0.000366              	Loss (Mapping): 0.004612
Task: VR_diffimg, Epoch:131, Loss (Total):0.000366              	Loss (Mapping): 0.004607
Task: VR_diffimg, Epoch:141, Loss (Total):0.000365              	Loss (Mapping): 0.004616
Task: VR_diffimg, Epoch:151, Loss (Total):0.000366              	Loss (Mapping): 0.004609
Task: VR_diffimg, Epoch:161, Loss (Total):0.000365              	Loss (Mapping): 0.004610
Task: VR_diffimg, Epoch:171, Loss (Total):0.000366              	Loss (Mapping): 0.004617
Task: VR_diffimg, Epoch:181, Loss (Total):0.000366              	Loss (Mapping): 0.004619
Task: VR_diffimg, Epoch:191, Loss (Total):0.000366              	Loss (Mapping): 0.004620
Task: VR_diffimg, Epoch:200, Loss (Total):0.000365              	Loss (Mapping): 0.004601
Avg Test Loss: 0.00032730779614296827
Max Test Loss: 0.0009808705653995275
Min Test Loss: 2.3158459953265265e-05
Traceback (most recent call last):
  File "/home/kunet.ae/100053678/eit/autoencoders/diffimg.py", line 125, in <module>
    torch.save(diffrecon.state_dict(), MODEL_STATEDICT_SAVE_PATH)
               ^^^^^^^^^
NameError: name 'diffrecon' is not defined
