21.3
Intention: reconstructed
Importing finished!!
cuda is going to be used!!
Dataset loaded!!
----------------------------------------------------------------
        Layer (type)               Output Shape         Param #
================================================================
            Conv2d-1           [-1, 32, 12, 12]             320
              ReLU-2           [-1, 32, 12, 12]               0
            Conv2d-3             [-1, 64, 6, 6]          18,496
              ReLU-4             [-1, 64, 6, 6]               0
            Conv2d-5            [-1, 128, 3, 3]          73,856
              ReLU-6            [-1, 128, 3, 3]               0
            Conv2d-7            [-1, 256, 1, 1]         131,328
              ReLU-8            [-1, 256, 1, 1]               0
           Flatten-9                  [-1, 256]               0
        Unflatten-10            [-1, 256, 1, 1]               0
  ConvTranspose2d-11            [-1, 128, 3, 3]         131,200
             ReLU-12            [-1, 128, 3, 3]               0
  ConvTranspose2d-13             [-1, 64, 6, 6]          73,792
             ReLU-14             [-1, 64, 6, 6]               0
  ConvTranspose2d-15           [-1, 32, 12, 12]          18,464
             ReLU-16           [-1, 32, 12, 12]               0
  ConvTranspose2d-17            [-1, 1, 24, 24]             289
             Tanh-18            [-1, 1, 24, 24]               0
================================================================
Total params: 447,745
Trainable params: 447,745
Non-trainable params: 0
----------------------------------------------------------------
Input size (MB): 0.00
Forward/backward pass size (MB): 0.26
Params size (MB): 1.71
Estimated Total Size (MB): 1.97
----------------------------------------------------------------
None
Training started!! - Reconstruction
Epoch:0, Loss:0.012775
Epoch:20, Loss:0.011347
Epoch:40, Loss:0.011313
Epoch:60, Loss:0.011262
Epoch:80, Loss:0.011393
Epoch:100, Loss:0.011243
Epoch:120, Loss:0.011236
Epoch:140, Loss:0.011284
Epoch:160, Loss:0.011340
Epoch:180, Loss:0.011316
Last Epoch:199, Loss:0.011319
Avg Test Loss: 0.006953726917563472
written to: ./results/loss_tracker_diffimg.csv
written to: ./models/img/21.3.20231109101029.pth
written to: ./models/img/21.3.20231109101029.pt
Elapsed time: 1640.9118647575378 seconds.
