14.2.1
removed tanh 2 cond
Importing finished!!
cuda is going to be used!!
Dataset loaded!! Length (train dataset) - <utils.classes.DiffImg object at 0x14d5202a9850>
----------------------------------------------------------------
        Layer (type)               Output Shape         Param #
================================================================
            Conv2d-1           [-1, 48, 12, 12]             480
              ReLU-2           [-1, 48, 12, 12]               0
            Conv2d-3             [-1, 96, 8, 8]          18,528
              ReLU-4             [-1, 96, 8, 8]               0
            Conv2d-5            [-1, 192, 6, 6]         166,080
              ReLU-6            [-1, 192, 6, 6]               0
            Conv2d-7             [-1, 24, 3, 3]          41,496
              ReLU-8             [-1, 24, 3, 3]               0
           Flatten-9                  [-1, 216]               0
        Unflatten-10             [-1, 24, 3, 3]               0
  ConvTranspose2d-11            [-1, 192, 6, 6]          41,664
  ConvTranspose2d-12             [-1, 96, 8, 8]         165,984
             ReLU-13             [-1, 96, 8, 8]               0
  ConvTranspose2d-14           [-1, 48, 12, 12]          18,480
             ReLU-15           [-1, 48, 12, 12]               0
  ConvTranspose2d-16            [-1, 1, 24, 24]             433
================================================================
Total params: 453,145
Trainable params: 83,160
Non-trainable params: 369,985
----------------------------------------------------------------
Input size (MB): 0.00
Forward/backward pass size (MB): 0.57
Params size (MB): 1.73
Estimated Total Size (MB): 2.30
----------------------------------------------------------------
None
Training started!! - Reconstruction
Epoch:0, Loss:0.000077
Epoch:10, Loss:0.000056
Epoch:20, Loss:0.000055
Epoch:30, Loss:0.000055
Epoch:40, Loss:0.000055
Epoch:50, Loss:0.000055
Epoch:60, Loss:0.000055
Epoch:70, Loss:0.000055
Epoch:80, Loss:0.000055
Epoch:90, Loss:0.000055
Epoch:99, Loss:0.000054
Avg Test Loss: 4.845544663535399e-05
Max Test Loss: 6.487333303084597e-05
Min Test Loss: 3.400098285055719e-05
written to: ./results/loss_tracker_img.csv
written to: ./models/img/2_14.2.1.20231116193059_img.pth
written to: ./models/img/2_14.2.1.20231116193059_img.pt
Elapsed time: 106.46966338157654 seconds.
