14.2.1
removed tanh on 4 cond
Importing finished!!
cuda is going to be used!!
Dataset loaded!!
----------------------------------------------------------------
        Layer (type)               Output Shape         Param #
================================================================
            Conv2d-1           [-1, 48, 12, 12]             480
              ReLU-2           [-1, 48, 12, 12]               0
            Conv2d-3             [-1, 96, 8, 8]          18,528
              ReLU-4             [-1, 96, 8, 8]               0
            Conv2d-5            [-1, 192, 6, 6]         166,080
              ReLU-6            [-1, 192, 6, 6]               0
            Conv2d-7             [-1, 24, 3, 3]          41,496
              ReLU-8             [-1, 24, 3, 3]               0
           Flatten-9                  [-1, 216]               0
        Unflatten-10             [-1, 24, 3, 3]               0
  ConvTranspose2d-11            [-1, 192, 6, 6]          41,664
  ConvTranspose2d-12             [-1, 96, 8, 8]         165,984
             ReLU-13             [-1, 96, 8, 8]               0
  ConvTranspose2d-14           [-1, 48, 12, 12]          18,480
             ReLU-15           [-1, 48, 12, 12]               0
  ConvTranspose2d-16            [-1, 1, 24, 24]             433
================================================================
Total params: 453,145
Trainable params: 83,160
Non-trainable params: 369,985
----------------------------------------------------------------
Input size (MB): 0.00
Forward/backward pass size (MB): 0.57
Params size (MB): 1.73
Estimated Total Size (MB): 2.30
----------------------------------------------------------------
None
Training started!! - Reconstruction
Epoch:0, Loss:0.000184
Epoch:10, Loss:0.000069
Epoch:20, Loss:0.000066
Epoch:30, Loss:0.000066
Epoch:40, Loss:0.000067
Epoch:50, Loss:0.000066
Epoch:60, Loss:0.000066
Epoch:70, Loss:0.000067
Epoch:80, Loss:0.000068
Epoch:90, Loss:0.000067
Epoch:99, Loss:0.000067
Avg Test Loss: 6.862737804493559e-05
Max Test Loss: 0.00012023936142213643
Min Test Loss: 2.4033981389948167e-05
written to: ./results/loss_tracker_img.csv
written to: ./models/img/4_4_14.2.1.20231116190154_img.pth
written to: ./models/img/4_4_14.2.1.20231116190154_img.pt
Elapsed time: 212.33721256256104 seconds.
