2628873
14.2.lrs
exploring with lrs 192 162 144 128 96 72 45 24
Importing finished!!
cuda is going to be used!!
Dataset loaded!! Length (train dataset) - 19200
Config (12, 4, (3, 1, 0), (3, 1, 0, 0))
AutoencoderEIT(
  (encoder): Sequential(
    (0): Conv2d(1, 48, kernel_size=(3, 3), stride=(2, 2), padding=(1, 1))
    (1): ReLU()
    (2): Conv2d(48, 96, kernel_size=(2, 2), stride=(2, 2), padding=(2, 2))
    (3): ReLU()
    (4): Conv2d(96, 192, kernel_size=(3, 3), stride=(1, 1))
    (5): ReLU()
    (6): Conv2d(192, 12, kernel_size=(3, 3), stride=(1, 1))
    (7): BatchNorm2d(12, eps=1e-05, momentum=0.1, affine=True, track_running_stats=True)
    (8): ReLU()
    (9): Flatten(start_dim=1, end_dim=-1)
  )
  (decoder): Sequential(
    (0): Unflatten(dim=1, unflattened_size=(12, 4, 4))
    (1): ConvTranspose2d(12, 192, kernel_size=(3, 3), stride=(1, 1))
    (2): BatchNorm2d(192, eps=1e-05, momentum=0.1, affine=True, track_running_stats=True)
    (3): ReLU()
    (4): ConvTranspose2d(192, 96, kernel_size=(3, 3), stride=(1, 1))
    (5): ReLU()
    (6): ConvTranspose2d(96, 48, kernel_size=(2, 2), stride=(2, 2), padding=(2, 2))
    (7): ReLU()
    (8): ConvTranspose2d(48, 1, kernel_size=(3, 3), stride=(2, 2), padding=(1, 1), output_padding=(1, 1))
  )
)
Task: Reconstruction, Epoch:0, Epoch Loss: 0.017658831551671028, Loss:0.011894, MSELoss:0.008345, SSIM: 0.1544342041015625                	Val Epoch Loss: 0.013889,Val MSE: 0.000590
Best state dict yet, with Val Epoch MSE: 0.013889 Val MSE 0.008345, found @ 0...
Best state dict yet, with Val Epoch MSE: 0.007577 Val MSE 0.004777, found @ 2...
Best state dict yet, with Val Epoch MSE: 0.006906 Val MSE 0.003527, found @ 4...
Best state dict yet, with Val Epoch MSE: 0.006023 Val MSE 0.003163, found @ 5...
Best state dict yet, with Val Epoch MSE: 0.005417 Val MSE 0.002467, found @ 6...
Best state dict yet, with Val Epoch MSE: 0.005229 Val MSE 0.002937, found @ 8...
Task: Reconstruction, Epoch:10, Epoch Loss: 0.0037205335684120655, Loss:0.003904, MSELoss:0.002399, SSIM: 0.054088056087493896                	Val Epoch Loss: 0.005065,Val MSE: 0.000256
Best state dict yet, with Val Epoch MSE: 0.005065 Val MSE 0.002399, found @ 10...
Best state dict yet, with Val Epoch MSE: 0.004470 Val MSE 0.003163, found @ 12...
Best state dict yet, with Val Epoch MSE: 0.004308 Val MSE 0.003551, found @ 13...
Best state dict yet, with Val Epoch MSE: 0.003908 Val MSE 0.002690, found @ 16...
Task: Reconstruction, Epoch:20, Epoch Loss: 0.0032197728287428617, Loss:0.003391, MSELoss:0.002352, SSIM: 0.04429948329925537                	Val Epoch Loss: 0.004615,Val MSE: 0.000368
Best state dict yet, with Val Epoch MSE: 0.003778 Val MSE 0.003313, found @ 27...
Task: Reconstruction, Epoch:30, Epoch Loss: 0.0030257408507168293, Loss:0.002996, MSELoss:0.002186, SSIM: 0.03806447982788086                	Val Epoch Loss: 0.003953,Val MSE: 0.000232
Best state dict yet, with Val Epoch MSE: 0.003766 Val MSE 0.002755, found @ 32...
Best state dict yet, with Val Epoch MSE: 0.003616 Val MSE 0.002734, found @ 35...
Task: Reconstruction, Epoch:40, Epoch Loss: 0.0028536259196698666, Loss:0.003063, MSELoss:0.002969, SSIM: 0.031569719314575195                	Val Epoch Loss: 0.004040,Val MSE: 0.000290
Task: Reconstruction, Epoch:50, Epoch Loss: 0.0027620678301900625, Loss:0.002595, MSELoss:0.002522, SSIM: 0.026681721210479736                	Val Epoch Loss: 0.003933,Val MSE: 0.000282
Best state dict yet, with Val Epoch MSE: 0.003548 Val MSE 0.002471, found @ 52...
Best state dict yet, with Val Epoch MSE: 0.003517 Val MSE 0.002301, found @ 56...
Task: Reconstruction, Epoch:60, Epoch Loss: 0.002691984409466386, Loss:0.002511, MSELoss:0.001892, SSIM: 0.031302690505981445                	Val Epoch Loss: 0.003384,Val MSE: 0.000419
Best state dict yet, with Val Epoch MSE: 0.003384 Val MSE 0.001892, found @ 60...
Best state dict yet, with Val Epoch MSE: 0.003167 Val MSE 0.001373, found @ 67...
Task: Reconstruction, Epoch:70, Epoch Loss: 0.0025867184158414602, Loss:0.002480, MSELoss:0.001743, SSIM: 0.03217601776123047                	Val Epoch Loss: 0.003744,Val MSE: 0.000301
Best state dict yet, with Val Epoch MSE: 0.003164 Val MSE 0.001703, found @ 75...
Task: Reconstruction, Epoch:80, Epoch Loss: 0.0025468033272773027, Loss:0.002238, MSELoss:0.001877, SSIM: 0.02599477767944336                	Val Epoch Loss: 0.003672,Val MSE: 0.000224
Task: Reconstruction, Epoch:90, Epoch Loss: 0.00253106071613729, Loss:0.002972, MSELoss:0.001915, SSIM: 0.040288686752319336                	Val Epoch Loss: 0.003999,Val MSE: 0.000223
Best state dict yet, with Val Epoch MSE: 0.003114 Val MSE 0.001358, found @ 95...
Best state dict yet, with Val Epoch MSE: 0.003080 Val MSE 0.001424, found @ 98...
Task: Reconstruction, Epoch:100, Epoch Loss: 0.002469161059707403, Loss:0.001884, MSELoss:0.001221, SSIM: 0.0254594087600708                	Val Epoch Loss: 0.003592,Val MSE: 0.000242
Best state dict yet, with Val Epoch MSE: 0.002832 Val MSE 0.001743, found @ 102...
Task: Reconstruction, Epoch:110, Epoch Loss: 0.002387102460488677, Loss:0.002244, MSELoss:0.001308, SSIM: 0.0317997932434082                	Val Epoch Loss: 0.003191,Val MSE: 0.000250
Task: Reconstruction, Epoch:120, Epoch Loss: 0.0023339055478572845, Loss:0.001662, MSELoss:0.001165, SSIM: 0.021581947803497314                	Val Epoch Loss: 0.003311,Val MSE: 0.000233
Best state dict yet, with Val Epoch MSE: 0.002756 Val MSE 0.001343, found @ 122...
Task: Reconstruction, Epoch:130, Epoch Loss: 0.00231017149053514, Loss:0.001959, MSELoss:0.001626, SSIM: 0.022927284240722656                	Val Epoch Loss: 0.002995,Val MSE: 0.000168
Task: Reconstruction, Epoch:140, Epoch Loss: 0.0023127919994294643, Loss:0.002282, MSELoss:0.001276, SSIM: 0.032887279987335205                	Val Epoch Loss: 0.003261,Val MSE: 0.000292
Best state dict yet, with Val Epoch MSE: 0.002750 Val MSE 0.001276, found @ 143...
Task: Reconstruction, Epoch:149, Epoch Loss: 0.002306045265868306, Loss:0.002265, MSELoss:0.001039, SSIM: 0.03491711616516113                	Val Epoch Loss: 0.004020,Val MSE: 0.000226
Avg Epoch Test Loss: 0.0026860871093231254, Last MSE Test Loss: 0.005785895045846701
written to: ./models/img/14.2.lrs.20231205020107_img.pth
written to: ./models/img/14.2.lrs.20231205020107_img.pt
written to: ./results/loss_tracker_img.csv
Elapsed time: 4116.594251155853 seconds.
Config (18, 3, (3, 2, 1), (3, 2, 1, 1))
AutoencoderEIT(
  (encoder): Sequential(
    (0): Conv2d(1, 48, kernel_size=(3, 3), stride=(2, 2), padding=(1, 1))
    (1): ReLU()
    (2): Conv2d(48, 96, kernel_size=(2, 2), stride=(2, 2), padding=(2, 2))
    (3): ReLU()
    (4): Conv2d(96, 192, kernel_size=(3, 3), stride=(1, 1))
    (5): ReLU()
    (6): Conv2d(192, 18, kernel_size=(3, 3), stride=(2, 2), padding=(1, 1))
    (7): BatchNorm2d(18, eps=1e-05, momentum=0.1, affine=True, track_running_stats=True)
    (8): ReLU()
    (9): Flatten(start_dim=1, end_dim=-1)
  )
  (decoder): Sequential(
    (0): Unflatten(dim=1, unflattened_size=(18, 3, 3))
    (1): ConvTranspose2d(18, 192, kernel_size=(3, 3), stride=(2, 2), padding=(1, 1), output_padding=(1, 1))
    (2): BatchNorm2d(192, eps=1e-05, momentum=0.1, affine=True, track_running_stats=True)
    (3): ReLU()
    (4): ConvTranspose2d(192, 96, kernel_size=(3, 3), stride=(1, 1))
    (5): ReLU()
    (6): ConvTranspose2d(96, 48, kernel_size=(2, 2), stride=(2, 2), padding=(2, 2))
    (7): ReLU()
    (8): ConvTranspose2d(48, 1, kernel_size=(3, 3), stride=(2, 2), padding=(1, 1), output_padding=(1, 1))
  )
)
Task: Reconstruction, Epoch:0, Epoch Loss: 0.017040029168128967, Loss:0.008805, MSELoss:0.006881, SSIM: 0.10729372501373291                	Val Epoch Loss: 0.011534,Val MSE: 0.005638
Best state dict yet, with Val Epoch MSE: 0.011534 Val MSE 0.006881, found @ 0...
Best state dict yet, with Val Epoch MSE: 0.008439 Val MSE 0.004207, found @ 1...
Best state dict yet, with Val Epoch MSE: 0.007309 Val MSE 0.002525, found @ 2...
Best state dict yet, with Val Epoch MSE: 0.006223 Val MSE 0.002363, found @ 3...
Best state dict yet, with Val Epoch MSE: 0.005323 Val MSE 0.001565, found @ 4...
Best state dict yet, with Val Epoch MSE: 0.005307 Val MSE 0.001622, found @ 5...
Best state dict yet, with Val Epoch MSE: 0.004829 Val MSE 0.001834, found @ 6...
Best state dict yet, with Val Epoch MSE: 0.004820 Val MSE 0.001353, found @ 7...
Best state dict yet, with Val Epoch MSE: 0.004221 Val MSE 0.001541, found @ 9...
Task: Reconstruction, Epoch:10, Epoch Loss: 0.003627939848229289, Loss:0.003651, MSELoss:0.001608, SSIM: 0.05692791938781738                	Val Epoch Loss: 0.004098,Val MSE: 0.000476
Best state dict yet, with Val Epoch MSE: 0.004098 Val MSE 0.001608, found @ 10...
Best state dict yet, with Val Epoch MSE: 0.004009 Val MSE 0.001070, found @ 14...
Best state dict yet, with Val Epoch MSE: 0.003565 Val MSE 0.000733, found @ 15...
Best state dict yet, with Val Epoch MSE: 0.003368 Val MSE 0.001483, found @ 17...
Best state dict yet, with Val Epoch MSE: 0.003146 Val MSE 0.000592, found @ 19...
Task: Reconstruction, Epoch:20, Epoch Loss: 0.002917965641245246, Loss:0.003389, MSELoss:0.001358, SSIM: 0.05419391393661499                	Val Epoch Loss: 0.002922,Val MSE: 0.000211
Best state dict yet, with Val Epoch MSE: 0.002922 Val MSE 0.001358, found @ 20...
Best state dict yet, with Val Epoch MSE: 0.002903 Val MSE 0.000719, found @ 21...
Task: Reconstruction, Epoch:30, Epoch Loss: 0.0024660921189934015, Loss:0.002796, MSELoss:0.001316, SSIM: 0.042751193046569824                	Val Epoch Loss: 0.003587,Val MSE: 0.000412
Best state dict yet, with Val Epoch MSE: 0.002624 Val MSE 0.001096, found @ 36...
Task: Reconstruction, Epoch:40, Epoch Loss: 0.0023661209270358086, Loss:0.001835, MSELoss:0.000412, SSIM: 0.03258669376373291                	Val Epoch Loss: 0.003433,Val MSE: 0.000608
Task: Reconstruction, Epoch:50, Epoch Loss: 0.0022720887791365385, Loss:0.001521, MSELoss:0.000499, SSIM: 0.025432348251342773                	Val Epoch Loss: 0.003065,Val MSE: 0.000228
Best state dict yet, with Val Epoch MSE: 0.002610 Val MSE 0.000444, found @ 51...
Best state dict yet, with Val Epoch MSE: 0.002598 Val MSE 0.000462, found @ 56...
Task: Reconstruction, Epoch:60, Epoch Loss: 0.0021916290279477835, Loss:0.002296, MSELoss:0.000862, SSIM: 0.03730499744415283                	Val Epoch Loss: 0.002402,Val MSE: 0.000145
Best state dict yet, with Val Epoch MSE: 0.002402 Val MSE 0.000862, found @ 60...
Task: Reconstruction, Epoch:70, Epoch Loss: 0.0021579028107225895, Loss:0.001816, MSELoss:0.000643, SSIM: 0.029881596565246582                	Val Epoch Loss: 0.002849,Val MSE: 0.000165
Best state dict yet, with Val Epoch MSE: 0.002196 Val MSE 0.000370, found @ 75...
Task: Reconstruction, Epoch:80, Epoch Loss: 0.0021240822970867157, Loss:0.001296, MSELoss:0.000291, SSIM: 0.02300286293029785                	Val Epoch Loss: 0.002655,Val MSE: 0.000249
Best state dict yet, with Val Epoch MSE: 0.002041 Val MSE 0.000178, found @ 81...
Task: Reconstruction, Epoch:90, Epoch Loss: 0.0020879867952317, Loss:0.001574, MSELoss:0.000684, SSIM: 0.024636387825012207                	Val Epoch Loss: 0.002676,Val MSE: 0.000175
Task: Reconstruction, Epoch:100, Epoch Loss: 0.0020359244663268328, Loss:0.001906, MSELoss:0.000441, SSIM: 0.03372061252593994                	Val Epoch Loss: 0.002899,Val MSE: 0.000453
Task: Reconstruction, Epoch:110, Epoch Loss: 0.0020646671764552593, Loss:0.001639, MSELoss:0.000414, SSIM: 0.028647422790527344                	Val Epoch Loss: 0.002515,Val MSE: 0.000401
Best state dict yet, with Val Epoch MSE: 0.001890 Val MSE 0.000387, found @ 114...
Task: Reconstruction, Epoch:120, Epoch Loss: 0.0020465299021452665, Loss:0.000982, MSELoss:0.000365, SSIM: 0.015986919403076172                	Val Epoch Loss: 0.002073,Val MSE: 0.000202
Task: Reconstruction, Epoch:130, Epoch Loss: 0.0020016622729599476, Loss:0.001584, MSELoss:0.000358, SSIM: 0.028096675872802734                	Val Epoch Loss: 0.002317,Val MSE: 0.000273
Best state dict yet, with Val Epoch MSE: 0.001871 Val MSE 0.000419, found @ 139...
Task: Reconstruction, Epoch:140, Epoch Loss: 0.0020204931497573853, Loss:0.003144, MSELoss:0.000973, SSIM: 0.053154826164245605                	Val Epoch Loss: 0.002436,Val MSE: 0.000338
Task: Reconstruction, Epoch:149, Epoch Loss: 0.0019705009181052446, Loss:0.001908, MSELoss:0.000305, SSIM: 0.0351032018661499                	Val Epoch Loss: 0.002367,Val MSE: 0.000213
Avg Epoch Test Loss: 0.0018379823315772229, Last MSE Test Loss: 0.002098819939419627
written to: ./models/img/14.2.lrs.20231205030941_img.pth
written to: ./models/img/14.2.lrs.20231205030941_img.pt
written to: ./results/loss_tracker_img.csv
Elapsed time: 8223.137442827225 seconds.
Config (16, 3, (3, 2, 1), (3, 2, 1, 1))
AutoencoderEIT(
  (encoder): Sequential(
    (0): Conv2d(1, 48, kernel_size=(3, 3), stride=(2, 2), padding=(1, 1))
    (1): ReLU()
    (2): Conv2d(48, 96, kernel_size=(2, 2), stride=(2, 2), padding=(2, 2))
    (3): ReLU()
    (4): Conv2d(96, 192, kernel_size=(3, 3), stride=(1, 1))
    (5): ReLU()
    (6): Conv2d(192, 16, kernel_size=(3, 3), stride=(2, 2), padding=(1, 1))
    (7): BatchNorm2d(16, eps=1e-05, momentum=0.1, affine=True, track_running_stats=True)
    (8): ReLU()
    (9): Flatten(start_dim=1, end_dim=-1)
  )
  (decoder): Sequential(
    (0): Unflatten(dim=1, unflattened_size=(16, 3, 3))
    (1): ConvTranspose2d(16, 192, kernel_size=(3, 3), stride=(2, 2), padding=(1, 1), output_padding=(1, 1))
    (2): BatchNorm2d(192, eps=1e-05, momentum=0.1, affine=True, track_running_stats=True)
    (3): ReLU()
    (4): ConvTranspose2d(192, 96, kernel_size=(3, 3), stride=(1, 1))
    (5): ReLU()
    (6): ConvTranspose2d(96, 48, kernel_size=(2, 2), stride=(2, 2), padding=(2, 2))
    (7): ReLU()
    (8): ConvTranspose2d(48, 1, kernel_size=(3, 3), stride=(2, 2), padding=(1, 1), output_padding=(1, 1))
  )
)
Task: Reconstruction, Epoch:0, Epoch Loss: 0.01918923296034336, Loss:0.012467, MSELoss:0.006235, SSIM: 0.18698853254318237                	Val Epoch Loss: 0.014739,Val MSE: 0.000576
Best state dict yet, with Val Epoch MSE: 0.014739 Val MSE 0.006235, found @ 0...
Best state dict yet, with Val Epoch MSE: 0.011311 Val MSE 0.005532, found @ 1...
Best state dict yet, with Val Epoch MSE: 0.007692 Val MSE 0.003881, found @ 2...
Best state dict yet, with Val Epoch MSE: 0.006051 Val MSE 0.003585, found @ 3...
Best state dict yet, with Val Epoch MSE: 0.005600 Val MSE 0.002459, found @ 4...
Best state dict yet, with Val Epoch MSE: 0.005089 Val MSE 0.001939, found @ 5...
Best state dict yet, with Val Epoch MSE: 0.004568 Val MSE 0.002429, found @ 6...
Best state dict yet, with Val Epoch MSE: 0.004404 Val MSE 0.001668, found @ 8...
Best state dict yet, with Val Epoch MSE: 0.004230 Val MSE 0.001453, found @ 9...
Task: Reconstruction, Epoch:10, Epoch Loss: 0.0034723172429949045, Loss:0.002895, MSELoss:0.001237, SSIM: 0.04554128646850586                	Val Epoch Loss: 0.004217,Val MSE: 0.000285
Best state dict yet, with Val Epoch MSE: 0.004217 Val MSE 0.001237, found @ 10...
Best state dict yet, with Val Epoch MSE: 0.003836 Val MSE 0.001264, found @ 11...
Best state dict yet, with Val Epoch MSE: 0.003725 Val MSE 0.002020, found @ 12...
Best state dict yet, with Val Epoch MSE: 0.003636 Val MSE 0.001636, found @ 13...
Best state dict yet, with Val Epoch MSE: 0.003103 Val MSE 0.001355, found @ 15...
Task: Reconstruction, Epoch:20, Epoch Loss: 0.0028054830618202686, Loss:0.002305, MSELoss:0.000871, SSIM: 0.03738123178482056                	Val Epoch Loss: 0.003137,Val MSE: 0.000206
Best state dict yet, with Val Epoch MSE: 0.003041 Val MSE 0.001243, found @ 21...
Best state dict yet, with Val Epoch MSE: 0.002945 Val MSE 0.001410, found @ 23...
Best state dict yet, with Val Epoch MSE: 0.002725 Val MSE 0.001232, found @ 26...
Best state dict yet, with Val Epoch MSE: 0.002724 Val MSE 0.001218, found @ 27...
Best state dict yet, with Val Epoch MSE: 0.002607 Val MSE 0.002154, found @ 28...
Best state dict yet, with Val Epoch MSE: 0.002545 Val MSE 0.000866, found @ 29...
Task: Reconstruction, Epoch:30, Epoch Loss: 0.00243753963150084, Loss:0.002029, MSELoss:0.001522, SSIM: 0.025362491607666016                	Val Epoch Loss: 0.002819,Val MSE: 0.000089
Best state dict yet, with Val Epoch MSE: 0.002536 Val MSE 0.001462, found @ 32...
Best state dict yet, with Val Epoch MSE: 0.002482 Val MSE 0.000611, found @ 36...
Best state dict yet, with Val Epoch MSE: 0.002470 Val MSE 0.001408, found @ 37...
Best state dict yet, with Val Epoch MSE: 0.002438 Val MSE 0.000659, found @ 38...
Task: Reconstruction, Epoch:40, Epoch Loss: 0.0023532386403530836, Loss:0.001582, MSELoss:0.001258, SSIM: 0.01904672384262085                	Val Epoch Loss: 0.002530,Val MSE: 0.000164
Best state dict yet, with Val Epoch MSE: 0.002312 Val MSE 0.001469, found @ 42...
Task: Reconstruction, Epoch:50, Epoch Loss: 0.002273337449878454, Loss:0.001384, MSELoss:0.000997, SSIM: 0.01771676540374756                	Val Epoch Loss: 0.002411,Val MSE: 0.000244
Best state dict yet, with Val Epoch MSE: 0.002159 Val MSE 0.001108, found @ 51...
Best state dict yet, with Val Epoch MSE: 0.002085 Val MSE 0.001286, found @ 58...
Task: Reconstruction, Epoch:60, Epoch Loss: 0.0022118843626230955, Loss:0.001258, MSELoss:0.000946, SSIM: 0.01570826768875122                	Val Epoch Loss: 0.002404,Val MSE: 0.000247
Task: Reconstruction, Epoch:70, Epoch Loss: 0.00221824343316257, Loss:0.001168, MSELoss:0.000837, SSIM: 0.01498723030090332                	Val Epoch Loss: 0.002389,Val MSE: 0.000202
Task: Reconstruction, Epoch:80, Epoch Loss: 0.0021880792919546366, Loss:0.001508, MSELoss:0.001010, SSIM: 0.020048201084136963                	Val Epoch Loss: 0.002292,Val MSE: 0.000180
Best state dict yet, with Val Epoch MSE: 0.002059 Val MSE 0.000405, found @ 85...
Task: Reconstruction, Epoch:90, Epoch Loss: 0.0021659384947270155, Loss:0.001334, MSELoss:0.000638, SSIM: 0.020311176776885986                	Val Epoch Loss: 0.001982,Val MSE: 0.000146
Best state dict yet, with Val Epoch MSE: 0.001982 Val MSE 0.000638, found @ 90...
Task: Reconstruction, Epoch:100, Epoch Loss: 0.0021496687550097704, Loss:0.001622, MSELoss:0.000825, SSIM: 0.02418917417526245                	Val Epoch Loss: 0.002152,Val MSE: 0.000188
Task: Reconstruction, Epoch:110, Epoch Loss: 0.0021003084257245064, Loss:0.001346, MSELoss:0.001341, SSIM: 0.013510704040527344                	Val Epoch Loss: 0.002386,Val MSE: 0.000336
Task: Reconstruction, Epoch:120, Epoch Loss: 0.0021110838279128075, Loss:0.001517, MSELoss:0.001613, SSIM: 0.014219343662261963                	Val Epoch Loss: 0.002074,Val MSE: 0.000097
Task: Reconstruction, Epoch:130, Epoch Loss: 0.0021454954985529184, Loss:0.002028, MSELoss:0.002401, SSIM: 0.01655888557434082                	Val Epoch Loss: 0.002234,Val MSE: 0.000257
Best state dict yet, with Val Epoch MSE: 0.001945 Val MSE 0.001101, found @ 134...
Task: Reconstruction, Epoch:140, Epoch Loss: 0.00210571032948792, Loss:0.001585, MSELoss:0.001475, SSIM: 0.016948044300079346                	Val Epoch Loss: 0.002042,Val MSE: 0.000099
Task: Reconstruction, Epoch:149, Epoch Loss: 0.0020975861698389053, Loss:0.001527, MSELoss:0.001305, SSIM: 0.017484068870544434                	Val Epoch Loss: 0.002044,Val MSE: 0.000190
Avg Epoch Test Loss: 0.0019563639601765316, Last MSE Test Loss: 0.007133671082556248
written to: ./models/img/14.2.lrs.20231205041808_img.pth
written to: ./models/img/14.2.lrs.20231205041808_img.pt
written to: ./results/loss_tracker_img.csv
Elapsed time: 12354.560868024826 seconds.
Config (8, 4, (3, 1, 0), (3, 1, 0, 0))
AutoencoderEIT(
  (encoder): Sequential(
    (0): Conv2d(1, 48, kernel_size=(3, 3), stride=(2, 2), padding=(1, 1))
    (1): ReLU()
    (2): Conv2d(48, 96, kernel_size=(2, 2), stride=(2, 2), padding=(2, 2))
    (3): ReLU()
    (4): Conv2d(96, 192, kernel_size=(3, 3), stride=(1, 1))
    (5): ReLU()
    (6): Conv2d(192, 8, kernel_size=(3, 3), stride=(1, 1))
    (7): BatchNorm2d(8, eps=1e-05, momentum=0.1, affine=True, track_running_stats=True)
    (8): ReLU()
    (9): Flatten(start_dim=1, end_dim=-1)
  )
  (decoder): Sequential(
    (0): Unflatten(dim=1, unflattened_size=(8, 4, 4))
    (1): ConvTranspose2d(8, 192, kernel_size=(3, 3), stride=(1, 1))
    (2): BatchNorm2d(192, eps=1e-05, momentum=0.1, affine=True, track_running_stats=True)
    (3): ReLU()
    (4): ConvTranspose2d(192, 96, kernel_size=(3, 3), stride=(1, 1))
    (5): ReLU()
    (6): ConvTranspose2d(96, 48, kernel_size=(2, 2), stride=(2, 2), padding=(2, 2))
    (7): ReLU()
    (8): ConvTranspose2d(48, 1, kernel_size=(3, 3), stride=(2, 2), padding=(1, 1), output_padding=(1, 1))
  )
)
Task: Reconstruction, Epoch:0, Epoch Loss: 0.01823708973824978, Loss:0.006710, MSELoss:0.002379, SSIM: 0.11041897535324097                	Val Epoch Loss: 0.012702,Val MSE: 0.000658
Best state dict yet, with Val Epoch MSE: 0.012702 Val MSE 0.002379, found @ 0...
Best state dict yet, with Val Epoch MSE: 0.009259 Val MSE 0.001767, found @ 1...
Best state dict yet, with Val Epoch MSE: 0.007519 Val MSE 0.001892, found @ 2...
Best state dict yet, with Val Epoch MSE: 0.007394 Val MSE 0.001726, found @ 3...
Best state dict yet, with Val Epoch MSE: 0.007373 Val MSE 0.002077, found @ 4...
Best state dict yet, with Val Epoch MSE: 0.006967 Val MSE 0.002187, found @ 5...
Best state dict yet, with Val Epoch MSE: 0.006247 Val MSE 0.002670, found @ 7...
Task: Reconstruction, Epoch:10, Epoch Loss: 0.004886028356850147, Loss:0.003532, MSELoss:0.002762, SSIM: 0.04302448034286499                	Val Epoch Loss: 0.006573,Val MSE: 0.000253
Best state dict yet, with Val Epoch MSE: 0.005920 Val MSE 0.002449, found @ 11...
Best state dict yet, with Val Epoch MSE: 0.005599 Val MSE 0.001864, found @ 12...
Best state dict yet, with Val Epoch MSE: 0.005291 Val MSE 0.001693, found @ 14...
Best state dict yet, with Val Epoch MSE: 0.004991 Val MSE 0.002146, found @ 15...
Best state dict yet, with Val Epoch MSE: 0.004927 Val MSE 0.002073, found @ 16...
Task: Reconstruction, Epoch:20, Epoch Loss: 0.00414776336401701, Loss:0.003062, MSELoss:0.001428, SSIM: 0.04695481061935425                	Val Epoch Loss: 0.005304,Val MSE: 0.000243
Best state dict yet, with Val Epoch MSE: 0.004538 Val MSE 0.001514, found @ 24...
Task: Reconstruction, Epoch:30, Epoch Loss: 0.003866300219669938, Loss:0.002849, MSELoss:0.001425, SSIM: 0.04273509979248047                	Val Epoch Loss: 0.005068,Val MSE: 0.000463
Task: Reconstruction, Epoch:40, Epoch Loss: 0.003747461596503854, Loss:0.002202, MSELoss:0.001370, SSIM: 0.030350983142852783                	Val Epoch Loss: 0.005258,Val MSE: 0.000313
Best state dict yet, with Val Epoch MSE: 0.004385 Val MSE 0.001142, found @ 48...
Task: Reconstruction, Epoch:50, Epoch Loss: 0.003628272796049714, Loss:0.002749, MSELoss:0.001535, SSIM: 0.03963065147399902                	Val Epoch Loss: 0.004925,Val MSE: 0.000287
Best state dict yet, with Val Epoch MSE: 0.004325 Val MSE 0.001361, found @ 57...
Task: Reconstruction, Epoch:60, Epoch Loss: 0.0034304216969758272, Loss:0.002113, MSELoss:0.001056, SSIM: 0.03169071674346924                	Val Epoch Loss: 0.004469,Val MSE: 0.000447
Best state dict yet, with Val Epoch MSE: 0.004067 Val MSE 0.000846, found @ 68...
Task: Reconstruction, Epoch:70, Epoch Loss: 0.003271379740908742, Loss:0.002018, MSELoss:0.001504, SSIM: 0.025310814380645752                	Val Epoch Loss: 0.004604,Val MSE: 0.000384
Best state dict yet, with Val Epoch MSE: 0.004037 Val MSE 0.000777, found @ 75...
Task: Reconstruction, Epoch:80, Epoch Loss: 0.003124778624624014, Loss:0.002754, MSELoss:0.001311, SSIM: 0.04196512699127197                	Val Epoch Loss: 0.005004,Val MSE: 0.000674
Best state dict yet, with Val Epoch MSE: 0.004022 Val MSE 0.001126, found @ 83...
Best state dict yet, with Val Epoch MSE: 0.003645 Val MSE 0.000942, found @ 85...
Task: Reconstruction, Epoch:90, Epoch Loss: 0.00303784292191267, Loss:0.002139, MSELoss:0.001031, SSIM: 0.03248488903045654                	Val Epoch Loss: 0.004281,Val MSE: 0.000566
Task: Reconstruction, Epoch:100, Epoch Loss: 0.002998730633407831, Loss:0.002418, MSELoss:0.001323, SSIM: 0.03512990474700928                	Val Epoch Loss: 0.004178,Val MSE: 0.000508
Task: Reconstruction, Epoch:110, Epoch Loss: 0.00292654219083488, Loss:0.002161, MSELoss:0.001322, SSIM: 0.029994070529937744                	Val Epoch Loss: 0.004830,Val MSE: 0.000622
Task: Reconstruction, Epoch:120, Epoch Loss: 0.0028946734964847565, Loss:0.002253, MSELoss:0.001012, SSIM: 0.03494292497634888                	Val Epoch Loss: 0.003535,Val MSE: 0.000545
Best state dict yet, with Val Epoch MSE: 0.003535 Val MSE 0.001012, found @ 120...
Task: Reconstruction, Epoch:130, Epoch Loss: 0.002851169090718031, Loss:0.002475, MSELoss:0.001264, SSIM: 0.03686302900314331                	Val Epoch Loss: 0.003912,Val MSE: 0.000529
Best state dict yet, with Val Epoch MSE: 0.003477 Val MSE 0.001726, found @ 136...
Task: Reconstruction, Epoch:140, Epoch Loss: 0.0028027882799506187, Loss:0.002338, MSELoss:0.001268, SSIM: 0.0340876579284668                	Val Epoch Loss: 0.003722,Val MSE: 0.000612
Task: Reconstruction, Epoch:149, Epoch Loss: 0.0028121352661401033, Loss:0.001643, MSELoss:0.000949, SSIM: 0.023378372192382812                	Val Epoch Loss: 0.003350,Val MSE: 0.000604
Best state dict yet, with Val Epoch MSE: 0.003350 Val MSE 0.000949, found @ 149...
Avg Epoch Test Loss: 0.0032882931994390675, Last MSE Test Loss: 0.005697239190340042
written to: ./models/img/14.2.lrs.20231205052659_img.pth
written to: ./models/img/14.2.lrs.20231205052659_img.pt
written to: ./results/loss_tracker_img.csv
Elapsed time: 16485.61762905121 seconds.
Config (6, 4, (3, 1, 0), (3, 1, 0, 0))
AutoencoderEIT(
  (encoder): Sequential(
    (0): Conv2d(1, 48, kernel_size=(3, 3), stride=(2, 2), padding=(1, 1))
    (1): ReLU()
    (2): Conv2d(48, 96, kernel_size=(2, 2), stride=(2, 2), padding=(2, 2))
    (3): ReLU()
    (4): Conv2d(96, 192, kernel_size=(3, 3), stride=(1, 1))
    (5): ReLU()
    (6): Conv2d(192, 6, kernel_size=(3, 3), stride=(1, 1))
    (7): BatchNorm2d(6, eps=1e-05, momentum=0.1, affine=True, track_running_stats=True)
    (8): ReLU()
    (9): Flatten(start_dim=1, end_dim=-1)
  )
  (decoder): Sequential(
    (0): Unflatten(dim=1, unflattened_size=(6, 4, 4))
    (1): ConvTranspose2d(6, 192, kernel_size=(3, 3), stride=(1, 1))
    (2): BatchNorm2d(192, eps=1e-05, momentum=0.1, affine=True, track_running_stats=True)
    (3): ReLU()
    (4): ConvTranspose2d(192, 96, kernel_size=(3, 3), stride=(1, 1))
    (5): ReLU()
    (6): ConvTranspose2d(96, 48, kernel_size=(2, 2), stride=(2, 2), padding=(2, 2))
    (7): ReLU()
    (8): ConvTranspose2d(48, 1, kernel_size=(3, 3), stride=(2, 2), padding=(1, 1), output_padding=(1, 1))
  )
)
Task: Reconstruction, Epoch:0, Epoch Loss: 0.026927290484309196, Loss:0.013786, MSELoss:0.012260, SSIM: 0.15311777591705322                	Val Epoch Loss: 0.024488,Val MSE: 0.004183
Best state dict yet, with Val Epoch MSE: 0.024488 Val MSE 0.012260, found @ 0...
Best state dict yet, with Val Epoch MSE: 0.017219 Val MSE 0.004497, found @ 1...
Best state dict yet, with Val Epoch MSE: 0.015256 Val MSE 0.004328, found @ 2...
Best state dict yet, with Val Epoch MSE: 0.014788 Val MSE 0.005217, found @ 3...
Best state dict yet, with Val Epoch MSE: 0.009669 Val MSE 0.003323, found @ 4...
Best state dict yet, with Val Epoch MSE: 0.008925 Val MSE 0.003188, found @ 5...
Best state dict yet, with Val Epoch MSE: 0.007806 Val MSE 0.003463, found @ 6...
Best state dict yet, with Val Epoch MSE: 0.007594 Val MSE 0.002579, found @ 8...
Best state dict yet, with Val Epoch MSE: 0.006871 Val MSE 0.002744, found @ 9...
Task: Reconstruction, Epoch:10, Epoch Loss: 0.0051991306245327, Loss:0.004175, MSELoss:0.002619, SSIM: 0.0573040246963501                	Val Epoch Loss: 0.007255,Val MSE: 0.003554
Best state dict yet, with Val Epoch MSE: 0.006504 Val MSE 0.003154, found @ 15...
Best state dict yet, with Val Epoch MSE: 0.006309 Val MSE 0.002127, found @ 17...
Best state dict yet, with Val Epoch MSE: 0.006117 Val MSE 0.001746, found @ 19...
Task: Reconstruction, Epoch:20, Epoch Loss: 0.004375827964395285, Loss:0.003873, MSELoss:0.002865, SSIM: 0.0488092303276062                	Val Epoch Loss: 0.006546,Val MSE: 0.002762
Best state dict yet, with Val Epoch MSE: 0.006053 Val MSE 0.002141, found @ 25...
Best state dict yet, with Val Epoch MSE: 0.006018 Val MSE 0.002383, found @ 27...
Best state dict yet, with Val Epoch MSE: 0.005859 Val MSE 0.001556, found @ 29...
Task: Reconstruction, Epoch:30, Epoch Loss: 0.003937842324376106, Loss:0.003603, MSELoss:0.003247, SSIM: 0.03959333896636963                	Val Epoch Loss: 0.006580,Val MSE: 0.003396
Best state dict yet, with Val Epoch MSE: 0.005792 Val MSE 0.002033, found @ 34...
Best state dict yet, with Val Epoch MSE: 0.005765 Val MSE 0.002335, found @ 37...
Task: Reconstruction, Epoch:40, Epoch Loss: 0.003799474099650979, Loss:0.003166, MSELoss:0.002583, SSIM: 0.03749990463256836                	Val Epoch Loss: 0.005986,Val MSE: 0.001487
Best state dict yet, with Val Epoch MSE: 0.005347 Val MSE 0.002131, found @ 42...
Best state dict yet, with Val Epoch MSE: 0.005280 Val MSE 0.002067, found @ 45...
Best state dict yet, with Val Epoch MSE: 0.005205 Val MSE 0.001619, found @ 49...
Task: Reconstruction, Epoch:50, Epoch Loss: 0.0036818841472268105, Loss:0.002642, MSELoss:0.001585, SSIM: 0.03699994087219238                	Val Epoch Loss: 0.004945,Val MSE: 0.001531
Best state dict yet, with Val Epoch MSE: 0.004945 Val MSE 0.001585, found @ 50...
Task: Reconstruction, Epoch:60, Epoch Loss: 0.0036085129249840975, Loss:0.002505, MSELoss:0.001837, SSIM: 0.03172111511230469                	Val Epoch Loss: 0.006665,Val MSE: 0.003167
Task: Reconstruction, Epoch:70, Epoch Loss: 0.0035758314188569784, Loss:0.002570, MSELoss:0.002042, SSIM: 0.030986428260803223                	Val Epoch Loss: 0.004880,Val MSE: 0.001327
Best state dict yet, with Val Epoch MSE: 0.004880 Val MSE 0.002042, found @ 70...
Best state dict yet, with Val Epoch MSE: 0.004788 Val MSE 0.001144, found @ 74...
Task: Reconstruction, Epoch:80, Epoch Loss: 0.0035087913274765015, Loss:0.002777, MSELoss:0.001633, SSIM: 0.039210617542266846                	Val Epoch Loss: 0.005416,Val MSE: 0.001702
Task: Reconstruction, Epoch:90, Epoch Loss: 0.0034899141173809767, Loss:0.002130, MSELoss:0.000986, SSIM: 0.03273427486419678                	Val Epoch Loss: 0.005438,Val MSE: 0.000424
Task: Reconstruction, Epoch:100, Epoch Loss: 0.0034273865167051554, Loss:0.002906, MSELoss:0.001083, SSIM: 0.04729592800140381                	Val Epoch Loss: 0.005966,Val MSE: 0.000878
Best state dict yet, with Val Epoch MSE: 0.004658 Val MSE 0.001094, found @ 108...
Task: Reconstruction, Epoch:110, Epoch Loss: 0.0034164246171712875, Loss:0.002503, MSELoss:0.001906, SSIM: 0.030995965003967285                	Val Epoch Loss: 0.006561,Val MSE: 0.000280
Task: Reconstruction, Epoch:120, Epoch Loss: 0.0033699236810207367, Loss:0.003225, MSELoss:0.002723, SSIM: 0.03727644681930542                	Val Epoch Loss: 0.005801,Val MSE: 0.000841
Task: Reconstruction, Epoch:130, Epoch Loss: 0.0033279191702604294, Loss:0.002634, MSELoss:0.001697, SSIM: 0.03571617603302002                	Val Epoch Loss: 0.005115,Val MSE: 0.000613
Task: Reconstruction, Epoch:140, Epoch Loss: 0.003292107256129384, Loss:0.002669, MSELoss:0.001765, SSIM: 0.03573465347290039                	Val Epoch Loss: 0.005105,Val MSE: 0.000617
Task: Reconstruction, Epoch:149, Epoch Loss: 0.003308149054646492, Loss:0.002178, MSELoss:0.001290, SSIM: 0.030659079551696777                	Val Epoch Loss: 0.004570,Val MSE: 0.000320
Best state dict yet, with Val Epoch MSE: 0.004570 Val MSE 0.001290, found @ 149...
Avg Epoch Test Loss: 0.004348194529147198, Last MSE Test Loss: 0.01482228934764862
written to: ./models/img/14.2.lrs.20231205063550_img.pth
written to: ./models/img/14.2.lrs.20231205063550_img.pt
written to: ./results/loss_tracker_img.csv
Elapsed time: 20599.28011894226 seconds.
Config (8, 3, (3, 2, 1), (3, 2, 1, 1))
AutoencoderEIT(
  (encoder): Sequential(
    (0): Conv2d(1, 48, kernel_size=(3, 3), stride=(2, 2), padding=(1, 1))
    (1): ReLU()
    (2): Conv2d(48, 96, kernel_size=(2, 2), stride=(2, 2), padding=(2, 2))
    (3): ReLU()
    (4): Conv2d(96, 192, kernel_size=(3, 3), stride=(1, 1))
    (5): ReLU()
    (6): Conv2d(192, 8, kernel_size=(3, 3), stride=(2, 2), padding=(1, 1))
    (7): BatchNorm2d(8, eps=1e-05, momentum=0.1, affine=True, track_running_stats=True)
    (8): ReLU()
    (9): Flatten(start_dim=1, end_dim=-1)
  )
  (decoder): Sequential(
    (0): Unflatten(dim=1, unflattened_size=(8, 3, 3))
    (1): ConvTranspose2d(8, 192, kernel_size=(3, 3), stride=(2, 2), padding=(1, 1), output_padding=(1, 1))
    (2): BatchNorm2d(192, eps=1e-05, momentum=0.1, affine=True, track_running_stats=True)
    (3): ReLU()
    (4): ConvTranspose2d(192, 96, kernel_size=(3, 3), stride=(1, 1))
    (5): ReLU()
    (6): ConvTranspose2d(96, 48, kernel_size=(2, 2), stride=(2, 2), padding=(2, 2))
    (7): ReLU()
    (8): ConvTranspose2d(48, 1, kernel_size=(3, 3), stride=(2, 2), padding=(1, 1), output_padding=(1, 1))
  )
)
Task: Reconstruction, Epoch:0, Epoch Loss: 0.02184790000319481, Loss:0.013610, MSELoss:0.006549, SSIM: 0.20671677589416504                	Val Epoch Loss: 0.018050,Val MSE: 0.004467
Best state dict yet, with Val Epoch MSE: 0.018050 Val MSE 0.006549, found @ 0...
Best state dict yet, with Val Epoch MSE: 0.014807 Val MSE 0.005003, found @ 1...
Best state dict yet, with Val Epoch MSE: 0.013979 Val MSE 0.004458, found @ 2...
Best state dict yet, with Val Epoch MSE: 0.010314 Val MSE 0.004826, found @ 3...
Best state dict yet, with Val Epoch MSE: 0.009122 Val MSE 0.004292, found @ 4...
Best state dict yet, with Val Epoch MSE: 0.006987 Val MSE 0.003909, found @ 5...
Best state dict yet, with Val Epoch MSE: 0.006781 Val MSE 0.006109, found @ 6...
Best state dict yet, with Val Epoch MSE: 0.006354 Val MSE 0.003086, found @ 7...
Best state dict yet, with Val Epoch MSE: 0.005903 Val MSE 0.003953, found @ 8...
Best state dict yet, with Val Epoch MSE: 0.005617 Val MSE 0.002397, found @ 9...
Task: Reconstruction, Epoch:10, Epoch Loss: 0.0049199857749044895, Loss:0.005150, MSELoss:0.003129, SSIM: 0.07171821594238281                	Val Epoch Loss: 0.005504,Val MSE: 0.001959
Best state dict yet, with Val Epoch MSE: 0.005504 Val MSE 0.003129, found @ 10...
Best state dict yet, with Val Epoch MSE: 0.005402 Val MSE 0.002451, found @ 11...
Best state dict yet, with Val Epoch MSE: 0.005265 Val MSE 0.002037, found @ 12...
Best state dict yet, with Val Epoch MSE: 0.005093 Val MSE 0.004631, found @ 13...
Best state dict yet, with Val Epoch MSE: 0.004878 Val MSE 0.002957, found @ 18...
Task: Reconstruction, Epoch:20, Epoch Loss: 0.004442811943590641, Loss:0.004291, MSELoss:0.002060, SSIM: 0.06521797180175781                	Val Epoch Loss: 0.004762,Val MSE: 0.001425
Best state dict yet, with Val Epoch MSE: 0.004762 Val MSE 0.002060, found @ 20...
Best state dict yet, with Val Epoch MSE: 0.004707 Val MSE 0.002668, found @ 22...
Best state dict yet, with Val Epoch MSE: 0.004701 Val MSE 0.001515, found @ 24...
Best state dict yet, with Val Epoch MSE: 0.004677 Val MSE 0.002074, found @ 25...
Best state dict yet, with Val Epoch MSE: 0.004586 Val MSE 0.001928, found @ 26...
Best state dict yet, with Val Epoch MSE: 0.004566 Val MSE 0.002588, found @ 28...
Best state dict yet, with Val Epoch MSE: 0.004099 Val MSE 0.001936, found @ 29...
Task: Reconstruction, Epoch:30, Epoch Loss: 0.004111414309591055, Loss:0.004174, MSELoss:0.002039, SSIM: 0.06309294700622559                	Val Epoch Loss: 0.004178,Val MSE: 0.001687
Best state dict yet, with Val Epoch MSE: 0.004077 Val MSE 0.002281, found @ 36...
Task: Reconstruction, Epoch:40, Epoch Loss: 0.0039910017512738705, Loss:0.004219, MSELoss:0.001868, SSIM: 0.06570196151733398                	Val Epoch Loss: 0.004276,Val MSE: 0.001054
Best state dict yet, with Val Epoch MSE: 0.003872 Val MSE 0.002179, found @ 44...
Task: Reconstruction, Epoch:50, Epoch Loss: 0.003877351526170969, Loss:0.004197, MSELoss:0.002187, SSIM: 0.06207442283630371                	Val Epoch Loss: 0.004066,Val MSE: 0.001890
Best state dict yet, with Val Epoch MSE: 0.003852 Val MSE 0.001863, found @ 54...
Best state dict yet, with Val Epoch MSE: 0.003831 Val MSE 0.001927, found @ 55...
Best state dict yet, with Val Epoch MSE: 0.003783 Val MSE 0.002290, found @ 56...
Best state dict yet, with Val Epoch MSE: 0.003698 Val MSE 0.001706, found @ 59...
Task: Reconstruction, Epoch:60, Epoch Loss: 0.0037652046885341406, Loss:0.004656, MSELoss:0.002454, SSIM: 0.06858623027801514                	Val Epoch Loss: 0.004206,Val MSE: 0.001375
Best state dict yet, with Val Epoch MSE: 0.003608 Val MSE 0.002361, found @ 69...
Task: Reconstruction, Epoch:70, Epoch Loss: 0.0036192077677696943, Loss:0.003508, MSELoss:0.001943, SSIM: 0.050736069679260254                	Val Epoch Loss: 0.003806,Val MSE: 0.000446
Task: Reconstruction, Epoch:80, Epoch Loss: 0.0035882326774299145, Loss:0.002909, MSELoss:0.002144, SSIM: 0.03673511743545532                	Val Epoch Loss: 0.003816,Val MSE: 0.000414
Task: Reconstruction, Epoch:90, Epoch Loss: 0.0035444649402052164, Loss:0.003791, MSELoss:0.001601, SSIM: 0.05981600284576416                	Val Epoch Loss: 0.003906,Val MSE: 0.000438
Task: Reconstruction, Epoch:100, Epoch Loss: 0.0035463995300233364, Loss:0.003388, MSELoss:0.002024, SSIM: 0.04751366376876831                	Val Epoch Loss: 0.003740,Val MSE: 0.000346
Best state dict yet, with Val Epoch MSE: 0.003522 Val MSE 0.002315, found @ 109...
Task: Reconstruction, Epoch:110, Epoch Loss: 0.003480002051219344, Loss:0.003056, MSELoss:0.002137, SSIM: 0.039747774600982666                	Val Epoch Loss: 0.003822,Val MSE: 0.000323
Best state dict yet, with Val Epoch MSE: 0.003510 Val MSE 0.001566, found @ 119...
Task: Reconstruction, Epoch:120, Epoch Loss: 0.003441910957917571, Loss:0.002923, MSELoss:0.001612, SSIM: 0.04233849048614502                	Val Epoch Loss: 0.003678,Val MSE: 0.000291
Task: Reconstruction, Epoch:130, Epoch Loss: 0.0034424203913658857, Loss:0.003016, MSELoss:0.001248, SSIM: 0.04784512519836426                	Val Epoch Loss: 0.004061,Val MSE: 0.000516
Best state dict yet, with Val Epoch MSE: 0.003505 Val MSE 0.000957, found @ 135...
Best state dict yet, with Val Epoch MSE: 0.003480 Val MSE 0.001588, found @ 137...
Task: Reconstruction, Epoch:140, Epoch Loss: 0.003451622324064374, Loss:0.003405, MSELoss:0.001382, SSIM: 0.0542871356010437                	Val Epoch Loss: 0.003449,Val MSE: 0.000284
Best state dict yet, with Val Epoch MSE: 0.003449 Val MSE 0.001382, found @ 140...
Task: Reconstruction, Epoch:149, Epoch Loss: 0.0034073328133672476, Loss:0.002572, MSELoss:0.001511, SSIM: 0.03632807731628418                	Val Epoch Loss: 0.003522,Val MSE: 0.000547
Avg Epoch Test Loss: 0.003343795102400084, Last MSE Test Loss: 0.012791881337761879
written to: ./models/img/14.2.lrs.20231205074424_img.pth
written to: ./models/img/14.2.lrs.20231205074424_img.pt
written to: ./results/loss_tracker_img.csv
Elapsed time: 24743.441435813904 seconds.
Config (5, 3, (3, 2, 1), (3, 2, 1, 1))
AutoencoderEIT(
  (encoder): Sequential(
    (0): Conv2d(1, 48, kernel_size=(3, 3), stride=(2, 2), padding=(1, 1))
    (1): ReLU()
    (2): Conv2d(48, 96, kernel_size=(2, 2), stride=(2, 2), padding=(2, 2))
    (3): ReLU()
    (4): Conv2d(96, 192, kernel_size=(3, 3), stride=(1, 1))
    (5): ReLU()
    (6): Conv2d(192, 5, kernel_size=(3, 3), stride=(2, 2), padding=(1, 1))
    (7): BatchNorm2d(5, eps=1e-05, momentum=0.1, affine=True, track_running_stats=True)
    (8): ReLU()
    (9): Flatten(start_dim=1, end_dim=-1)
  )
  (decoder): Sequential(
    (0): Unflatten(dim=1, unflattened_size=(5, 3, 3))
    (1): ConvTranspose2d(5, 192, kernel_size=(3, 3), stride=(2, 2), padding=(1, 1), output_padding=(1, 1))
    (2): BatchNorm2d(192, eps=1e-05, momentum=0.1, affine=True, track_running_stats=True)
    (3): ReLU()
    (4): ConvTranspose2d(192, 96, kernel_size=(3, 3), stride=(1, 1))
    (5): ReLU()
    (6): ConvTranspose2d(96, 48, kernel_size=(2, 2), stride=(2, 2), padding=(2, 2))
    (7): ReLU()
    (8): ConvTranspose2d(48, 1, kernel_size=(3, 3), stride=(2, 2), padding=(1, 1), output_padding=(1, 1))
  )
)
Task: Reconstruction, Epoch:0, Epoch Loss: 0.02234552428126335, Loss:0.012700, MSELoss:0.006315, SSIM: 0.19084739685058594                	Val Epoch Loss: 0.017637,Val MSE: 0.000829
Best state dict yet, with Val Epoch MSE: 0.017637 Val MSE 0.006315, found @ 0...
Best state dict yet, with Val Epoch MSE: 0.015817 Val MSE 0.006321, found @ 1...
Best state dict yet, with Val Epoch MSE: 0.015690 Val MSE 0.006622, found @ 2...
Best state dict yet, with Val Epoch MSE: 0.012645 Val MSE 0.006124, found @ 3...
Best state dict yet, with Val Epoch MSE: 0.010468 Val MSE 0.004309, found @ 4...
Best state dict yet, with Val Epoch MSE: 0.009313 Val MSE 0.004143, found @ 6...
Best state dict yet, with Val Epoch MSE: 0.008887 Val MSE 0.004813, found @ 7...
Best state dict yet, with Val Epoch MSE: 0.008203 Val MSE 0.003678, found @ 8...
Best state dict yet, with Val Epoch MSE: 0.007960 Val MSE 0.003668, found @ 9...
Task: Reconstruction, Epoch:10, Epoch Loss: 0.007020955439656973, Loss:0.005001, MSELoss:0.003953, SSIM: 0.06048518419265747                	Val Epoch Loss: 0.007746,Val MSE: 0.000556
Best state dict yet, with Val Epoch MSE: 0.007746 Val MSE 0.003953, found @ 10...
Best state dict yet, with Val Epoch MSE: 0.007443 Val MSE 0.002866, found @ 12...
Best state dict yet, with Val Epoch MSE: 0.007411 Val MSE 0.003225, found @ 14...
Best state dict yet, with Val Epoch MSE: 0.007197 Val MSE 0.003765, found @ 15...
Best state dict yet, with Val Epoch MSE: 0.007093 Val MSE 0.003431, found @ 17...
Task: Reconstruction, Epoch:20, Epoch Loss: 0.006242840550839901, Loss:0.004250, MSELoss:0.003112, SSIM: 0.05387789011001587                	Val Epoch Loss: 0.007105,Val MSE: 0.000402
Best state dict yet, with Val Epoch MSE: 0.006831 Val MSE 0.003311, found @ 23...
Task: Reconstruction, Epoch:30, Epoch Loss: 0.006028850097209215, Loss:0.004335, MSELoss:0.003536, SSIM: 0.051351308822631836                	Val Epoch Loss: 0.006797,Val MSE: 0.000422
Best state dict yet, with Val Epoch MSE: 0.006797 Val MSE 0.003536, found @ 30...
Best state dict yet, with Val Epoch MSE: 0.006650 Val MSE 0.003240, found @ 33...
Best state dict yet, with Val Epoch MSE: 0.006646 Val MSE 0.003433, found @ 37...
Task: Reconstruction, Epoch:40, Epoch Loss: 0.005884386599063873, Loss:0.004409, MSELoss:0.003179, SSIM: 0.05639767646789551                	Val Epoch Loss: 0.006570,Val MSE: 0.000340
Best state dict yet, with Val Epoch MSE: 0.006570 Val MSE 0.003179, found @ 40...
Best state dict yet, with Val Epoch MSE: 0.006540 Val MSE 0.002821, found @ 41...
Task: Reconstruction, Epoch:50, Epoch Loss: 0.005800699349492788, Loss:0.004476, MSELoss:0.002735, SSIM: 0.06217169761657715                	Val Epoch Loss: 0.006690,Val MSE: 0.000422
Best state dict yet, with Val Epoch MSE: 0.006501 Val MSE 0.003156, found @ 55...
Best state dict yet, with Val Epoch MSE: 0.006410 Val MSE 0.002859, found @ 57...
Task: Reconstruction, Epoch:60, Epoch Loss: 0.005724096205085516, Loss:0.004428, MSELoss:0.002948, SSIM: 0.05908006429672241                	Val Epoch Loss: 0.006931,Val MSE: 0.000365
Best state dict yet, with Val Epoch MSE: 0.006372 Val MSE 0.003219, found @ 61...
Best state dict yet, with Val Epoch MSE: 0.006364 Val MSE 0.002650, found @ 65...
Task: Reconstruction, Epoch:70, Epoch Loss: 0.0056546530686318874, Loss:0.004541, MSELoss:0.002647, SSIM: 0.06435525417327881                	Val Epoch Loss: 0.006404,Val MSE: 0.000379
Best state dict yet, with Val Epoch MSE: 0.006271 Val MSE 0.002879, found @ 76...
Task: Reconstruction, Epoch:80, Epoch Loss: 0.005597413517534733, Loss:0.004428, MSELoss:0.002632, SSIM: 0.06223559379577637                	Val Epoch Loss: 0.006343,Val MSE: 0.000381
Task: Reconstruction, Epoch:90, Epoch Loss: 0.0055755870416760445, Loss:0.004616, MSELoss:0.003258, SSIM: 0.05972933769226074                	Val Epoch Loss: 0.006140,Val MSE: 0.000388
Best state dict yet, with Val Epoch MSE: 0.006140 Val MSE 0.003258, found @ 90...
Task: Reconstruction, Epoch:100, Epoch Loss: 0.005506626795977354, Loss:0.004010, MSELoss:0.002650, SSIM: 0.0536920428276062                	Val Epoch Loss: 0.006378,Val MSE: 0.000350
Best state dict yet, with Val Epoch MSE: 0.006071 Val MSE 0.002935, found @ 107...
Task: Reconstruction, Epoch:110, Epoch Loss: 0.005524919833987951, Loss:0.004245, MSELoss:0.003283, SSIM: 0.05207401514053345                	Val Epoch Loss: 0.006012,Val MSE: 0.000376
Best state dict yet, with Val Epoch MSE: 0.006012 Val MSE 0.003283, found @ 110...
Task: Reconstruction, Epoch:120, Epoch Loss: 0.005499550141394138, Loss:0.004017, MSELoss:0.002707, SSIM: 0.053275108337402344                	Val Epoch Loss: 0.006339,Val MSE: 0.000444
Task: Reconstruction, Epoch:130, Epoch Loss: 0.0054918378591537476, Loss:0.004329, MSELoss:0.003479, SSIM: 0.05178731679916382                	Val Epoch Loss: 0.006508,Val MSE: 0.000344
Task: Reconstruction, Epoch:140, Epoch Loss: 0.00547229265794158, Loss:0.004712, MSELoss:0.003640, SSIM: 0.05783963203430176                	Val Epoch Loss: 0.006196,Val MSE: 0.000334
Task: Reconstruction, Epoch:149, Epoch Loss: 0.005423420108854771, Loss:0.004457, MSELoss:0.003103, SSIM: 0.05811750888824463                	Val Epoch Loss: 0.006247,Val MSE: 0.000336
Avg Epoch Test Loss: 0.005813563301693648, Last MSE Test Loss: 0.009664309211075306
written to: ./models/img/14.2.lrs.20231205085328_img.pth
written to: ./models/img/14.2.lrs.20231205085328_img.pt
written to: ./results/loss_tracker_img.csv
Elapsed time: 28904.777040719986 seconds.
Config (6, 2, (3, 2, 0), (3, 2, 0, 1))
AutoencoderEIT(
  (encoder): Sequential(
    (0): Conv2d(1, 48, kernel_size=(3, 3), stride=(2, 2), padding=(1, 1))
    (1): ReLU()
    (2): Conv2d(48, 96, kernel_size=(2, 2), stride=(2, 2), padding=(2, 2))
    (3): ReLU()
    (4): Conv2d(96, 192, kernel_size=(3, 3), stride=(1, 1))
    (5): ReLU()
    (6): Conv2d(192, 6, kernel_size=(3, 3), stride=(2, 2))
    (7): BatchNorm2d(6, eps=1e-05, momentum=0.1, affine=True, track_running_stats=True)
    (8): ReLU()
    (9): Flatten(start_dim=1, end_dim=-1)
  )
  (decoder): Sequential(
    (0): Unflatten(dim=1, unflattened_size=(6, 2, 2))
    (1): ConvTranspose2d(6, 192, kernel_size=(3, 3), stride=(2, 2), output_padding=(1, 1))
    (2): BatchNorm2d(192, eps=1e-05, momentum=0.1, affine=True, track_running_stats=True)
    (3): ReLU()
    (4): ConvTranspose2d(192, 96, kernel_size=(3, 3), stride=(1, 1))
    (5): ReLU()
    (6): ConvTranspose2d(96, 48, kernel_size=(2, 2), stride=(2, 2), padding=(2, 2))
    (7): ReLU()
    (8): ConvTranspose2d(48, 1, kernel_size=(3, 3), stride=(2, 2), padding=(1, 1), output_padding=(1, 1))
  )
)
Task: Reconstruction, Epoch:0, Epoch Loss: 0.03312084451317787, Loss:0.018001, MSELoss:0.006104, SSIM: 0.2989683151245117                	Val Epoch Loss: 0.030426,Val MSE: 0.002783
Best state dict yet, with Val Epoch MSE: 0.030426 Val MSE 0.006104, found @ 0...
Best state dict yet, with Val Epoch MSE: 0.024902 Val MSE 0.007360, found @ 1...
Best state dict yet, with Val Epoch MSE: 0.024539 Val MSE 0.008558, found @ 2...
Best state dict yet, with Val Epoch MSE: 0.021759 Val MSE 0.004980, found @ 3...
Best state dict yet, with Val Epoch MSE: 0.020881 Val MSE 0.006779, found @ 4...
Best state dict yet, with Val Epoch MSE: 0.019807 Val MSE 0.007407, found @ 5...
Best state dict yet, with Val Epoch MSE: 0.019492 Val MSE 0.006380, found @ 6...
Best state dict yet, with Val Epoch MSE: 0.019336 Val MSE 0.007381, found @ 7...
Best state dict yet, with Val Epoch MSE: 0.018713 Val MSE 0.006146, found @ 8...
Best state dict yet, with Val Epoch MSE: 0.018331 Val MSE 0.006554, found @ 9...
Task: Reconstruction, Epoch:10, Epoch Loss: 0.01630912907421589, Loss:0.008532, MSELoss:0.006197, SSIM: 0.10866683721542358                	Val Epoch Loss: 0.017417,Val MSE: 0.000767
Best state dict yet, with Val Epoch MSE: 0.017417 Val MSE 0.006197, found @ 10...
Best state dict yet, with Val Epoch MSE: 0.017129 Val MSE 0.006323, found @ 19...
Task: Reconstruction, Epoch:20, Epoch Loss: 0.014943527989089489, Loss:0.006678, MSELoss:0.003754, SSIM: 0.09601044654846191                	Val Epoch Loss: 0.017274,Val MSE: 0.001127
Task: Reconstruction, Epoch:30, Epoch Loss: 0.014357618987560272, Loss:0.008006, MSELoss:0.006123, SSIM: 0.09888482093811035                	Val Epoch Loss: 0.018192,Val MSE: 0.000840
Best state dict yet, with Val Epoch MSE: 0.017090 Val MSE 0.006627, found @ 35...
Task: Reconstruction, Epoch:40, Epoch Loss: 0.014011033810675144, Loss:0.008409, MSELoss:0.007104, SSIM: 0.09712940454483032                	Val Epoch Loss: 0.018913,Val MSE: 0.000948
Task: Reconstruction, Epoch:50, Epoch Loss: 0.013904692605137825, Loss:0.006953, MSELoss:0.004450, SSIM: 0.09455609321594238                	Val Epoch Loss: 0.018381,Val MSE: 0.001691
Task: Reconstruction, Epoch:60, Epoch Loss: 0.013696102425456047, Loss:0.008682, MSELoss:0.007952, SSIM: 0.09412145614624023                	Val Epoch Loss: 0.019306,Val MSE: 0.001012
Task: Reconstruction, Epoch:70, Epoch Loss: 0.013547365553677082, Loss:0.008346, MSELoss:0.007266, SSIM: 0.09425753355026245                	Val Epoch Loss: 0.018416,Val MSE: 0.000976
Task: Reconstruction, Epoch:80, Epoch Loss: 0.013530966825783253, Loss:0.008431, MSELoss:0.006425, SSIM: 0.10438060760498047                	Val Epoch Loss: 0.018655,Val MSE: 0.002001
Best state dict yet, with Val Epoch MSE: 0.017082 Val MSE 0.006586, found @ 89...
Task: Reconstruction, Epoch:90, Epoch Loss: 0.013423938304185867, Loss:0.007548, MSELoss:0.007583, SSIM: 0.07513070106506348                	Val Epoch Loss: 0.016580,Val MSE: 0.001613
Best state dict yet, with Val Epoch MSE: 0.016580 Val MSE 0.007583, found @ 90...
Task: Reconstruction, Epoch:100, Epoch Loss: 0.01336466521024704, Loss:0.008329, MSELoss:0.008112, SSIM: 0.08545732498168945                	Val Epoch Loss: 0.018220,Val MSE: 0.002030
Best state dict yet, with Val Epoch MSE: 0.016572 Val MSE 0.006239, found @ 107...
Task: Reconstruction, Epoch:110, Epoch Loss: 0.013292129151523113, Loss:0.007143, MSELoss:0.006662, SSIM: 0.07623696327209473                	Val Epoch Loss: 0.017394,Val MSE: 0.001564
Task: Reconstruction, Epoch:120, Epoch Loss: 0.013289946131408215, Loss:0.007798, MSELoss:0.006972, SSIM: 0.08623844385147095                	Val Epoch Loss: 0.016917,Val MSE: 0.001221
Task: Reconstruction, Epoch:130, Epoch Loss: 0.013256554491817951, Loss:0.007119, MSELoss:0.005649, SSIM: 0.08587896823883057                	Val Epoch Loss: 0.018489,Val MSE: 0.001099
Task: Reconstruction, Epoch:140, Epoch Loss: 0.013168019242584705, Loss:0.007593, MSELoss:0.006445, SSIM: 0.08740872144699097                	Val Epoch Loss: 0.016845,Val MSE: 0.000940
Best state dict yet, with Val Epoch MSE: 0.016476 Val MSE 0.006503, found @ 144...
Task: Reconstruction, Epoch:149, Epoch Loss: 0.013212201185524464, Loss:0.008215, MSELoss:0.007796, SSIM: 0.08634251356124878                	Val Epoch Loss: 0.017671,Val MSE: 0.001089
Avg Epoch Test Loss: 0.015808377056149767, Last MSE Test Loss: 0.05319959297776222
written to: ./models/img/14.2.lrs.20231205100249_img.pth
written to: ./models/img/14.2.lrs.20231205100249_img.pt
written to: ./results/loss_tracker_img.csv
Elapsed time: 33041.918120622635 seconds.
