2592194
14.6
RUN 18 to rerun it for 300 epochs batch_size=4
Importing finished!!
cuda is going to be used!!
Iteration config: 0
[Linear(in_features=216, out_features=108, bias=True), ReLU(), Linear(in_features=108, out_features=324, bias=True), ReLU(), Linear(in_features=324, out_features=324, bias=True), ReLU(), Linear(in_features=324, out_features=216, bias=True), ReLU()]


Dataset loaded!! Length (train dataset) - 24000
----------------------------------------------------------------
        Layer (type)               Output Shape         Param #
================================================================
            Conv2d-1           [-1, 48, 12, 12]             480
              ReLU-2           [-1, 48, 12, 12]               0
            Conv2d-3             [-1, 96, 8, 8]          18,528
              ReLU-4             [-1, 96, 8, 8]               0
            Conv2d-5            [-1, 192, 6, 6]         166,080
              ReLU-6            [-1, 192, 6, 6]               0
            Conv2d-7             [-1, 24, 3, 3]          41,496
              ReLU-8             [-1, 24, 3, 3]               0
           Flatten-9                  [-1, 216]               0
           Linear-10                  [-1, 108]          23,436
             ReLU-11                  [-1, 108]               0
           Linear-12                  [-1, 324]          35,316
             ReLU-13                  [-1, 324]               0
           Linear-14                  [-1, 324]         105,300
             ReLU-15                  [-1, 324]               0
           Linear-16                  [-1, 216]          70,200
             ReLU-17                  [-1, 216]               0
        Unflatten-18             [-1, 24, 3, 3]               0
  ConvTranspose2d-19            [-1, 192, 6, 6]          41,664
             ReLU-20            [-1, 192, 6, 6]               0
  ConvTranspose2d-21             [-1, 96, 8, 8]         165,984
             ReLU-22             [-1, 96, 8, 8]               0
  ConvTranspose2d-23           [-1, 48, 12, 12]          18,480
             ReLU-24           [-1, 48, 12, 12]               0
  ConvTranspose2d-25            [-1, 1, 24, 24]             433
================================================================
Total params: 687,397
Trainable params: 234,252
Non-trainable params: 453,145
----------------------------------------------------------------
Input size (MB): 0.00
Forward/backward pass size (MB): 0.64
Params size (MB): 2.62
Estimated Total Size (MB): 3.26
----------------------------------------------------------------
None
Training started!! - Reconstruction
Epoch:0, Loss:0.249690, MSE Loss: 0.075361, SSIM: 0.324403
Epoch:10, Loss:0.165942, MSE Loss: 0.042600, SSIM: 0.218803
Epoch:20, Loss:0.146209, MSE Loss: 0.037843, SSIM: 0.192652
Epoch:30, Loss:0.199775, MSE Loss: 0.035945, SSIM: 0.269988
Epoch:40, Loss:0.166681, MSE Loss: 0.035901, SSIM: 0.222729
Epoch:50, Loss:0.161987, MSE Loss: 0.031725, SSIM: 0.217814
Epoch:60, Loss:0.162598, MSE Loss: 0.034995, SSIM: 0.217285
Epoch:70, Loss:0.147984, MSE Loss: 0.032300, SSIM: 0.197564
Epoch:80, Loss:0.145514, MSE Loss: 0.032467, SSIM: 0.193963
Epoch:90, Loss:0.170245, MSE Loss: 0.030129, SSIM: 0.230295
Epoch:100, Loss:0.179521, MSE Loss: 0.040416, SSIM: 0.239138
Epoch:110, Loss:0.166278, MSE Loss: 0.047149, SSIM: 0.217334
Epoch:120, Loss:0.150253, MSE Loss: 0.035938, SSIM: 0.199246
Epoch:130, Loss:0.152960, MSE Loss: 0.039099, SSIM: 0.201758
Epoch:140, Loss:0.163106, MSE Loss: 0.052284, SSIM: 0.210601
Epoch:150, Loss:0.153502, MSE Loss: 0.035940, SSIM: 0.203886
Epoch:160, Loss:0.173107, MSE Loss: 0.045279, SSIM: 0.227891
Epoch:170, Loss:0.145971, MSE Loss: 0.040439, SSIM: 0.191199
Epoch:180, Loss:0.153457, MSE Loss: 0.035735, SSIM: 0.203909
Epoch:190, Loss:0.146798, MSE Loss: 0.034032, SSIM: 0.195127
Epoch:200, Loss:0.169732, MSE Loss: 0.033547, SSIM: 0.228096
Epoch:210, Loss:0.169951, MSE Loss: 0.038524, SSIM: 0.226277
Epoch:220, Loss:0.165405, MSE Loss: 0.037310, SSIM: 0.220302
Epoch:230, Loss:0.181104, MSE Loss: 0.046432, SSIM: 0.238820
Epoch:240, Loss:0.190431, MSE Loss: 0.035641, SSIM: 0.256770
Epoch:250, Loss:0.176764, MSE Loss: 0.032329, SSIM: 0.238664
Epoch:260, Loss:0.172493, MSE Loss: 0.034608, SSIM: 0.231586
Epoch:270, Loss:0.182590, MSE Loss: 0.042064, SSIM: 0.242816
Epoch:280, Loss:0.157075, MSE Loss: 0.035543, SSIM: 0.209160
Epoch:290, Loss:0.160748, MSE Loss: 0.034885, SSIM: 0.214689
Epoch:299, Loss:0.175921, MSE Loss: 0.040223, SSIM: 0.234077
Avg Test Loss: MSE: 0.020393257019245842, SSIM: 0.32865721145474786
Max Test Loss: MSE: 0.1841782182455063 SSIM: 0.8795789123817012
Min Test Loss: MSE: 0.00016374769620597363 SSIM: 0.08661668934842015
Traceback (most recent call last):
  File "/home/kunet.ae/100053678/eit/autoencoders/eit_c.py", line 183, in <module>
    loss_tracker.loc[id_config] = train_losses
    ~~~~~~~~~~~~~~~~^^^^^^^^^^^
  File "/home/kunet.ae/100053678/.conda/envs/eit/lib/python3.11/site-packages/pandas/core/indexing.py", line 885, in __setitem__
    iloc._setitem_with_indexer(indexer, value, self.name)
  File "/home/kunet.ae/100053678/.conda/envs/eit/lib/python3.11/site-packages/pandas/core/indexing.py", line 1883, in _setitem_with_indexer
    self._setitem_with_indexer_missing(indexer, value)
  File "/home/kunet.ae/100053678/.conda/envs/eit/lib/python3.11/site-packages/pandas/core/indexing.py", line 2219, in _setitem_with_indexer_missing
    raise ValueError("cannot set a row with mismatched columns")
ValueError: cannot set a row with mismatched columns
