14.1
0014.pt_LR_to_108
Importing finished!!
cuda is going to be used!!
Dataset loaded!!
----------------------------------------------------------------
        Layer (type)               Output Shape         Param #
================================================================
            Conv2d-1           [-1, 48, 12, 12]             480
              ReLU-2           [-1, 48, 12, 12]               0
            Conv2d-3             [-1, 96, 8, 8]          18,528
              ReLU-4             [-1, 96, 8, 8]               0
            Conv2d-5            [-1, 192, 6, 6]         166,080
              ReLU-6            [-1, 192, 6, 6]               0
            Conv2d-7             [-1, 12, 3, 3]          20,748
              ReLU-8             [-1, 12, 3, 3]               0
           Flatten-9                  [-1, 108]               0
        Unflatten-10             [-1, 12, 3, 3]               0
  ConvTranspose2d-11            [-1, 192, 6, 6]          20,928
  ConvTranspose2d-12             [-1, 96, 8, 8]         165,984
             ReLU-13             [-1, 96, 8, 8]               0
  ConvTranspose2d-14           [-1, 48, 12, 12]          18,480
             ReLU-15           [-1, 48, 12, 12]               0
  ConvTranspose2d-16            [-1, 1, 24, 24]             433
             Tanh-17            [-1, 1, 24, 24]               0
================================================================
Total params: 411,661
Trainable params: 41,676
Non-trainable params: 369,985
----------------------------------------------------------------
Input size (MB): 0.00
Forward/backward pass size (MB): 0.57
Params size (MB): 1.57
Estimated Total Size (MB): 2.14
----------------------------------------------------------------
None
Training started!! - Reconstruction
Epoch:0, Loss:0.002949
Epoch:20, Loss:0.001944
Epoch:40, Loss:0.001746
Epoch:60, Loss:0.001678
Epoch:80, Loss:0.001686
Epoch:100, Loss:0.001684
Epoch:120, Loss:0.001661
Epoch:140, Loss:0.001643
Epoch:160, Loss:0.001640
Epoch:180, Loss:0.001647
Last Epoch:199, Loss:0.001645
Avg Test Loss: 0.0018116119296949667
written to: ./results/loss_tracker_diffimg.csv
written to: ./models/img/14.1.20231109121105.pth
written to: ./models/img/14.1.20231109121105.pt
Elapsed time: 1259.9806079864502 seconds.
