14.3
ssim added to loss 14.pt freeze
Importing finished!!
cuda is going to be used!!
Dataset loaded!! Length (train dataset) - 24000
----------------------------------------------------------------
        Layer (type)               Output Shape         Param #
================================================================
            Conv2d-1           [-1, 48, 12, 12]             480
              ReLU-2           [-1, 48, 12, 12]               0
            Conv2d-3             [-1, 96, 8, 8]          18,528
              ReLU-4             [-1, 96, 8, 8]               0
            Conv2d-5            [-1, 192, 6, 6]         166,080
              ReLU-6            [-1, 192, 6, 6]               0
            Conv2d-7             [-1, 24, 3, 3]          41,496
              ReLU-8             [-1, 24, 3, 3]               0
           Flatten-9                  [-1, 216]               0
           Linear-10                  [-1, 216]          46,872
             ReLU-11                  [-1, 216]               0
        Unflatten-12             [-1, 24, 3, 3]               0
  ConvTranspose2d-13            [-1, 192, 6, 6]          41,664
  ConvTranspose2d-14             [-1, 96, 8, 8]         165,984
             ReLU-15             [-1, 96, 8, 8]               0
  ConvTranspose2d-16           [-1, 48, 12, 12]          18,480
             ReLU-17           [-1, 48, 12, 12]               0
  ConvTranspose2d-18            [-1, 1, 24, 24]             433
================================================================
Total params: 500,017
Trainable params: 130,032
Non-trainable params: 369,985
----------------------------------------------------------------
Input size (MB): 0.00
Forward/backward pass size (MB): 0.57
Params size (MB): 1.91
Estimated Total Size (MB): 2.48
----------------------------------------------------------------
None
Training started!! - Reconstruction
Epoch:0, Loss:0.146467, MSE Loss: 0.013260, SSIM: 0.203556
Epoch:10, Loss:0.076818, MSE Loss: 0.005179, SSIM: 0.107521
Epoch:20, Loss:0.073442, MSE Loss: 0.004687, SSIM: 0.102908
Epoch:30, Loss:0.068485, MSE Loss: 0.004687, SSIM: 0.095827
Epoch:40, Loss:0.063666, MSE Loss: 0.004290, SSIM: 0.089113
Epoch:50, Loss:0.060534, MSE Loss: 0.004046, SSIM: 0.084744
Epoch:60, Loss:0.056738, MSE Loss: 0.004266, SSIM: 0.079226
Epoch:70, Loss:0.064294, MSE Loss: 0.004212, SSIM: 0.090043
Epoch:80, Loss:0.066262, MSE Loss: 0.004236, SSIM: 0.092845
Epoch:90, Loss:0.061847, MSE Loss: 0.004025, SSIM: 0.086627
Epoch:99, Loss:0.061663, MSE Loss: 0.003953, SSIM: 0.086396
Avg Test Loss: MSE: 0.005067640719624857, SSIM: 0.05897337466458752
Max Test Loss: MSE: 0.019279075786471367 SSIM: 0.3564811200070206
Min Test Loss: MSE: 0.00030478055123239756 SSIM: 0.022346178138697548
written to: ./results/loss_tracker_img.csv
written to: ./models/img/14.3.20231123022428_img.pth
written to: ./models/img/14.3.20231022428_img.pt
Elapsed time: 590.8144149780273 seconds.
