14.4
with adjusted loss epoch
Importing finished!!
cuda is going to be used!!
Dataset loaded!! Length (train dataset) - 24000
----------------------------------------------------------------
        Layer (type)               Output Shape         Param #
================================================================
            Conv2d-1           [-1, 48, 12, 12]             480
              ReLU-2           [-1, 48, 12, 12]               0
            Conv2d-3             [-1, 96, 8, 8]          18,528
              ReLU-4             [-1, 96, 8, 8]               0
            Conv2d-5            [-1, 192, 6, 6]         166,080
              ReLU-6            [-1, 192, 6, 6]               0
            Conv2d-7             [-1, 24, 3, 3]          41,496
              ReLU-8             [-1, 24, 3, 3]               0
           Flatten-9                  [-1, 216]               0
        Unflatten-10             [-1, 24, 3, 3]               0
  ConvTranspose2d-11            [-1, 192, 6, 6]          41,664
             ReLU-12            [-1, 192, 6, 6]               0
  ConvTranspose2d-13             [-1, 96, 8, 8]         165,984
             ReLU-14             [-1, 96, 8, 8]               0
  ConvTranspose2d-15           [-1, 48, 12, 12]          18,480
             ReLU-16           [-1, 48, 12, 12]               0
  ConvTranspose2d-17            [-1, 1, 24, 24]             433
             Tanh-18            [-1, 1, 24, 24]               0
================================================================
Total params: 453,145
Trainable params: 453,145
Non-trainable params: 0
----------------------------------------------------------------
Input size (MB): 0.00
Forward/backward pass size (MB): 0.62
Params size (MB): 1.73
Estimated Total Size (MB): 2.36
----------------------------------------------------------------
None
Training started!! - Reconstruction
Epoch:0, Epoch Loss: 0.041418, Loss:0.026720, MSE Loss: 0.014281, SSIM: 0.138671
Epoch:10, Epoch Loss: 0.038877, Loss:0.024760, MSE Loss: 0.014767, SSIM: 0.114699
Epoch:20, Epoch Loss: 0.038411, Loss:0.024094, MSE Loss: 0.014138, SSIM: 0.113704
Epoch:30, Epoch Loss: 0.038348, Loss:0.026495, MSE Loss: 0.014739, SSIM: 0.132303
Epoch:40, Epoch Loss: 0.038149, Loss:0.022736, MSE Loss: 0.013692, SSIM: 0.104128
Epoch:50, Epoch Loss: 0.038207, Loss:0.023443, MSE Loss: 0.013826, SSIM: 0.110000
Epoch:60, Epoch Loss: 0.037981, Loss:0.023229, MSE Loss: 0.014027, SSIM: 0.106044
Epoch:70, Epoch Loss: 0.037973, Loss:0.023876, MSE Loss: 0.014187, SSIM: 0.111083
Epoch:80, Epoch Loss: 0.038027, Loss:0.024689, MSE Loss: 0.014273, SSIM: 0.118437
Epoch:90, Epoch Loss: 0.037928, Loss:0.023691, MSE Loss: 0.013722, SSIM: 0.113419
Epoch:100, Epoch Loss: 0.037952, Loss:0.025344, MSE Loss: 0.014523, SSIM: 0.122732
Epoch:110, Epoch Loss: 0.037892, Loss:0.023498, MSE Loss: 0.013747, SSIM: 0.111258
Epoch:120, Epoch Loss: 0.037824, Loss:0.023899, MSE Loss: 0.014100, SSIM: 0.112092
Epoch:130, Epoch Loss: 0.037842, Loss:0.024695, MSE Loss: 0.014266, SSIM: 0.118554
Epoch:140, Epoch Loss: 0.037929, Loss:0.024795, MSE Loss: 0.013975, SSIM: 0.122169
Epoch:150, Epoch Loss: 0.037816, Loss:0.023061, MSE Loss: 0.013921, SSIM: 0.105318
Epoch:160, Epoch Loss: 0.037932, Loss:0.022891, MSE Loss: 0.013648, SSIM: 0.106075
Epoch:170, Epoch Loss: 0.037952, Loss:0.023397, MSE Loss: 0.013788, SSIM: 0.109880
Epoch:180, Epoch Loss: 0.037931, Loss:0.024085, MSE Loss: 0.014012, SSIM: 0.114739
Epoch:190, Epoch Loss: 0.037945, Loss:0.024797, MSE Loss: 0.014063, SSIM: 0.121399
Epoch:200, Epoch Loss: 0.037977, Loss:0.023386, MSE Loss: 0.013740, SSIM: 0.110200
Epoch:210, Epoch Loss: 0.038003, Loss:0.024188, MSE Loss: 0.013998, SSIM: 0.115899
Epoch:220, Epoch Loss: 0.037958, Loss:0.026854, MSE Loss: 0.014120, SSIM: 0.141460
Epoch:230, Epoch Loss: 0.037927, Loss:0.023141, MSE Loss: 0.013977, SSIM: 0.105624
Epoch:240, Epoch Loss: 0.037903, Loss:0.023651, MSE Loss: 0.013728, SSIM: 0.112963
Epoch:250, Epoch Loss: 0.037931, Loss:0.023060, MSE Loss: 0.013844, SSIM: 0.106004
Epoch:260, Epoch Loss: 0.037861, Loss:0.024696, MSE Loss: 0.014342, SSIM: 0.117889
Epoch:270, Epoch Loss: 0.037932, Loss:0.023334, MSE Loss: 0.013724, SSIM: 0.109819
Epoch:280, Epoch Loss: 0.037860, Loss:0.024863, MSE Loss: 0.014119, SSIM: 0.121557
Epoch:290, Epoch Loss: 0.037949, Loss:0.027279, MSE Loss: 0.014933, SSIM: 0.138391
Epoch:300, Epoch Loss: 0.037955, Loss:0.024967, MSE Loss: 0.014118, SSIM: 0.122606
Epoch:310, Epoch Loss: 0.037884, Loss:0.024067, MSE Loss: 0.013890, SSIM: 0.115657
Epoch:320, Epoch Loss: 0.037874, Loss:0.025400, MSE Loss: 0.013954, SSIM: 0.128412
Epoch:330, Epoch Loss: 0.037944, Loss:0.024198, MSE Loss: 0.013897, SSIM: 0.116903
Epoch:340, Epoch Loss: 0.037934, Loss:0.024898, MSE Loss: 0.014467, SSIM: 0.118777
Epoch:350, Epoch Loss: 0.037969, Loss:0.025022, MSE Loss: 0.014646, SSIM: 0.118401
Epoch:360, Epoch Loss: 0.037832, Loss:0.024045, MSE Loss: 0.014336, SSIM: 0.111426
Epoch:370, Epoch Loss: 0.037865, Loss:0.023484, MSE Loss: 0.013625, SSIM: 0.112219
Epoch:380, Epoch Loss: 0.037854, Loss:0.025535, MSE Loss: 0.013656, SSIM: 0.132449
Epoch:390, Epoch Loss: 0.037909, Loss:0.023160, MSE Loss: 0.013884, SSIM: 0.106649
Epoch:400, Epoch Loss: 0.037911, Loss:0.024638, MSE Loss: 0.014100, SSIM: 0.119478
Epoch:410, Epoch Loss: 0.037919, Loss:0.024350, MSE Loss: 0.014087, SSIM: 0.116720
Epoch:420, Epoch Loss: 0.037851, Loss:0.024838, MSE Loss: 0.013781, SSIM: 0.124357
Epoch:430, Epoch Loss: 0.037843, Loss:0.024191, MSE Loss: 0.013773, SSIM: 0.117950
Epoch:440, Epoch Loss: 0.037883, Loss:0.025731, MSE Loss: 0.014179, SSIM: 0.129702
Epoch:450, Epoch Loss: 0.037917, Loss:0.022768, MSE Loss: 0.013597, SSIM: 0.105302
Epoch:460, Epoch Loss: 0.037880, Loss:0.024068, MSE Loss: 0.013981, SSIM: 0.114851
Epoch:470, Epoch Loss: 0.037871, Loss:0.025107, MSE Loss: 0.014098, SSIM: 0.124195
Epoch:480, Epoch Loss: 0.037829, Loss:0.024850, MSE Loss: 0.014193, SSIM: 0.120758
Epoch:490, Epoch Loss: 0.037874, Loss:0.025952, MSE Loss: 0.014307, SSIM: 0.130763
Epoch:499, Epoch Loss: 0.037829, Loss:0.024173, MSE Loss: 0.013920, SSIM: 0.116446
Avg Test Loss: MSE: 0.022528313484860216, SSIM: 0.17372070903211811
Max Test Loss: MSE: 0.13581137359142303 SSIM: 0.5903723832035874
Min Test Loss: MSE: 1.742142740113195e-05 SSIM: 0.0054435169807186545
Traceback (most recent call last):
  File "/home/kunet.ae/100053678/eit/autoencoders/eit.py", line 163, in <module>
    
    ^
  File "/home/kunet.ae/100053678/.conda/envs/eit/lib/python3.11/site-packages/pandas/core/indexing.py", line 885, in __setitem__
    iloc._setitem_with_indexer(indexer, value, self.name)
  File "/home/kunet.ae/100053678/.conda/envs/eit/lib/python3.11/site-packages/pandas/core/indexing.py", line 1883, in _setitem_with_indexer
    self._setitem_with_indexer_missing(indexer, value)
  File "/home/kunet.ae/100053678/.conda/envs/eit/lib/python3.11/site-packages/pandas/core/indexing.py", line 2219, in _setitem_with_indexer_missing
    raise ValueError("cannot set a row with mismatched columns")
ValueError: cannot set a row with mismatched columns
