14.2.1.lr
14.2.1.retrainig.2 based hidden layer added
Importing finished!!
cuda is going to be used!!
LR - 192
Dataset loaded!! Length (train dataset) - 24000
Only gonna be shown once!
----------------------------------------------------------------
        Layer (type)               Output Shape         Param #
================================================================
            Conv2d-1           [-1, 48, 12, 12]             480
              ReLU-2           [-1, 48, 12, 12]               0
            Conv2d-3             [-1, 96, 8, 8]          18,528
              ReLU-4             [-1, 96, 8, 8]               0
            Conv2d-5            [-1, 192, 6, 6]         166,080
              ReLU-6            [-1, 192, 6, 6]               0
            Conv2d-7             [-1, 24, 3, 3]          41,496
              ReLU-8             [-1, 24, 3, 3]               0
           Flatten-9                  [-1, 216]               0
           Linear-10                  [-1, 192]          41,664
           Linear-11                  [-1, 216]          41,688
             ReLU-12                  [-1, 216]               0
        Unflatten-13             [-1, 24, 3, 3]               0
  ConvTranspose2d-14            [-1, 192, 6, 6]          41,664
  ConvTranspose2d-15             [-1, 96, 8, 8]         165,984
             ReLU-16             [-1, 96, 8, 8]               0
  ConvTranspose2d-17           [-1, 48, 12, 12]          18,480
             ReLU-18           [-1, 48, 12, 12]               0
  ConvTranspose2d-19            [-1, 1, 24, 24]             433
================================================================
Total params: 536,497
Trainable params: 536,497
Non-trainable params: 0
----------------------------------------------------------------
Input size (MB): 0.00
Forward/backward pass size (MB): 0.57
Params size (MB): 2.05
Estimated Total Size (MB): 2.62
----------------------------------------------------------------
Locals
{'__name__': '__main__', '__doc__': "\nThis script is only for image reconstruction\n\nNote the following:\nReconstructor (at least the first architecture) will be from Ibrar's presentation\n21 (input with minmaxscaler and tanh) (final layer tanh input )\n    21.1 (input with tanh final with tanh)\n\nAutoencoder (will be modified Autoencoder_config (where 0014.pt is))\n14.1 (first mod to 0014.pt LR to 108)\n\nAutoencoder complete linear\n", '__package__': None, '__loader__': <_frozen_importlib_external.SourceFileLoader object at 0x153a8a64f250>, '__spec__': None, '__annotations__': {}, '__builtins__': <module 'builtins' (built-in)>, '__file__': '/home/kunet.ae/100053678/eit/autoencoders/eit.py', '__cached__': None, 'pd': <module 'pandas' from '/home/kunet.ae/100053678/.conda/envs/eit/lib/python3.11/site-packages/pandas/__init__.py'>, 'plt': <module 'matplotlib.pyplot' from '/home/kunet.ae/100053678/.conda/envs/eit/lib/python3.11/site-packages/matplotlib/pyplot.py'>, 'np': <module 'numpy' from '/home/kunet.ae/100053678/.conda/envs/eit/lib/python3.11/site-packages/numpy/__init__.py'>, 'torch': <module 'torch' from '/home/kunet.ae/100053678/.conda/envs/eit/lib/python3.11/site-packages/torch/__init__.py'>, 'nn': <module 'torch.nn' from '/home/kunet.ae/100053678/.conda/envs/eit/lib/python3.11/site-packages/torch/nn/__init__.py'>, 'yaml': <module 'yaml' from '/home/kunet.ae/100053678/.conda/envs/eit/lib/python3.11/site-packages/yaml/__init__.py'>, 'summary': <function summary at 0x1539be41b600>, 'DataLoader': <class 'torch.utils.data.dataloader.DataLoader'>, 'Dataset': <class 'torch.utils.data.dataset.Dataset'>, 'transforms': <module 'torchvision.transforms' from '/home/kunet.ae/100053678/.conda/envs/eit/lib/python3.11/site-packages/torchvision/transforms/__init__.py'>, 'time': <module 'time' (built-in)>, 'datetime': <class 'datetime.datetime'>, 'sys': <module 'sys' (built-in)>, 'Union': typing.Union, 'Optional': typing.Optional, 'ksp': <function ksp at 0x1539ba157880>, 'kspo': <function kspo at 0x1539ba157920>, 'optimizer_build': <function optimizer_build at 0x1539ba1579c0>, 'DiffImg': <class 'utils.classes.DiffImg'>, 'AutoencoderEIT_config': <class 'utils.classes.AutoencoderEIT_config'>, 'AutoencoderEIT': <class 'utils.classes.AutoencoderEIT'>, 'AutoencoderEIT142': <class 'utils.classes.AutoencoderEIT142'>, 'Reconstructor': <class 'utils.classes.Reconstructor'>, 'Autoencoder_Linear': <class 'utils.classes.Autoencoder_Linear'>, 'V2ImgLR': <class 'utils.classes.V2ImgLR'>, 'VoltageReconsturctor': <class 'utils.classes.VoltageReconsturctor'>, 'Diff2Image': <class 'utils.classes.Diff2Image'>, 'AutoencoderEIT_v': <class 'utils.classes.AutoencoderEIT_v'>, 'MinMax': <class 'utils.classes.MinMax'>, 'VoltageAE': <class 'utils.classes.VoltageAE'>, 'ResidualBlock': <class 'utils.classes.ResidualBlock'>, 'VoltageAE_base': <class 'utils.classes.VoltageAE_base'>, 'vAE': <class 'utils.classes.vAE'>, 'F': <module 'torch.nn.functional' from '/home/kunet.ae/100053678/.conda/envs/eit/lib/python3.11/site-packages/torch/nn/functional.py'>, 'ssim': <function structural_similarity at 0x1539b6fbab60>, 'deepcopy': <function deepcopy at 0x153a77970680>, 'start': 1701376884.8802679, 'seed': 64, 'batch_size': 8, 'epochs': 200, 'device': device(type='cuda'), 'lrs': [432, 408, 384, 360, 336, 312, 288, 264, 240, 216, 192], 'i': 0, 'lr': 192, 'ID': '14.2.1.lr', 'nownow': datetime.datetime(2023, 12, 1, 0, 41, 24, 944456), 'TASK': 'img', 'CONDUCTANCE_VALUES': '', 'id_config': '14.2.1.lr.20231201004124', 'DIFFS_IMGS_TRAIN_PATH': './data/eit/diffs_imgs_train.csv', 'DIFFS_IMGS_TEST_PATH': './data/eit/diffs_imgs_test.csv', 'LOSS_TRACKER_PATH': './results/loss_tracker_img.csv', 'MODEL_STATEDICT_SAVE_PATH': './models/img/14.2.1.lr.20231201004124_img.pth', 'MODEL_SAVE_PATH': './models/img/14.2.1.lr.20231201004124_img.pt', 'diff_transform': Compose(
    ToTensor()
), 'img_transform': Compose(
    ToTensor()
), 'train_dataset': <utils.classes.DiffImg object at 0x1539b5af1650>, 'train_dataloader': <torch.utils.data.dataloader.DataLoader object at 0x1539be826650>, 'test_dataset': <utils.classes.DiffImg object at 0x1539ba185bd0>, 'test_dataloader': <torch.utils.data.dataloader.DataLoader object at 0x1539b4d68150>, 'recon': AutoencoderEIT(
  (encoder): Sequential(
    (0): Conv2d(1, 48, kernel_size=(3, 3), stride=(2, 2), padding=(1, 1))
    (1): ReLU()
    (2): Conv2d(48, 96, kernel_size=(2, 2), stride=(2, 2), padding=(2, 2))
    (3): ReLU()
    (4): Conv2d(96, 192, kernel_size=(3, 3), stride=(1, 1))
    (5): ReLU()
    (6): Conv2d(192, 24, kernel_size=(3, 3), stride=(2, 2), padding=(1, 1))
    (7): ReLU()
    (8): Flatten(start_dim=1, end_dim=-1)
    (9): Linear(in_features=216, out_features=192, bias=True)
  )
  (decoder): Sequential(
    (0): Linear(in_features=192, out_features=216, bias=True)
    (1): ReLU()
    (2): Unflatten(dim=1, unflattened_size=(24, 3, 3))
    (3): ConvTranspose2d(24, 192, kernel_size=(3, 3), stride=(2, 2), padding=(1, 1), output_padding=(1, 1))
    (4): ConvTranspose2d(192, 96, kernel_size=(3, 3), stride=(1, 1))
    (5): ReLU()
    (6): ConvTranspose2d(96, 48, kernel_size=(2, 2), stride=(2, 2), padding=(2, 2))
    (7): ReLU()
    (8): ConvTranspose2d(48, 1, kernel_size=(3, 3), stride=(2, 2), padding=(1, 1), output_padding=(1, 1))
  )
), 'param': Parameter containing:
tensor([0.0006], device='cuda:0', requires_grad=True)}
Training started!! - Reconstruction
Epoch:0, Epoch Loss: 0.088753, Loss:0.083016, MSE Loss: 0.055623, SSIM: 1.104092
Best state dict, with mse_loss 0.055623, yet found @ 0...
Best state dict, with mse_loss 0.022430, yet found @ 1...
Best state dict, with mse_loss 0.020060, yet found @ 2...
Best state dict, with mse_loss 0.016698, yet found @ 4...
Best state dict, with mse_loss 0.013514, yet found @ 5...
Best state dict, with mse_loss 0.011834, yet found @ 7...
Best state dict, with mse_loss 0.011301, yet found @ 8...
Best state dict, with mse_loss 0.010598, yet found @ 9...
Epoch:10, Epoch Loss: 0.018657, Loss:0.012825, MSE Loss: 0.007898, SSIM: 0.177525
Best state dict, with mse_loss 0.007898, yet found @ 10...
Best state dict, with mse_loss 0.007203, yet found @ 12...
Best state dict, with mse_loss 0.006119, yet found @ 15...
Best state dict, with mse_loss 0.004522, yet found @ 16...
Epoch:20, Epoch Loss: 0.013398, Loss:0.009279, MSE Loss: 0.005101, SSIM: 0.134564
Best state dict, with mse_loss 0.004481, yet found @ 22...
Best state dict, with mse_loss 0.004114, yet found @ 28...
Epoch:30, Epoch Loss: 0.012655, Loss:0.016074, MSE Loss: 0.004000, SSIM: 0.281484
Best state dict, with mse_loss 0.004000, yet found @ 30...
Best state dict, with mse_loss 0.003606, yet found @ 32...
Best state dict, with mse_loss 0.002978, yet found @ 34...
Epoch:40, Epoch Loss: 0.010382, Loss:0.008249, MSE Loss: 0.004133, SSIM: 0.123650
Epoch:50, Epoch Loss: 0.009634, Loss:0.013550, MSE Loss: 0.004408, SSIM: 0.226927
Best state dict, with mse_loss 0.002669, yet found @ 57...
Epoch:60, Epoch Loss: 0.010540, Loss:0.027396, MSE Loss: 0.003761, SSIM: 0.510323
Epoch:70, Epoch Loss: 0.010492, Loss:0.023833, MSE Loss: 0.003773, SSIM: 0.438928
Best state dict, with mse_loss 0.002454, yet found @ 79...
Epoch:80, Epoch Loss: 0.009642, Loss:0.004410, MSE Loss: 0.002575, SSIM: 0.062446
Epoch:90, Epoch Loss: 0.009099, Loss:0.005156, MSE Loss: 0.002773, SSIM: 0.075386
Best state dict, with mse_loss 0.002424, yet found @ 96...
Best state dict, with mse_loss 0.002295, yet found @ 99...
Epoch:100, Epoch Loss: 0.009558, Loss:0.016879, MSE Loss: 0.003073, SSIM: 0.306845
Best state dict, with mse_loss 0.002135, yet found @ 102...
Epoch:110, Epoch Loss: 0.009591, Loss:0.010050, MSE Loss: 0.002849, SSIM: 0.172511
Epoch:120, Epoch Loss: 0.009131, Loss:0.016748, MSE Loss: 0.002837, SSIM: 0.306589
Epoch:130, Epoch Loss: 0.008849, Loss:0.008969, MSE Loss: 0.004183, SSIM: 0.137544
Epoch:140, Epoch Loss: 0.009491, Loss:0.017832, MSE Loss: 0.003025, SSIM: 0.326394
Best state dict, with mse_loss 0.002135, yet found @ 141...
Epoch:150, Epoch Loss: 0.008481, Loss:0.005043, MSE Loss: 0.002150, SSIM: 0.079369
Best state dict, with mse_loss 0.002124, yet found @ 153...
Epoch:160, Epoch Loss: 0.009313, Loss:0.013965, MSE Loss: 0.002686, SSIM: 0.252441
Epoch:170, Epoch Loss: 0.008825, Loss:0.007252, MSE Loss: 0.002943, SSIM: 0.115597
Epoch:180, Epoch Loss: 0.008486, Loss:0.003769, MSE Loss: 0.002494, SSIM: 0.050433
Best state dict, with mse_loss 0.002048, yet found @ 185...
Epoch:190, Epoch Loss: 0.008952, Loss:0.009702, MSE Loss: 0.002399, SSIM: 0.170051
Epoch:199, Epoch Loss: 0.008378, Loss:0.031541, MSE Loss: 0.004103, SSIM: 0.589796
Avg Test Loss: MSE: 0.0639227347310322, SSIM: 0.716730073476605
Max Test Loss: MSE: 0.3024139702320099 SSIM: 0.9724226995765801
Min Test Loss: MSE: 0.0005112021462991834 SSIM: 0.17074971949325213
written to: ./results/loss_tracker_img.csv
written to: ./models/img/14.2.1.lr.20231201004124_img.pth
written to: ./models/img/14.2.1.lr.20231201004124_img.pt
Elapsed time: 2695.575834274292 seconds.
LR - 216
Dataset loaded!! Length (train dataset) - 24000
Training started!! - Reconstruction
Epoch:0, Epoch Loss: 0.093809, Loss:0.078878, MSE Loss: 0.059697, SSIM: 0.980592
Best state dict, with mse_loss 0.059697, yet found @ 0...
Best state dict, with mse_loss 0.029890, yet found @ 1...
Best state dict, with mse_loss 0.022284, yet found @ 2...
Best state dict, with mse_loss 0.017908, yet found @ 3...
Best state dict, with mse_loss 0.013970, yet found @ 4...
Best state dict, with mse_loss 0.011831, yet found @ 5...
Best state dict, with mse_loss 0.008961, yet found @ 7...
Best state dict, with mse_loss 0.007822, yet found @ 9...
Epoch:10, Epoch Loss: 0.018916, Loss:0.027489, MSE Loss: 0.008751, SSIM: 0.462266
Best state dict, with mse_loss 0.005933, yet found @ 11...
Best state dict, with mse_loss 0.005677, yet found @ 15...
Best state dict, with mse_loss 0.005103, yet found @ 16...
Best state dict, with mse_loss 0.004106, yet found @ 18...
Epoch:20, Epoch Loss: 0.013628, Loss:0.013519, MSE Loss: 0.006244, SSIM: 0.207945
Best state dict, with mse_loss 0.004063, yet found @ 21...
Best state dict, with mse_loss 0.004007, yet found @ 23...
Best state dict, with mse_loss 0.003909, yet found @ 25...
Best state dict, with mse_loss 0.003192, yet found @ 27...
Epoch:30, Epoch Loss: 0.011681, Loss:0.009482, MSE Loss: 0.003984, SSIM: 0.149808
Best state dict, with mse_loss 0.002989, yet found @ 31...
Best state dict, with mse_loss 0.002919, yet found @ 36...
Epoch:40, Epoch Loss: 0.011312, Loss:0.007010, MSE Loss: 0.003007, SSIM: 0.110134
Best state dict, with mse_loss 0.002832, yet found @ 49...
Epoch:50, Epoch Loss: 0.010046, Loss:0.012192, MSE Loss: 0.003238, SSIM: 0.211456
Best state dict, with mse_loss 0.002741, yet found @ 54...
Best state dict, with mse_loss 0.002621, yet found @ 56...
Best state dict, with mse_loss 0.002381, yet found @ 59...
Epoch:60, Epoch Loss: 0.010549, Loss:0.003895, MSE Loss: 0.002422, SSIM: 0.053681
Epoch:70, Epoch Loss: 0.009706, Loss:0.028865, MSE Loss: 0.004000, SSIM: 0.537298
Best state dict, with mse_loss 0.002264, yet found @ 73...
Epoch:80, Epoch Loss: 0.009631, Loss:0.006441, MSE Loss: 0.002786, SSIM: 0.100965
Best state dict, with mse_loss 0.002228, yet found @ 83...
Best state dict, with mse_loss 0.002204, yet found @ 89...
Epoch:90, Epoch Loss: 0.009793, Loss:0.004408, MSE Loss: 0.002415, SSIM: 0.064009
Best state dict, with mse_loss 0.002049, yet found @ 94...
Epoch:100, Epoch Loss: 0.009061, Loss:0.009159, MSE Loss: 0.002614, SSIM: 0.157043
Epoch:110, Epoch Loss: 0.008890, Loss:0.027148, MSE Loss: 0.003143, SSIM: 0.511526
Best state dict, with mse_loss 0.001980, yet found @ 117...
Epoch:120, Epoch Loss: 0.009068, Loss:0.003953, MSE Loss: 0.002134, SSIM: 0.057732
Best state dict, with mse_loss 0.001758, yet found @ 123...
Epoch:130, Epoch Loss: 0.008792, Loss:0.021542, MSE Loss: 0.003053, SSIM: 0.400310
Epoch:140, Epoch Loss: 0.009099, Loss:0.006654, MSE Loss: 0.001874, SSIM: 0.114342
Epoch:150, Epoch Loss: 0.009207, Loss:0.016610, MSE Loss: 0.003160, SSIM: 0.300604
Epoch:160, Epoch Loss: 0.008709, Loss:0.005786, MSE Loss: 0.003374, SSIM: 0.081972
Epoch:170, Epoch Loss: 0.008898, Loss:0.011660, MSE Loss: 0.002564, SSIM: 0.207564
Epoch:180, Epoch Loss: 0.007351, Loss:0.005523, MSE Loss: 0.002301, SSIM: 0.087455
Epoch:190, Epoch Loss: 0.008320, Loss:0.020995, MSE Loss: 0.003193, SSIM: 0.387976
Epoch:199, Epoch Loss: 0.009105, Loss:0.004146, MSE Loss: 0.002237, SSIM: 0.060542
Avg Test Loss: MSE: 0.06386356906158229, SSIM: 0.7203127755194655
Max Test Loss: MSE: 0.30203166604042053 SSIM: 0.9814312798502843
Min Test Loss: MSE: 0.0005081017734482884 SSIM: 0.18279494681067898
written to: ./results/loss_tracker_img.csv
written to: ./models/img/14.2.1.lr.20231201012620_img.pth
written to: ./models/img/14.2.1.lr.20231201012620_img.pt
Elapsed time: 5341.882915973663 seconds.
LR - 240
Dataset loaded!! Length (train dataset) - 24000
Training started!! - Reconstruction
Epoch:0, Epoch Loss: 0.093207, Loss:0.054485, MSE Loss: 0.047172, SSIM: 0.617973
Best state dict, with mse_loss 0.047172, yet found @ 0...
Best state dict, with mse_loss 0.027446, yet found @ 1...
Best state dict, with mse_loss 0.021423, yet found @ 2...
Best state dict, with mse_loss 0.017776, yet found @ 3...
Best state dict, with mse_loss 0.014042, yet found @ 4...
Best state dict, with mse_loss 0.012461, yet found @ 5...
Best state dict, with mse_loss 0.011139, yet found @ 6...
Best state dict, with mse_loss 0.010014, yet found @ 7...
Best state dict, with mse_loss 0.009983, yet found @ 8...
Best state dict, with mse_loss 0.008240, yet found @ 9...
Epoch:10, Epoch Loss: 0.019842, Loss:0.020137, MSE Loss: 0.008245, SSIM: 0.320287
Best state dict, with mse_loss 0.007822, yet found @ 11...
Best state dict, with mse_loss 0.006529, yet found @ 13...
Best state dict, with mse_loss 0.006096, yet found @ 14...
Epoch:20, Epoch Loss: 0.015751, Loss:0.015783, MSE Loss: 0.006623, SSIM: 0.249434
Best state dict, with mse_loss 0.005914, yet found @ 21...
Best state dict, with mse_loss 0.005121, yet found @ 23...
Best state dict, with mse_loss 0.004782, yet found @ 28...
Best state dict, with mse_loss 0.004445, yet found @ 29...
Epoch:30, Epoch Loss: 0.013109, Loss:0.014454, MSE Loss: 0.005362, SSIM: 0.235456
Best state dict, with mse_loss 0.004272, yet found @ 31...
Best state dict, with mse_loss 0.003782, yet found @ 33...
Best state dict, with mse_loss 0.003763, yet found @ 37...
Best state dict, with mse_loss 0.003485, yet found @ 38...
Epoch:40, Epoch Loss: 0.011405, Loss:0.008415, MSE Loss: 0.003578, SSIM: 0.132513
Best state dict, with mse_loss 0.003179, yet found @ 47...
Best state dict, with mse_loss 0.002968, yet found @ 49...
Epoch:50, Epoch Loss: 0.010918, Loss:0.028187, MSE Loss: 0.005974, SSIM: 0.503998
Best state dict, with mse_loss 0.002343, yet found @ 58...
Epoch:60, Epoch Loss: 0.010429, Loss:0.020517, MSE Loss: 0.003565, SSIM: 0.374700
Best state dict, with mse_loss 0.002278, yet found @ 66...
Epoch:70, Epoch Loss: 0.010365, Loss:0.005034, MSE Loss: 0.002581, SSIM: 0.074862
Epoch:80, Epoch Loss: 0.009949, Loss:0.005542, MSE Loss: 0.003012, SSIM: 0.080718
Best state dict, with mse_loss 0.002191, yet found @ 83...
Epoch:90, Epoch Loss: 0.009534, Loss:0.005451, MSE Loss: 0.002331, SSIM: 0.085712
Epoch:100, Epoch Loss: 0.009365, Loss:0.008548, MSE Loss: 0.002826, SSIM: 0.142708
Epoch:110, Epoch Loss: 0.009482, Loss:0.005407, MSE Loss: 0.002812, SSIM: 0.080018
Epoch:120, Epoch Loss: 0.009132, Loss:0.008125, MSE Loss: 0.002600, SSIM: 0.136489
Best state dict, with mse_loss 0.001845, yet found @ 125...
Epoch:130, Epoch Loss: 0.010040, Loss:0.014979, MSE Loss: 0.002584, SSIM: 0.273733
Best state dict, with mse_loss 0.001817, yet found @ 138...
Epoch:140, Epoch Loss: 0.010319, Loss:0.008020, MSE Loss: 0.002333, SSIM: 0.137065
Epoch:150, Epoch Loss: 0.009072, Loss:0.011238, MSE Loss: 0.002462, SSIM: 0.200134
Epoch:160, Epoch Loss: 0.008824, Loss:0.013451, MSE Loss: 0.002370, SSIM: 0.245325
Epoch:170, Epoch Loss: 0.009180, Loss:0.010472, MSE Loss: 0.002470, SSIM: 0.184739
Epoch:180, Epoch Loss: 0.008886, Loss:0.008146, MSE Loss: 0.002091, SSIM: 0.142013
Best state dict, with mse_loss 0.001784, yet found @ 189...
Epoch:190, Epoch Loss: 0.009041, Loss:0.004759, MSE Loss: 0.003174, SSIM: 0.063436
Epoch:199, Epoch Loss: 0.008601, Loss:0.010042, MSE Loss: 0.002878, SSIM: 0.172057
Avg Test Loss: MSE: 0.06386368376684065, SSIM: 0.7202301791272582
Max Test Loss: MSE: 0.302085280418396 SSIM: 0.9810087329971771
Min Test Loss: MSE: 0.0005102990544401109 SSIM: 0.1824306920760047
written to: ./results/loss_tracker_img.csv
written to: ./models/img/14.2.1.lr.20231201021026_img.pth
written to: ./models/img/14.2.1.lr.20231201021026_img.pt
Elapsed time: 7982.3286299705505 seconds.
LR - 264
Dataset loaded!! Length (train dataset) - 24000
Training started!! - Reconstruction
Epoch:0, Epoch Loss: 0.096607, Loss:0.079473, MSE Loss: 0.062499, SSIM: 0.964478
Best state dict, with mse_loss 0.062499, yet found @ 0...
Best state dict, with mse_loss 0.035422, yet found @ 1...
Best state dict, with mse_loss 0.025828, yet found @ 2...
Best state dict, with mse_loss 0.017678, yet found @ 3...
Best state dict, with mse_loss 0.015368, yet found @ 4...
Best state dict, with mse_loss 0.013717, yet found @ 5...
Best state dict, with mse_loss 0.009431, yet found @ 7...
Best state dict, with mse_loss 0.007342, yet found @ 8...
Epoch:10, Epoch Loss: 0.020722, Loss:0.031749, MSE Loss: 0.007745, SSIM: 0.557540
Best state dict, with mse_loss 0.006150, yet found @ 11...
Best state dict, with mse_loss 0.005541, yet found @ 15...
Best state dict, with mse_loss 0.005346, yet found @ 18...
Best state dict, with mse_loss 0.004909, yet found @ 19...
Epoch:20, Epoch Loss: 0.014230, Loss:0.042152, MSE Loss: 0.007323, SSIM: 0.769808
Best state dict, with mse_loss 0.004411, yet found @ 21...
Best state dict, with mse_loss 0.004146, yet found @ 23...
Best state dict, with mse_loss 0.003862, yet found @ 25...
Best state dict, with mse_loss 0.003428, yet found @ 28...
Epoch:30, Epoch Loss: 0.012520, Loss:0.022712, MSE Loss: 0.003878, SSIM: 0.415467
Epoch:40, Epoch Loss: 0.011675, Loss:0.036197, MSE Loss: 0.006330, SSIM: 0.660648
Best state dict, with mse_loss 0.003325, yet found @ 45...
Best state dict, with mse_loss 0.002801, yet found @ 47...
Epoch:50, Epoch Loss: 0.011230, Loss:0.031493, MSE Loss: 0.004281, SSIM: 0.587042
Epoch:60, Epoch Loss: 0.010537, Loss:0.006440, MSE Loss: 0.002825, SSIM: 0.100546
Epoch:70, Epoch Loss: 0.011056, Loss:0.004610, MSE Loss: 0.002775, SSIM: 0.064438
Best state dict, with mse_loss 0.002775, yet found @ 70...
Best state dict, with mse_loss 0.002481, yet found @ 72...
Epoch:80, Epoch Loss: 0.010481, Loss:0.021870, MSE Loss: 0.003221, SSIM: 0.405183
Best state dict, with mse_loss 0.002460, yet found @ 89...
Epoch:90, Epoch Loss: 0.009949, Loss:0.006883, MSE Loss: 0.003140, SSIM: 0.106257
Epoch:100, Epoch Loss: 0.009788, Loss:0.022368, MSE Loss: 0.003613, SSIM: 0.411220
Epoch:110, Epoch Loss: 0.009754, Loss:0.004980, MSE Loss: 0.003186, SSIM: 0.067747
Best state dict, with mse_loss 0.002118, yet found @ 113...
Best state dict, with mse_loss 0.001881, yet found @ 115...
Epoch:120, Epoch Loss: 0.009724, Loss:0.008786, MSE Loss: 0.003098, SSIM: 0.144752
Epoch:130, Epoch Loss: 0.009651, Loss:0.005483, MSE Loss: 0.003169, SSIM: 0.077966
Epoch:140, Epoch Loss: 0.009413, Loss:0.006269, MSE Loss: 0.003109, SSIM: 0.094291
Epoch:150, Epoch Loss: 0.009175, Loss:0.006905, MSE Loss: 0.002622, SSIM: 0.111886
Epoch:160, Epoch Loss: 0.009736, Loss:0.021191, MSE Loss: 0.003190, SSIM: 0.391922
Best state dict, with mse_loss 0.001762, yet found @ 162...
Epoch:170, Epoch Loss: 0.009186, Loss:0.020056, MSE Loss: 0.002846, SSIM: 0.372661
Best state dict, with mse_loss 0.001683, yet found @ 174...
Epoch:180, Epoch Loss: 0.008692, Loss:0.005744, MSE Loss: 0.002097, SSIM: 0.093902
Epoch:190, Epoch Loss: 0.008985, Loss:0.006695, MSE Loss: 0.002140, SSIM: 0.112509
Epoch:199, Epoch Loss: 0.008588, Loss:0.005547, MSE Loss: 0.001758, SSIM: 0.093369
Avg Test Loss: MSE: 0.06364895716379397, SSIM: 0.720943558637689
Max Test Loss: MSE: 0.30107203125953674 SSIM: 0.9847995573963775
Min Test Loss: MSE: 0.0005090486374683678 SSIM: 0.18739245316433362
written to: ./results/loss_tracker_img.csv
written to: ./models/img/14.2.1.lr.20231201025427_img.pth
written to: ./models/img/14.2.1.lr.20231201025427_img.pt
Elapsed time: 10629.753731489182 seconds.
LR - 288
Dataset loaded!! Length (train dataset) - 24000
Training started!! - Reconstruction
Epoch:0, Epoch Loss: 0.093424, Loss:0.075919, MSE Loss: 0.050451, SSIM: 1.013877
Best state dict, with mse_loss 0.050451, yet found @ 0...
Best state dict, with mse_loss 0.037043, yet found @ 1...
Best state dict, with mse_loss 0.023613, yet found @ 2...
Best state dict, with mse_loss 0.015485, yet found @ 3...
Best state dict, with mse_loss 0.013910, yet found @ 4...
Best state dict, with mse_loss 0.009412, yet found @ 6...
Best state dict, with mse_loss 0.008494, yet found @ 7...
Best state dict, with mse_loss 0.007879, yet found @ 8...
Best state dict, with mse_loss 0.006944, yet found @ 9...
Epoch:10, Epoch Loss: 0.018584, Loss:0.012807, MSE Loss: 0.007659, SSIM: 0.179557
Best state dict, with mse_loss 0.006214, yet found @ 14...
Best state dict, with mse_loss 0.006055, yet found @ 16...
Best state dict, with mse_loss 0.004998, yet found @ 17...
Best state dict, with mse_loss 0.004782, yet found @ 18...
Epoch:20, Epoch Loss: 0.013654, Loss:0.014231, MSE Loss: 0.004590, SSIM: 0.238714
Best state dict, with mse_loss 0.004590, yet found @ 20...
Best state dict, with mse_loss 0.004230, yet found @ 21...
Best state dict, with mse_loss 0.003584, yet found @ 23...
Best state dict, with mse_loss 0.003334, yet found @ 28...
Epoch:30, Epoch Loss: 0.012466, Loss:0.026656, MSE Loss: 0.004370, SSIM: 0.489427
Best state dict, with mse_loss 0.003015, yet found @ 33...
Best state dict, with mse_loss 0.002649, yet found @ 37...
Epoch:40, Epoch Loss: 0.011048, Loss:0.005423, MSE Loss: 0.003221, SSIM: 0.076250
Epoch:50, Epoch Loss: 0.010723, Loss:0.015893, MSE Loss: 0.003804, SSIM: 0.279810
Epoch:60, Epoch Loss: 0.010727, Loss:0.011866, MSE Loss: 0.003363, SSIM: 0.203688
Epoch:70, Epoch Loss: 0.010858, Loss:0.005668, MSE Loss: 0.003604, SSIM: 0.077314
Best state dict, with mse_loss 0.002360, yet found @ 71...
Epoch:80, Epoch Loss: 0.010602, Loss:0.005538, MSE Loss: 0.003789, SSIM: 0.072878
Epoch:90, Epoch Loss: 0.009983, Loss:0.010487, MSE Loss: 0.002740, SSIM: 0.182339
Best state dict, with mse_loss 0.002276, yet found @ 94...
Epoch:100, Epoch Loss: 0.010053, Loss:0.004645, MSE Loss: 0.003316, SSIM: 0.059749
Epoch:110, Epoch Loss: 0.009720, Loss:0.004383, MSE Loss: 0.002189, SSIM: 0.065775
Best state dict, with mse_loss 0.002189, yet found @ 110...
Epoch:120, Epoch Loss: 0.009420, Loss:0.021370, MSE Loss: 0.003116, SSIM: 0.396238
Best state dict, with mse_loss 0.002113, yet found @ 121...
Epoch:130, Epoch Loss: 0.009753, Loss:0.011297, MSE Loss: 0.002647, SSIM: 0.199471
Best state dict, with mse_loss 0.002070, yet found @ 133...
Epoch:140, Epoch Loss: 0.009218, Loss:0.005039, MSE Loss: 0.003570, SSIM: 0.065092
Epoch:150, Epoch Loss: 0.010252, Loss:0.004949, MSE Loss: 0.002196, SSIM: 0.077034
Epoch:160, Epoch Loss: 0.009369, Loss:0.012259, MSE Loss: 0.002527, SSIM: 0.219905
Best state dict, with mse_loss 0.001993, yet found @ 164...
Epoch:170, Epoch Loss: 0.009111, Loss:0.007036, MSE Loss: 0.002062, SSIM: 0.120100
Best state dict, with mse_loss 0.001925, yet found @ 179...
Epoch:180, Epoch Loss: 0.008650, Loss:0.009576, MSE Loss: 0.003562, SSIM: 0.155898
Best state dict, with mse_loss 0.001910, yet found @ 185...
Epoch:190, Epoch Loss: 0.009327, Loss:0.012733, MSE Loss: 0.002365, SSIM: 0.231019
Best state dict, with mse_loss 0.001844, yet found @ 192...
Epoch:199, Epoch Loss: 0.008691, Loss:0.005345, MSE Loss: 0.002632, SSIM: 0.080576
Avg Test Loss: MSE: 0.06363971891192098, SSIM: 0.7170762698615982
Max Test Loss: MSE: 0.30094289779663086 SSIM: 0.9745026675899467
Min Test Loss: MSE: 0.0005104105221107602 SSIM: 0.1752979920280201
written to: ./results/loss_tracker_img.csv
written to: ./models/img/14.2.1.lr.20231201033834_img.pth
written to: ./models/img/14.2.1.lr.20231201033834_img.pt
Elapsed time: 13275.338457107544 seconds.
LR - 312
Dataset loaded!! Length (train dataset) - 24000
Training started!! - Reconstruction
Epoch:0, Epoch Loss: 0.090195, Loss:0.051487, MSE Loss: 0.041017, SSIM: 0.619561
Best state dict, with mse_loss 0.041017, yet found @ 0...
Best state dict, with mse_loss 0.026655, yet found @ 2...
Best state dict, with mse_loss 0.017792, yet found @ 3...
Best state dict, with mse_loss 0.015996, yet found @ 4...
Best state dict, with mse_loss 0.011453, yet found @ 5...
Best state dict, with mse_loss 0.008965, yet found @ 7...
Epoch:10, Epoch Loss: 0.017538, Loss:0.033145, MSE Loss: 0.007978, SSIM: 0.583118
Best state dict, with mse_loss 0.007978, yet found @ 10...
Best state dict, with mse_loss 0.006224, yet found @ 11...
Best state dict, with mse_loss 0.004738, yet found @ 15...
Best state dict, with mse_loss 0.004588, yet found @ 18...
Epoch:20, Epoch Loss: 0.013017, Loss:0.012881, MSE Loss: 0.003876, SSIM: 0.218857
Best state dict, with mse_loss 0.003876, yet found @ 20...
Best state dict, with mse_loss 0.003775, yet found @ 21...
Best state dict, with mse_loss 0.003610, yet found @ 27...
Best state dict, with mse_loss 0.003257, yet found @ 28...
Epoch:30, Epoch Loss: 0.012680, Loss:0.014155, MSE Loss: 0.003769, SSIM: 0.245410
Best state dict, with mse_loss 0.002999, yet found @ 31...
Best state dict, with mse_loss 0.002369, yet found @ 39...
Epoch:40, Epoch Loss: 0.010522, Loss:0.005959, MSE Loss: 0.003407, SSIM: 0.085119
Epoch:50, Epoch Loss: 0.010057, Loss:0.005608, MSE Loss: 0.004801, SSIM: 0.064148
Epoch:60, Epoch Loss: 0.009734, Loss:0.004944, MSE Loss: 0.003420, SSIM: 0.064677
Epoch:70, Epoch Loss: 0.010168, Loss:0.005641, MSE Loss: 0.002668, SSIM: 0.086145
Epoch:80, Epoch Loss: 0.009266, Loss:0.007559, MSE Loss: 0.003323, SSIM: 0.117950
Best state dict, with mse_loss 0.002306, yet found @ 86...
Epoch:90, Epoch Loss: 0.009293, Loss:0.017757, MSE Loss: 0.004057, SSIM: 0.314572
Best state dict, with mse_loss 0.002194, yet found @ 95...
Epoch:100, Epoch Loss: 0.010255, Loss:0.004718, MSE Loss: 0.001971, SSIM: 0.074644
Best state dict, with mse_loss 0.001971, yet found @ 100...
Epoch:110, Epoch Loss: 0.009565, Loss:0.015576, MSE Loss: 0.002900, SSIM: 0.282520
Epoch:120, Epoch Loss: 0.009596, Loss:0.004763, MSE Loss: 0.003274, SSIM: 0.062531
Epoch:130, Epoch Loss: 0.008733, Loss:0.005863, MSE Loss: 0.002384, SSIM: 0.093421
Epoch:140, Epoch Loss: 0.009184, Loss:0.004174, MSE Loss: 0.002206, SSIM: 0.061416
Epoch:150, Epoch Loss: 0.008382, Loss:0.012498, MSE Loss: 0.002356, SSIM: 0.226403
Epoch:160, Epoch Loss: 0.009199, Loss:0.009160, MSE Loss: 0.002332, SSIM: 0.159892
Best state dict, with mse_loss 0.001944, yet found @ 166...
Epoch:170, Epoch Loss: 0.008630, Loss:0.017506, MSE Loss: 0.002417, SSIM: 0.325939
Epoch:180, Epoch Loss: 0.008862, Loss:0.018669, MSE Loss: 0.002745, SSIM: 0.345923
Epoch:190, Epoch Loss: 0.008796, Loss:0.006575, MSE Loss: 0.001896, SSIM: 0.112544
Best state dict, with mse_loss 0.001896, yet found @ 190...
Epoch:199, Epoch Loss: 0.008644, Loss:0.007705, MSE Loss: 0.002073, SSIM: 0.133374
Avg Test Loss: MSE: 0.06415169599233195, SSIM: 0.7203799735081112
Max Test Loss: MSE: 0.3034403622150421 SSIM: 0.979357573510231
Min Test Loss: MSE: 0.0005104614538140595 SSIM: 0.17980965448365216
written to: ./results/loss_tracker_img.csv
written to: ./models/img/14.2.1.lr.20231201042240_img.pth
written to: ./models/img/14.2.1.lr.20231201042240_img.pt
Elapsed time: 16121.618114471436 seconds.
LR - 336
Dataset loaded!! Length (train dataset) - 24000
Training started!! - Reconstruction
Epoch:0, Epoch Loss: 0.093976, Loss:0.080584, MSE Loss: 0.058269, SSIM: 1.028999
Best state dict, with mse_loss 0.058269, yet found @ 0...
Best state dict, with mse_loss 0.025418, yet found @ 1...
Best state dict, with mse_loss 0.020632, yet found @ 2...
Best state dict, with mse_loss 0.018659, yet found @ 3...
Best state dict, with mse_loss 0.017459, yet found @ 4...
Best state dict, with mse_loss 0.012135, yet found @ 5...
Best state dict, with mse_loss 0.009322, yet found @ 6...
Best state dict, with mse_loss 0.008905, yet found @ 7...
Best state dict, with mse_loss 0.008422, yet found @ 8...
Best state dict, with mse_loss 0.008338, yet found @ 9...
Epoch:10, Epoch Loss: 0.019218, Loss:0.028591, MSE Loss: 0.007901, SSIM: 0.492800
Best state dict, with mse_loss 0.007901, yet found @ 10...
Best state dict, with mse_loss 0.006626, yet found @ 13...
Best state dict, with mse_loss 0.006423, yet found @ 14...
Best state dict, with mse_loss 0.005396, yet found @ 15...
Best state dict, with mse_loss 0.005359, yet found @ 19...
Epoch:20, Epoch Loss: 0.014732, Loss:0.034553, MSE Loss: 0.006518, SSIM: 0.625881
Best state dict, with mse_loss 0.004636, yet found @ 21...
Best state dict, with mse_loss 0.004325, yet found @ 22...
Best state dict, with mse_loss 0.004307, yet found @ 25...
Epoch:30, Epoch Loss: 0.013032, Loss:0.035058, MSE Loss: 0.005857, SSIM: 0.642601
Best state dict, with mse_loss 0.003908, yet found @ 35...
Best state dict, with mse_loss 0.003719, yet found @ 36...
Best state dict, with mse_loss 0.003555, yet found @ 37...
Epoch:40, Epoch Loss: 0.011923, Loss:0.015268, MSE Loss: 0.003963, SSIM: 0.265719
Best state dict, with mse_loss 0.003084, yet found @ 43...
Epoch:50, Epoch Loss: 0.011860, Loss:0.007028, MSE Loss: 0.002824, SSIM: 0.112321
Best state dict, with mse_loss 0.002824, yet found @ 50...
Epoch:60, Epoch Loss: 0.011497, Loss:0.007079, MSE Loss: 0.002797, SSIM: 0.113612
Best state dict, with mse_loss 0.002797, yet found @ 60...
Epoch:70, Epoch Loss: 0.012433, Loss:0.005562, MSE Loss: 0.002739, SSIM: 0.083843
Best state dict, with mse_loss 0.002739, yet found @ 70...
Epoch:80, Epoch Loss: 0.011128, Loss:0.006866, MSE Loss: 0.002434, SSIM: 0.112990
Best state dict, with mse_loss 0.002434, yet found @ 80...
Epoch:90, Epoch Loss: 0.010513, Loss:0.006055, MSE Loss: 0.003320, SSIM: 0.087887
Epoch:100, Epoch Loss: 0.010404, Loss:0.026518, MSE Loss: 0.004270, SSIM: 0.487652
Epoch:110, Epoch Loss: 0.010216, Loss:0.005562, MSE Loss: 0.003036, SSIM: 0.080888
Epoch:120, Epoch Loss: 0.010470, Loss:0.008316, MSE Loss: 0.003382, SSIM: 0.132492
Epoch:130, Epoch Loss: 0.009892, Loss:0.010085, MSE Loss: 0.003471, SSIM: 0.166987
Best state dict, with mse_loss 0.002280, yet found @ 131...
Epoch:140, Epoch Loss: 0.009940, Loss:0.029538, MSE Loss: 0.003993, SSIM: 0.550833
Best state dict, with mse_loss 0.002237, yet found @ 148...
Epoch:150, Epoch Loss: 0.010071, Loss:0.006642, MSE Loss: 0.003973, SSIM: 0.093106
Epoch:160, Epoch Loss: 0.008992, Loss:0.025575, MSE Loss: 0.003531, SSIM: 0.476191
Best state dict, with mse_loss 0.002112, yet found @ 167...
Epoch:170, Epoch Loss: 0.009281, Loss:0.042609, MSE Loss: 0.008337, SSIM: 0.768822
Best state dict, with mse_loss 0.002106, yet found @ 179...
Epoch:180, Epoch Loss: 0.009196, Loss:0.017993, MSE Loss: 0.002720, SSIM: 0.332657
Epoch:190, Epoch Loss: 0.009366, Loss:0.020816, MSE Loss: 0.004051, SSIM: 0.375816
Best state dict, with mse_loss 0.001717, yet found @ 192...
Epoch:199, Epoch Loss: 0.009302, Loss:0.016873, MSE Loss: 0.002675, SSIM: 0.310700
Avg Test Loss: MSE: 0.06363296067505143, SSIM: 0.7153576888887613
Max Test Loss: MSE: 0.301054447889328 SSIM: 0.9714169347178001
Min Test Loss: MSE: 0.0005110210622660816 SSIM: 0.16998508560505732
written to: ./results/loss_tracker_img.csv
written to: ./models/img/14.2.1.lr.20231201051006_img.pth
written to: ./models/img/14.2.1.lr.20231201051006_img.pt
Elapsed time: 18847.381166934967 seconds.
LR - 360
Dataset loaded!! Length (train dataset) - 24000
Training started!! - Reconstruction
Epoch:0, Epoch Loss: 0.090147, Loss:0.064208, MSE Loss: 0.034964, SSIM: 0.934514
Best state dict, with mse_loss 0.034964, yet found @ 0...
Best state dict, with mse_loss 0.022885, yet found @ 1...
Best state dict, with mse_loss 0.022292, yet found @ 2...
Best state dict, with mse_loss 0.015318, yet found @ 3...
Best state dict, with mse_loss 0.011643, yet found @ 4...
Best state dict, with mse_loss 0.008869, yet found @ 5...
Best state dict, with mse_loss 0.007464, yet found @ 7...
Best state dict, with mse_loss 0.006626, yet found @ 8...
Epoch:10, Epoch Loss: 0.017521, Loss:0.012459, MSE Loss: 0.006458, SSIM: 0.184593
Best state dict, with mse_loss 0.006458, yet found @ 10...
Best state dict, with mse_loss 0.004268, yet found @ 12...
Best state dict, with mse_loss 0.003795, yet found @ 18...
Epoch:20, Epoch Loss: 0.013373, Loss:0.009244, MSE Loss: 0.004895, SSIM: 0.135942
Best state dict, with mse_loss 0.003691, yet found @ 23...
Best state dict, with mse_loss 0.003362, yet found @ 26...
Best state dict, with mse_loss 0.003212, yet found @ 28...
Epoch:30, Epoch Loss: 0.011702, Loss:0.010984, MSE Loss: 0.003569, SSIM: 0.183997
Best state dict, with mse_loss 0.002860, yet found @ 31...
Epoch:40, Epoch Loss: 0.012153, Loss:0.031164, MSE Loss: 0.004823, SSIM: 0.575057
Best state dict, with mse_loss 0.002799, yet found @ 49...
Epoch:50, Epoch Loss: 0.011430, Loss:0.026021, MSE Loss: 0.003739, SSIM: 0.483031
Best state dict, with mse_loss 0.002557, yet found @ 56...
Best state dict, with mse_loss 0.002501, yet found @ 59...
Epoch:60, Epoch Loss: 0.010973, Loss:0.005218, MSE Loss: 0.003058, SSIM: 0.073767
Epoch:70, Epoch Loss: 0.010560, Loss:0.023248, MSE Loss: 0.004012, SSIM: 0.424847
Epoch:80, Epoch Loss: 0.010314, Loss:0.009268, MSE Loss: 0.002503, SSIM: 0.160343
Best state dict, with mse_loss 0.002414, yet found @ 85...
Best state dict, with mse_loss 0.002393, yet found @ 88...
Epoch:90, Epoch Loss: 0.010326, Loss:0.032158, MSE Loss: 0.003850, SSIM: 0.604661
Best state dict, with mse_loss 0.002318, yet found @ 91...
Best state dict, with mse_loss 0.002124, yet found @ 95...
Epoch:100, Epoch Loss: 0.009796, Loss:0.010701, MSE Loss: 0.002935, SSIM: 0.184664
Best state dict, with mse_loss 0.002092, yet found @ 104...
Epoch:110, Epoch Loss: 0.010005, Loss:0.021884, MSE Loss: 0.003802, SSIM: 0.399651
Epoch:120, Epoch Loss: 0.010891, Loss:0.004084, MSE Loss: 0.002161, SSIM: 0.060061
Best state dict, with mse_loss 0.001810, yet found @ 124...
Epoch:130, Epoch Loss: 0.009822, Loss:0.004585, MSE Loss: 0.002462, SSIM: 0.067083
Epoch:140, Epoch Loss: 0.010039, Loss:0.005387, MSE Loss: 0.002392, SSIM: 0.083818
Epoch:150, Epoch Loss: 0.009709, Loss:0.007613, MSE Loss: 0.002124, SSIM: 0.131022
Epoch:160, Epoch Loss: 0.009904, Loss:0.026890, MSE Loss: 0.004720, SSIM: 0.490594
Epoch:170, Epoch Loss: 0.009396, Loss:0.016525, MSE Loss: 0.003063, SSIM: 0.299875
Epoch:180, Epoch Loss: 0.009028, Loss:0.008927, MSE Loss: 0.002195, SSIM: 0.156588
Epoch:190, Epoch Loss: 0.008709, Loss:0.003831, MSE Loss: 0.002035, SSIM: 0.056281
Epoch:199, Epoch Loss: 0.009129, Loss:0.012876, MSE Loss: 0.002541, SSIM: 0.232112
Avg Test Loss: MSE: 0.06316961616231129, SSIM: 0.7144662112175209
Max Test Loss: MSE: 0.29877474904060364 SSIM: 0.9720887431506942
Min Test Loss: MSE: 0.0005077719688415527 SSIM: 0.1740168654848534
written to: ./results/loss_tracker_img.csv
written to: ./models/img/14.2.1.lr.20231201055532_img.pth
written to: ./models/img/14.2.1.lr.20231201055532_img.pt
Elapsed time: 21495.237483739853 seconds.
LR - 384
Dataset loaded!! Length (train dataset) - 24000
Training started!! - Reconstruction
Epoch:0, Epoch Loss: 0.090388, Loss:0.056055, MSE Loss: 0.039016, SSIM: 0.730930
Best state dict, with mse_loss 0.039016, yet found @ 0...
Best state dict, with mse_loss 0.032912, yet found @ 1...
Best state dict, with mse_loss 0.017836, yet found @ 2...
Best state dict, with mse_loss 0.014978, yet found @ 3...
Best state dict, with mse_loss 0.013241, yet found @ 4...
Best state dict, with mse_loss 0.009758, yet found @ 5...
Best state dict, with mse_loss 0.009077, yet found @ 6...
Best state dict, with mse_loss 0.008269, yet found @ 8...
Best state dict, with mse_loss 0.007258, yet found @ 9...
Epoch:10, Epoch Loss: 0.016932, Loss:0.028573, MSE Loss: 0.006389, SSIM: 0.507572
Best state dict, with mse_loss 0.006389, yet found @ 10...
Best state dict, with mse_loss 0.005931, yet found @ 12...
Best state dict, with mse_loss 0.005616, yet found @ 14...
Best state dict, with mse_loss 0.005230, yet found @ 15...
Best state dict, with mse_loss 0.004533, yet found @ 16...
Best state dict, with mse_loss 0.003886, yet found @ 19...
Epoch:20, Epoch Loss: 0.012747, Loss:0.040510, MSE Loss: 0.006107, SSIM: 0.749131
Best state dict, with mse_loss 0.003863, yet found @ 22...
Best state dict, with mse_loss 0.003785, yet found @ 23...
Best state dict, with mse_loss 0.003781, yet found @ 29...
Epoch:30, Epoch Loss: 0.011946, Loss:0.015311, MSE Loss: 0.004876, SSIM: 0.257451
Best state dict, with mse_loss 0.003311, yet found @ 31...
Epoch:40, Epoch Loss: 0.011129, Loss:0.006794, MSE Loss: 0.003527, SSIM: 0.100616
Best state dict, with mse_loss 0.003145, yet found @ 43...
Epoch:50, Epoch Loss: 0.011434, Loss:0.011406, MSE Loss: 0.003923, SSIM: 0.188880
Best state dict, with mse_loss 0.002660, yet found @ 52...
Epoch:60, Epoch Loss: 0.011000, Loss:0.004486, MSE Loss: 0.002690, SSIM: 0.062815
Best state dict, with mse_loss 0.002642, yet found @ 69...
Epoch:70, Epoch Loss: 0.010498, Loss:0.017416, MSE Loss: 0.003080, SSIM: 0.317517
Epoch:80, Epoch Loss: 0.010077, Loss:0.027916, MSE Loss: 0.004622, SSIM: 0.512100
Epoch:90, Epoch Loss: 0.009931, Loss:0.013610, MSE Loss: 0.002644, SSIM: 0.245762
Best state dict, with mse_loss 0.002255, yet found @ 93...
Best state dict, with mse_loss 0.002000, yet found @ 94...
Epoch:100, Epoch Loss: 0.010671, Loss:0.005875, MSE Loss: 0.002068, SSIM: 0.096814
Epoch:110, Epoch Loss: 0.010016, Loss:0.003581, MSE Loss: 0.002294, SSIM: 0.048686
Best state dict, with mse_loss 0.001967, yet found @ 117...
Epoch:120, Epoch Loss: 0.009881, Loss:0.004387, MSE Loss: 0.003207, SSIM: 0.055669
Epoch:130, Epoch Loss: 0.009753, Loss:0.004940, MSE Loss: 0.002871, SSIM: 0.070086
Epoch:140, Epoch Loss: 0.009652, Loss:0.003760, MSE Loss: 0.002275, SSIM: 0.052460
Best state dict, with mse_loss 0.001933, yet found @ 143...
Epoch:150, Epoch Loss: 0.008832, Loss:0.023199, MSE Loss: 0.002848, SSIM: 0.435502
Best state dict, with mse_loss 0.001787, yet found @ 152...
Best state dict, with mse_loss 0.001682, yet found @ 156...
Epoch:160, Epoch Loss: 0.009313, Loss:0.008796, MSE Loss: 0.002086, SSIM: 0.155056
Epoch:170, Epoch Loss: 0.010865, Loss:0.005230, MSE Loss: 0.002101, SSIM: 0.083595
Epoch:180, Epoch Loss: 0.009192, Loss:0.005266, MSE Loss: 0.001798, SSIM: 0.087348
Best state dict, with mse_loss 0.001582, yet found @ 181...
Best state dict, with mse_loss 0.001481, yet found @ 183...
Epoch:190, Epoch Loss: 0.008831, Loss:0.004339, MSE Loss: 0.001702, SSIM: 0.069761
Best state dict, with mse_loss 0.001421, yet found @ 196...
Epoch:199, Epoch Loss: 0.008554, Loss:0.012126, MSE Loss: 0.001916, SSIM: 0.223354
Avg Test Loss: MSE: 0.06386163520836272, SSIM: 0.7204747670994084
Max Test Loss: MSE: 0.3019469082355499 SSIM: 0.9820735129160536
Min Test Loss: MSE: 0.0005101687856949866 SSIM: 0.18346257597052806
written to: ./results/loss_tracker_img.csv
written to: ./models/img/14.2.1.lr.20231201063940_img.pth
written to: ./models/img/14.2.1.lr.20231201063940_img.pt
Elapsed time: 24153.98366498947 seconds.
LR - 408
Dataset loaded!! Length (train dataset) - 24000
Training started!! - Reconstruction
Epoch:0, Epoch Loss: 0.086492, Loss:0.059504, MSE Loss: 0.042011, SSIM: 0.769961
Best state dict, with mse_loss 0.042011, yet found @ 0...
Best state dict, with mse_loss 0.026746, yet found @ 1...
Best state dict, with mse_loss 0.024621, yet found @ 2...
Best state dict, with mse_loss 0.012045, yet found @ 3...
Best state dict, with mse_loss 0.011532, yet found @ 4...
Best state dict, with mse_loss 0.008936, yet found @ 6...
Best state dict, with mse_loss 0.007653, yet found @ 7...
Best state dict, with mse_loss 0.006634, yet found @ 8...
Best state dict, with mse_loss 0.005210, yet found @ 9...
Epoch:10, Epoch Loss: 0.018092, Loss:0.027673, MSE Loss: 0.007137, SSIM: 0.482089
Best state dict, with mse_loss 0.004809, yet found @ 17...
Best state dict, with mse_loss 0.003883, yet found @ 19...
Epoch:20, Epoch Loss: 0.013758, Loss:0.016539, MSE Loss: 0.004628, SSIM: 0.284509
Best state dict, with mse_loss 0.003673, yet found @ 24...
Best state dict, with mse_loss 0.003278, yet found @ 28...
Epoch:30, Epoch Loss: 0.012734, Loss:0.008855, MSE Loss: 0.003196, SSIM: 0.145147
Best state dict, with mse_loss 0.003196, yet found @ 30...
Best state dict, with mse_loss 0.003192, yet found @ 37...
Best state dict, with mse_loss 0.002742, yet found @ 39...
Epoch:40, Epoch Loss: 0.011903, Loss:0.019491, MSE Loss: 0.003262, SSIM: 0.357212
Best state dict, with mse_loss 0.002685, yet found @ 42...
Epoch:50, Epoch Loss: 0.009915, Loss:0.006480, MSE Loss: 0.002102, SSIM: 0.108585
Best state dict, with mse_loss 0.002102, yet found @ 50...
Epoch:60, Epoch Loss: 0.010056, Loss:0.007058, MSE Loss: 0.003125, SSIM: 0.109906
Epoch:70, Epoch Loss: 0.009760, Loss:0.010193, MSE Loss: 0.003632, SSIM: 0.167546
Epoch:80, Epoch Loss: 0.009406, Loss:0.012245, MSE Loss: 0.003272, SSIM: 0.212192
Best state dict, with mse_loss 0.002047, yet found @ 87...
Epoch:90, Epoch Loss: 0.009445, Loss:0.004147, MSE Loss: 0.002524, SSIM: 0.057704
Best state dict, with mse_loss 0.002027, yet found @ 93...
Epoch:100, Epoch Loss: 0.009174, Loss:0.003751, MSE Loss: 0.001969, SSIM: 0.055330
Best state dict, with mse_loss 0.001969, yet found @ 100...
Epoch:110, Epoch Loss: 0.009048, Loss:0.013321, MSE Loss: 0.002805, SSIM: 0.238364
Epoch:120, Epoch Loss: 0.009461, Loss:0.004973, MSE Loss: 0.002732, SSIM: 0.072144
Epoch:130, Epoch Loss: 0.008341, Loss:0.005500, MSE Loss: 0.002612, SSIM: 0.083888
Best state dict, with mse_loss 0.001891, yet found @ 131...
Best state dict, with mse_loss 0.001832, yet found @ 136...
Epoch:140, Epoch Loss: 0.009108, Loss:0.012063, MSE Loss: 0.002399, SSIM: 0.217272
Epoch:150, Epoch Loss: 0.008155, Loss:0.008297, MSE Loss: 0.002534, SSIM: 0.140597
Epoch:160, Epoch Loss: 0.008879, Loss:0.005334, MSE Loss: 0.003581, SSIM: 0.070878
Epoch:170, Epoch Loss: 0.009087, Loss:0.009041, MSE Loss: 0.003088, SSIM: 0.149938
Best state dict, with mse_loss 0.001741, yet found @ 179...
Epoch:180, Epoch Loss: 0.008837, Loss:0.005498, MSE Loss: 0.002491, SSIM: 0.085051
Epoch:190, Epoch Loss: 0.008716, Loss:0.006409, MSE Loss: 0.003059, SSIM: 0.097578
Epoch:199, Epoch Loss: 0.008379, Loss:0.003688, MSE Loss: 0.001701, SSIM: 0.056751
Best state dict, with mse_loss 0.001701, yet found @ 199...
Avg Test Loss: MSE: 0.06401808007364161, SSIM: 0.7214655585175299
Max Test Loss: MSE: 0.30273500084877014 SSIM: 0.9828870022941789
Min Test Loss: MSE: 0.000509748118929565 SSIM: 0.18427021107147734
written to: ./results/loss_tracker_img.csv
written to: ./models/img/14.2.1.lr.20231201072358_img.pth
written to: ./models/img/14.2.1.lr.20231201072358_img.pt
Elapsed time: 26806.019692659378 seconds.
LR - 432
Dataset loaded!! Length (train dataset) - 24000
Training started!! - Reconstruction
Epoch:0, Epoch Loss: 0.091231, Loss:0.076072, MSE Loss: 0.045429, SSIM: 1.067144
Best state dict, with mse_loss 0.045429, yet found @ 0...
Best state dict, with mse_loss 0.032167, yet found @ 1...
Best state dict, with mse_loss 0.015652, yet found @ 2...
Best state dict, with mse_loss 0.012868, yet found @ 3...
Best state dict, with mse_loss 0.009512, yet found @ 4...
Best state dict, with mse_loss 0.008781, yet found @ 5...
Best state dict, with mse_loss 0.007915, yet found @ 6...
Best state dict, with mse_loss 0.007324, yet found @ 7...
Best state dict, with mse_loss 0.007263, yet found @ 8...
Epoch:10, Epoch Loss: 0.019301, Loss:0.021320, MSE Loss: 0.006254, SSIM: 0.363865
Best state dict, with mse_loss 0.006254, yet found @ 10...
Best state dict, with mse_loss 0.005169, yet found @ 13...
Best state dict, with mse_loss 0.004986, yet found @ 15...
Best state dict, with mse_loss 0.004285, yet found @ 16...
Epoch:20, Epoch Loss: 0.014510, Loss:0.011104, MSE Loss: 0.005829, SSIM: 0.163800
Best state dict, with mse_loss 0.004164, yet found @ 29...
Epoch:30, Epoch Loss: 0.013103, Loss:0.012445, MSE Loss: 0.004692, SSIM: 0.201980
Best state dict, with mse_loss 0.003503, yet found @ 32...
Best state dict, with mse_loss 0.002712, yet found @ 37...
Epoch:40, Epoch Loss: 0.012751, Loss:0.042547, MSE Loss: 0.006364, SSIM: 0.787296
Epoch:50, Epoch Loss: 0.011815, Loss:0.005150, MSE Loss: 0.003299, SSIM: 0.070016
Best state dict, with mse_loss 0.002369, yet found @ 56...
Epoch:60, Epoch Loss: 0.011592, Loss:0.017035, MSE Loss: 0.003839, SSIM: 0.302321
Epoch:70, Epoch Loss: 0.011516, Loss:0.015648, MSE Loss: 0.004048, SSIM: 0.272473
Best state dict, with mse_loss 0.002283, yet found @ 73...
Epoch:80, Epoch Loss: 0.010929, Loss:0.006713, MSE Loss: 0.002286, SSIM: 0.111406
Best state dict, with mse_loss 0.002276, yet found @ 82...
Epoch:90, Epoch Loss: 0.010950, Loss:0.004628, MSE Loss: 0.003123, SSIM: 0.061336
Best state dict, with mse_loss 0.002180, yet found @ 91...
Best state dict, with mse_loss 0.001912, yet found @ 92...
Epoch:100, Epoch Loss: 0.010414, Loss:0.004728, MSE Loss: 0.002493, SSIM: 0.069635
Epoch:110, Epoch Loss: 0.010359, Loss:0.007377, MSE Loss: 0.002253, SSIM: 0.125014
Epoch:120, Epoch Loss: 0.009957, Loss:0.004414, MSE Loss: 0.002278, SSIM: 0.065502
Epoch:130, Epoch Loss: 0.009989, Loss:0.013669, MSE Loss: 0.002864, SSIM: 0.244749
Best state dict, with mse_loss 0.001729, yet found @ 134...
Epoch:140, Epoch Loss: 0.010248, Loss:0.019267, MSE Loss: 0.002454, SSIM: 0.360801
Epoch:150, Epoch Loss: 0.010228, Loss:0.012528, MSE Loss: 0.003261, SSIM: 0.217952
Epoch:160, Epoch Loss: 0.009656, Loss:0.003589, MSE Loss: 0.001925, SSIM: 0.052529
Best state dict, with mse_loss 0.001419, yet found @ 165...
Epoch:170, Epoch Loss: 0.009827, Loss:0.032878, MSE Loss: 0.003981, SSIM: 0.617753
Epoch:180, Epoch Loss: 0.009840, Loss:0.003982, MSE Loss: 0.001615, SSIM: 0.063487
Epoch:190, Epoch Loss: 0.009314, Loss:0.004426, MSE Loss: 0.002064, SSIM: 0.067880
Epoch:199, Epoch Loss: 0.009292, Loss:0.009997, MSE Loss: 0.002903, SSIM: 0.170914
Avg Test Loss: MSE: 0.06315923699457199, SSIM: 0.7173848855367182
Max Test Loss: MSE: 0.2988629937171936 SSIM: 0.9797337487175412
Min Test Loss: MSE: 0.0005084329168312252 SSIM: 0.18271474158937506
written to: ./results/loss_tracker_img.csv
written to: ./models/img/14.2.1.lr.20231201080810_img.pth
written to: ./models/img/14.2.1.lr.20231201080810_img.pt
Elapsed time: 29458.177513599396 seconds.
