21
Importing finished!!
cuda is going to be used!!
Dataset loaded!!
----------------------------------------------------------------
        Layer (type)               Output Shape         Param #
================================================================
            Conv2d-1           [-1, 32, 12, 12]             320
              ReLU-2           [-1, 32, 12, 12]               0
            Conv2d-3             [-1, 64, 6, 6]          18,496
              ReLU-4             [-1, 64, 6, 6]               0
            Conv2d-5            [-1, 128, 3, 3]          73,856
              ReLU-6            [-1, 128, 3, 3]               0
            Conv2d-7            [-1, 256, 1, 1]         131,328
              ReLU-8            [-1, 256, 1, 1]               0
           Flatten-9                  [-1, 256]               0
        Unflatten-10            [-1, 256, 1, 1]               0
  ConvTranspose2d-11            [-1, 128, 3, 3]         131,200
             ReLU-12            [-1, 128, 3, 3]               0
  ConvTranspose2d-13             [-1, 64, 6, 6]          73,792
             ReLU-14             [-1, 64, 6, 6]               0
  ConvTranspose2d-15           [-1, 32, 12, 12]          18,464
             ReLU-16           [-1, 32, 12, 12]               0
  ConvTranspose2d-17            [-1, 1, 24, 24]             289
             Tanh-18            [-1, 1, 24, 24]               0
================================================================
Total params: 447,745
Trainable params: 447,745
Non-trainable params: 0
----------------------------------------------------------------
Input size (MB): 0.00
Forward/backward pass size (MB): 0.26
Params size (MB): 1.71
Estimated Total Size (MB): 1.97
----------------------------------------------------------------
None
Training started!! - Reconstruction
Epoch:0, Loss:0.080514
Epoch:20, Loss:0.076406
Epoch:40, Loss:0.076237
Epoch:60, Loss:0.076177
Epoch:80, Loss:0.075989
Epoch:100, Loss:0.076077
Epoch:120, Loss:0.076047
Epoch:140, Loss:0.076310
Epoch:160, Loss:0.075982
Epoch:180, Loss:0.076133
Avg Test Loss: 0.17513948197166124
written to: ./results/loss_tracker_diffimg.csv
written to: ./models/img/21.20231108162719.pth
written to: ./models/img/21.20231108162719.pt
Elapsed time: 2807.8243205547333 seconds.
