14.5
exploring lrs
Importing finished!!
cuda is going to be used!!
LR - 432
Dataset loaded!! Length (train dataset) - 24000
Only gonna be shown once!
----------------------------------------------------------------
        Layer (type)               Output Shape         Param #
================================================================
            Conv2d-1           [-1, 48, 12, 12]             480
              ReLU-2           [-1, 48, 12, 12]               0
            Conv2d-3             [-1, 96, 8, 8]          18,528
              ReLU-4             [-1, 96, 8, 8]               0
            Conv2d-5            [-1, 192, 6, 6]         166,080
              ReLU-6            [-1, 192, 6, 6]               0
            Conv2d-7             [-1, 48, 3, 3]          82,992
              ReLU-8             [-1, 48, 3, 3]               0
           Flatten-9                  [-1, 432]               0
           Linear-10                  [-1, 432]         187,056
             ReLU-11                  [-1, 432]               0
           Linear-12                  [-1, 432]         187,056
             ReLU-13                  [-1, 432]               0
        Unflatten-14             [-1, 48, 3, 3]               0
  ConvTranspose2d-15            [-1, 192, 6, 6]          83,136
             ReLU-16            [-1, 192, 6, 6]               0
  ConvTranspose2d-17             [-1, 96, 8, 8]         165,984
             ReLU-18             [-1, 96, 8, 8]               0
  ConvTranspose2d-19           [-1, 48, 12, 12]          18,480
             ReLU-20           [-1, 48, 12, 12]               0
  ConvTranspose2d-21            [-1, 1, 24, 24]             433
================================================================
Total params: 910,225
Trainable params: 540,240
Non-trainable params: 369,985
----------------------------------------------------------------
Input size (MB): 0.00
Forward/backward pass size (MB): 0.64
Params size (MB): 3.47
Estimated Total Size (MB): 4.11
----------------------------------------------------------------
Training started!! - Reconstruction
Epoch:0, Epoch Loss: 0.038958, Loss:0.025035, MSE Loss: 0.022610, SSIM: 0.274595
Epoch:10, Epoch Loss: 0.013989, Loss:0.013394, MSE Loss: 0.012115, SSIM: 0.146736
Epoch:20, Epoch Loss: 0.011702, Loss:0.012801, MSE Loss: 0.012883, SSIM: 0.127201
Epoch:30, Epoch Loss: 0.010695, Loss:0.010936, MSE Loss: 0.010063, SSIM: 0.118091
Epoch:40, Epoch Loss: 0.010102, Loss:0.009406, MSE Loss: 0.007554, SSIM: 0.112580
Epoch:50, Epoch Loss: 0.009883, Loss:0.008968, MSE Loss: 0.008163, SSIM: 0.097732
Epoch:60, Epoch Loss: 0.009621, Loss:0.007889, MSE Loss: 0.007718, SSIM: 0.080614
Epoch:70, Epoch Loss: 0.009439, Loss:0.008978, MSE Loss: 0.008297, SSIM: 0.096580
Epoch:80, Epoch Loss: 0.009281, Loss:0.011318, MSE Loss: 0.010409, SSIM: 0.122266
Epoch:90, Epoch Loss: 0.009188, Loss:0.007130, MSE Loss: 0.006026, SSIM: 0.082354
Epoch:100, Epoch Loss: 0.009087, Loss:0.008524, MSE Loss: 0.009011, SSIM: 0.080376
Epoch:110, Epoch Loss: 0.008945, Loss:0.006753, MSE Loss: 0.005676, SSIM: 0.078294
Epoch:120, Epoch Loss: 0.008751, Loss:0.006551, MSE Loss: 0.005169, SSIM: 0.079317
Epoch:130, Epoch Loss: 0.008762, Loss:0.008270, MSE Loss: 0.007599, SSIM: 0.089402
Epoch:140, Epoch Loss: 0.008647, Loss:0.009232, MSE Loss: 0.008104, SSIM: 0.103595
Epoch:150, Epoch Loss: 0.008620, Loss:0.008413, MSE Loss: 0.007206, SSIM: 0.096194
Epoch:160, Epoch Loss: 0.008572, Loss:0.008256, MSE Loss: 0.008138, SSIM: 0.083730
Epoch:170, Epoch Loss: 0.008601, Loss:0.009556, MSE Loss: 0.008609, SSIM: 0.105028
Epoch:180, Epoch Loss: 0.008588, Loss:0.009228, MSE Loss: 0.008644, SSIM: 0.098123
Epoch:190, Epoch Loss: 0.008482, Loss:0.008477, MSE Loss: 0.008324, SSIM: 0.086309
Epoch:199, Epoch Loss: 0.008406, Loss:0.008611, MSE Loss: 0.008161, SSIM: 0.090622
Avg Test Loss: MSE: 0.008280461799586192, SSIM: 0.09476073045368774
Max Test Loss: MSE: 0.04350794106721878 SSIM: 0.5537866396440716
Min Test Loss: MSE: 0.0002344114618608728 SSIM: 0.025209277868270874
written to: ./results/loss_tracker_img.csv
written to: ./models/img/14.5.20231128190320_img.pth
written to: ./models/img/14.5.20231128190320_img.pt
Elapsed time: 2026.0892765522003 seconds.
LR - 408
Dataset loaded!! Length (train dataset) - 24000
Training started!! - Reconstruction
Epoch:0, Epoch Loss: 0.039412, Loss:0.022326, MSE Loss: 0.019215, SSIM: 0.254373
Epoch:10, Epoch Loss: 0.013919, Loss:0.009744, MSE Loss: 0.008378, SSIM: 0.111109
Epoch:20, Epoch Loss: 0.011900, Loss:0.010862, MSE Loss: 0.010834, SSIM: 0.108897
Epoch:30, Epoch Loss: 0.010710, Loss:0.010238, MSE Loss: 0.008964, SSIM: 0.115128
Epoch:40, Epoch Loss: 0.010158, Loss:0.009407, MSE Loss: 0.009205, SSIM: 0.096081
Epoch:50, Epoch Loss: 0.009767, Loss:0.009129, MSE Loss: 0.008840, SSIM: 0.094193
Epoch:60, Epoch Loss: 0.009588, Loss:0.007350, MSE Loss: 0.006988, SSIM: 0.077117
Epoch:70, Epoch Loss: 0.009384, Loss:0.008612, MSE Loss: 0.008208, SSIM: 0.090170
Epoch:80, Epoch Loss: 0.009249, Loss:0.008590, MSE Loss: 0.008374, SSIM: 0.088065
Epoch:90, Epoch Loss: 0.009113, Loss:0.008633, MSE Loss: 0.007274, SSIM: 0.099932
Epoch:100, Epoch Loss: 0.009040, Loss:0.008825, MSE Loss: 0.008216, SSIM: 0.094334
Epoch:110, Epoch Loss: 0.008895, Loss:0.009051, MSE Loss: 0.007317, SSIM: 0.107861
Epoch:120, Epoch Loss: 0.008860, Loss:0.008063, MSE Loss: 0.006678, SSIM: 0.094481
Epoch:130, Epoch Loss: 0.008904, Loss:0.007460, MSE Loss: 0.005768, SSIM: 0.091527
Epoch:140, Epoch Loss: 0.008805, Loss:0.007899, MSE Loss: 0.006968, SSIM: 0.088307
Epoch:150, Epoch Loss: 0.008807, Loss:0.008403, MSE Loss: 0.007517, SSIM: 0.092890
Epoch:160, Epoch Loss: 0.008800, Loss:0.007277, MSE Loss: 0.005930, SSIM: 0.086252
Epoch:170, Epoch Loss: 0.008732, Loss:0.008068, MSE Loss: 0.006951, SSIM: 0.091845
Epoch:180, Epoch Loss: 0.008694, Loss:0.010054, MSE Loss: 0.009262, SSIM: 0.108461
Epoch:190, Epoch Loss: 0.008600, Loss:0.009046, MSE Loss: 0.007571, SSIM: 0.105217
Epoch:199, Epoch Loss: 0.008650, Loss:0.009303, MSE Loss: 0.006445, SSIM: 0.121610
Avg Test Loss: MSE: 0.00877333706698846, SSIM: 0.11047912983054185
Max Test Loss: MSE: 0.0442926287651062 SSIM: 0.5395052287911559
Min Test Loss: MSE: 0.00021670205751433969 SSIM: 0.022198345374177975
Traceback (most recent call last):
  File "/home/kunet.ae/100053678/eit/autoencoders/eit.py", line 189, in <module>
    loss_tracker = pd.read_csv(LOSS_TRACKER_PATH,header=None,index_col=0)
                   ^^^^^^^^^^^^^^^^^^^^^^^^^^^^^^^^^^^^^^^^^^^^^^^^^^^^^^
  File "/home/kunet.ae/100053678/.conda/envs/eit/lib/python3.11/site-packages/pandas/io/parsers/readers.py", line 948, in read_csv
    return _read(filepath_or_buffer, kwds)
           ^^^^^^^^^^^^^^^^^^^^^^^^^^^^^^^
  File "/home/kunet.ae/100053678/.conda/envs/eit/lib/python3.11/site-packages/pandas/io/parsers/readers.py", line 617, in _read
    return parser.read(nrows)
           ^^^^^^^^^^^^^^^^^^
  File "/home/kunet.ae/100053678/.conda/envs/eit/lib/python3.11/site-packages/pandas/io/parsers/readers.py", line 1748, in read
    ) = self._engine.read(  # type: ignore[attr-defined]
        ^^^^^^^^^^^^^^^^^^^^^^^^^^^^^^^^^^^^^^^^^^^^^^^^
  File "/home/kunet.ae/100053678/.conda/envs/eit/lib/python3.11/site-packages/pandas/io/parsers/c_parser_wrapper.py", line 234, in read
    chunks = self._reader.read_low_memory(nrows)
             ^^^^^^^^^^^^^^^^^^^^^^^^^^^^^^^^^^^
  File "parsers.pyx", line 843, in pandas._libs.parsers.TextReader.read_low_memory
  File "parsers.pyx", line 904, in pandas._libs.parsers.TextReader._read_rows
  File "parsers.pyx", line 879, in pandas._libs.parsers.TextReader._tokenize_rows
  File "parsers.pyx", line 890, in pandas._libs.parsers.TextReader._check_tokenize_status
  File "parsers.pyx", line 2058, in pandas._libs.parsers.raise_parser_error
pandas.errors.ParserError: Error tokenizing data. C error: Expected 102 fields in line 265, saw 202

