2641881
14.2.2
retraining with changed mse_aoi
Importing finished!!
cuda is going to be used!!
Dataset loaded!! Length (train dataset) - 19200
Config 216
AutoencoderEIT(
  (encoder): Sequential(
    (0): Conv2d(1, 48, kernel_size=(3, 3), stride=(2, 2), padding=(1, 1))
    (1): ReLU()
    (2): Conv2d(48, 96, kernel_size=(2, 2), stride=(2, 2), padding=(2, 2))
    (3): ReLU()
    (4): Conv2d(96, 192, kernel_size=(3, 3), stride=(1, 1))
    (5): ReLU()
    (6): Conv2d(192, 24, kernel_size=(3, 3), stride=(2, 2), padding=(1, 1))
    (7): ReLU()
    (8): Flatten(start_dim=1, end_dim=-1)
  )
  (decoder): Sequential(
    (0): Unflatten(dim=1, unflattened_size=(24, 3, 3))
    (1): ConvTranspose2d(24, 192, kernel_size=(3, 3), stride=(2, 2), padding=(1, 1), output_padding=(1, 1))
    (2): ConvTranspose2d(192, 96, kernel_size=(3, 3), stride=(1, 1))
    (3): ReLU()
    (4): ConvTranspose2d(96, 48, kernel_size=(2, 2), stride=(2, 2), padding=(2, 2))
    (5): ReLU()
    (6): ConvTranspose2d(48, 1, kernel_size=(3, 3), stride=(2, 2), padding=(1, 1), output_padding=(1, 1))
  )
)
Task: Training Epoch @ 000 L: 0.049709 M: 0.012357 S: 0.316107  -- V2LR: Epoch M: 0.000000 !==! Task: Validation Epoch @ 000 L: 0.029026 M: 0.005823 S: 0.234562  -- V2LR: Epoch M: 0.000000
Task: Training Epoch @ 001 L: 0.018912 M: 0.004278 S: 0.168435  -- V2LR: Epoch M: 0.000000 !==! Task: Validation Epoch @ 001 L: 0.022133 M: 0.005647 S: 0.157175  -- V2LR: Epoch M: 0.000000
Task: Training Epoch @ 002 L: 0.015520 M: 0.003482 S: 0.160717  -- V2LR: Epoch M: 0.000000 !==! Task: Validation Epoch @ 002 L: 0.013093 M: 0.003092 S: 0.194292  -- V2LR: Epoch M: 0.000000
Task: Training Epoch @ 004 L: 0.012242 M: 0.002664 S: 0.148851  -- V2LR: Epoch M: 0.000000 !==! Task: Validation Epoch @ 004 L: 0.012872 M: 0.003066 S: 0.128857  -- V2LR: Epoch M: 0.000000
Task: Training Epoch @ 006 L: 0.009964 M: 0.002194 S: 0.134504  -- V2LR: Epoch M: 0.000000 !==! Task: Validation Epoch @ 006 L: 0.010187 M: 0.002518 S: 0.148381  -- V2LR: Epoch M: 0.000000
Task: Training Epoch @ 010 L: 0.007951 M: 0.001733 S: 0.124424  -- V2LR: Epoch M: 0.000000 !==! Task: Validation Epoch @ 010 L: 0.006128 M: 0.001250 S: 0.087856  -- V2LR: Epoch M: 0.000000
Task: Training Epoch @ 020 L: 0.005382 M: 0.001107 S: 0.089483  -- V2LR: Epoch M: 0.000000 !==! Task: Validation Epoch @ 020 L: 0.005871 M: 0.001289 S: 0.081053  -- V2LR: Epoch M: 0.000000
Task: Training Epoch @ 026 L: 0.005271 M: 0.001081 S: 0.078167  -- V2LR: Epoch M: 0.000000 !==! Task: Validation Epoch @ 026 L: 0.005618 M: 0.001127 S: 0.047371  -- V2LR: Epoch M: 0.000000
Task: Training Epoch @ 032 L: 0.005492 M: 0.001140 S: 0.078986  -- V2LR: Epoch M: 0.000000 !==! Task: Validation Epoch @ 032 L: 0.005208 M: 0.001064 S: 0.068320  -- V2LR: Epoch M: 0.000000
Task: Training Epoch @ 037 L: 0.004992 M: 0.000985 S: 0.071572  -- V2LR: Epoch M: 0.000000 !==! Task: Validation Epoch @ 037 L: 0.005133 M: 0.001005 S: 0.060485  -- V2LR: Epoch M: 0.000000
Task: Training Epoch @ 052 L: 0.004943 M: 0.001004 S: 0.065470  -- V2LR: Epoch M: 0.000000 !==! Task: Validation Epoch @ 052 L: 0.004697 M: 0.001011 S: 0.066053  -- V2LR: Epoch M: 0.000000
Task: Training Epoch @ 054 L: 0.005016 M: 0.000993 S: 0.064993  -- V2LR: Epoch M: 0.000000 !==! Task: Validation Epoch @ 054 L: 0.004553 M: 0.000947 S: 0.035732  -- V2LR: Epoch M: 0.000000
Task: Training Epoch @ 058 L: 0.004708 M: 0.000937 S: 0.060802  -- V2LR: Epoch M: 0.000000 !==! Task: Validation Epoch @ 058 L: 0.004281 M: 0.000872 S: 0.029043  -- V2LR: Epoch M: 0.000000
Task: Training Epoch @ 079 L: 0.005109 M: 0.001022 S: 0.066022  -- V2LR: Epoch M: 0.000000 !==! Task: Validation Epoch @ 079 L: 0.003939 M: 0.000801 S: 0.045270  -- V2LR: Epoch M: 0.000000
Early stopping!! Task: Training Epoch @ 100 L: 0.005244 M: 0.001001 S: 0.068114  -- V2LR: Epoch M: 0.000000 !==! Task: Validation Epoch @ 100 L: 0.005247 M: 0.001051 S: 0.037345  -- V2LR: Epoch M: 0.000000
Task: Testing Epoch @ 000 L: 0.004260 M: 0.000800 S: 0.041391  -- V2LR: Epoch M: 0.000000
written to: ./models/img/14.2.2.20231210034221_img.pt
written to: ./results/loss_tracker_img.csv
Elapsed time: 3386.4526698589325 seconds.
