2706721
1f.3
loss=7
Importing finished!!
cuda is going to be used!!
Dataset loaded!! Length (train dataset) - 19200
/home/kunet.ae/100053678/.conda/envs/eit/lib/python3.11/site-packages/torchvision/models/_utils.py:208: UserWarning: The parameter 'pretrained' is deprecated since 0.13 and may be removed in the future, please use 'weights' instead.
  warnings.warn(
/home/kunet.ae/100053678/.conda/envs/eit/lib/python3.11/site-packages/torchvision/models/_utils.py:223: UserWarning: Arguments other than a weight enum or `None` for 'weights' are deprecated since 0.13 and may be removed in the future. The current behavior is equivalent to passing `weights=VGG16_Weights.IMAGENET1K_V1`. You can also use `weights=VGG16_Weights.DEFAULT` to get the most up-to-date weights.
  warnings.warn(msg)
LossID: 7
----------------------------------------------------------------
        Layer (type)               Output Shape         Param #
================================================================
           Flatten-1                  [-1, 256]               0
            Linear-2                  [-1, 128]          32,896
              ReLU-3                  [-1, 128]               0
            Linear-4                  [-1, 216]          27,864
              ReLU-5                  [-1, 216]               0
================================================================
Total params: 60,760
Trainable params: 60,760
Non-trainable params: 0
----------------------------------------------------------------
Input size (MB): 0.00
Forward/backward pass size (MB): 0.01
Params size (MB): 0.23
Estimated Total Size (MB): 0.24
----------------------------------------------------------------
----------------------------------------------------------------
        Layer (type)               Output Shape         Param #
================================================================
         Unflatten-1             [-1, 24, 3, 3]               0
   ConvTranspose2d-2            [-1, 192, 6, 6]          41,664
              ReLU-3            [-1, 192, 6, 6]               0
   ConvTranspose2d-4            [-1, 192, 6, 6]         331,968
   ConvTranspose2d-5            [-1, 192, 3, 3]           4,800
              ReLU-6            [-1, 192, 6, 6]               0
    ResidualBlockk-7            [-1, 192, 6, 6]               0
       BatchNorm2d-8            [-1, 192, 6, 6]             384
   ConvTranspose2d-9             [-1, 96, 8, 8]         165,984
             ReLU-10             [-1, 96, 8, 8]               0
  ConvTranspose2d-11             [-1, 96, 8, 8]          83,040
  ConvTranspose2d-12             [-1, 96, 6, 6]          18,528
             ReLU-13             [-1, 96, 8, 8]               0
   ResidualBlockk-14             [-1, 96, 8, 8]               0
      BatchNorm2d-15             [-1, 96, 8, 8]             192
  ConvTranspose2d-16           [-1, 48, 12, 12]          18,480
             ReLU-17           [-1, 48, 12, 12]               0
  ConvTranspose2d-18           [-1, 48, 12, 12]          20,784
  ConvTranspose2d-19             [-1, 48, 8, 8]           4,656
             ReLU-20           [-1, 48, 12, 12]               0
   ResidualBlockk-21           [-1, 48, 12, 12]               0
      BatchNorm2d-22           [-1, 48, 12, 12]              96
  ConvTranspose2d-23            [-1, 1, 24, 24]             433
             ReLU-24            [-1, 1, 24, 24]               0
  ConvTranspose2d-25            [-1, 1, 24, 24]              10
  ConvTranspose2d-26            [-1, 1, 12, 12]              49
             ReLU-27            [-1, 1, 24, 24]               0
   ResidualBlockk-28            [-1, 1, 24, 24]               0
      BatchNorm2d-29            [-1, 1, 24, 24]               2
================================================================
Total params: 691,070
Trainable params: 0
Non-trainable params: 691,070
----------------------------------------------------------------
Input size (MB): 0.00
Forward/backward pass size (MB): 1.01
Params size (MB): 2.64
Estimated Total Size (MB): 3.64
----------------------------------------------------------------
Ready to TRAIN!!
Task: Training Epoch @ 000 L: 11.697338 M: 0.054744 S: 0.342916 V: 1.186173 M_LR: 10.225113 !==! Task: Validation Epoch @ 000 L: 12.619685 M: 0.058992 S: 0.345125 V: 1.212766 M_LR: 5.245523
Tolerance: 3!! Task: Training Epoch @ 021 L: 11.088977 M: 0.051984 S: 0.343631 V: 1.179756 M_LR: 9.399972 !==! Task: Validation Epoch @ 021 L: 12.789387 M: 0.059993 S: 0.354985 V: 1.236989 M_LR: 3.484305
Tolerance: 2!! Task: Training Epoch @ 042 L: 10.837804 M: 0.050815 S: 0.346189 V: 1.178349 M_LR: 9.192416 !==! Task: Validation Epoch @ 042 L: 12.941642 M: 0.060792 S: 0.361258 V: 1.248719 M_LR: 3.065577
Tolerance: 1!! Task: Training Epoch @ 063 L: 10.672099 M: 0.050040 S: 0.348446 V: 1.178179 M_LR: 9.873094 !==! Task: Validation Epoch @ 063 L: 13.063453 M: 0.061486 S: 0.364979 V: 1.260250 M_LR: 3.004787
Task: Testing Epoch @ -01 L: 12.298473 M: 0.057745 S: 0.349737 V: 1.220590 M_LR: 5.827121
written to: ./models/v2lr/1f.3.20231227093812_v2lr.pt
written to: ./results/loss_tracker_v2lr.csv
Elapsed time: 1494.002452135086 seconds.
