1
4 cond 1,16_8,8_16,6,24,3
Importing finished!!
cuda is going to be used!!
Dataset loaded!! Length (train dataset) - 13760
----------------------------------------------------------------
        Layer (type)               Output Shape         Param #
================================================================
            Conv2d-1              [-1, 8, 8, 8]              80
              ReLU-2              [-1, 8, 8, 8]               0
            Conv2d-3             [-1, 16, 6, 6]           1,168
              ReLU-4             [-1, 16, 6, 6]               0
            Conv2d-5             [-1, 24, 3, 3]           3,480
              ReLU-6             [-1, 24, 3, 3]               0
           Flatten-7                  [-1, 216]               0
================================================================
Total params: 4,728
Trainable params: 4,728
Non-trainable params: 0
----------------------------------------------------------------
Input size (MB): 0.00
Forward/backward pass size (MB): 0.02
Params size (MB): 0.02
Estimated Total Size (MB): 0.04
----------------------------------------------------------------
None
Task: v2lr, Epoch:1, Loss:0.006768              		Task: InvProb, Epoch:1, Loss:0.001932
Task: v2lr, Epoch:11, Loss:0.006478              		Task: InvProb, Epoch:11, Loss:0.001938
Task: v2lr, Epoch:21, Loss:0.006237              		Task: InvProb, Epoch:21, Loss:0.001880
Task: v2lr, Epoch:31, Loss:0.006096              		Task: InvProb, Epoch:31, Loss:0.001842
Task: v2lr, Epoch:41, Loss:0.005996              		Task: InvProb, Epoch:41, Loss:0.001806
Task: v2lr, Epoch:50, Loss:0.005913              		Task: InvProb, Epoch:50, Loss:0.001785
Avg Test Loss: 0.0076477720570035795
Max Test Loss: 0.017955217510461807
Min Test Loss: 0.0017390266293659806
written to: ./results/loss_tracker_v2lr.csv
written to: ./models/v2lr/4_1.20231117015838_v2lr.pth
written to: ./models/v2lr/4_1.20231117015838_v2lr.pt
Elapsed time: 122.03681898117065 seconds.
