2697519
1.5.vgg.b.1e
image-=backgroundval 1.5.vgg.b.1 reconFreeze v2lrTrue loss=mse
Importing finished!!
cuda is going to be used!!
Dataset loaded!! Length (train dataset) - 19200
/home/kunet.ae/100053678/.conda/envs/eit/lib/python3.11/site-packages/torchvision/models/_utils.py:208: UserWarning: The parameter 'pretrained' is deprecated since 0.13 and may be removed in the future, please use 'weights' instead.
  warnings.warn(
/home/kunet.ae/100053678/.conda/envs/eit/lib/python3.11/site-packages/torchvision/models/_utils.py:223: UserWarning: Arguments other than a weight enum or `None` for 'weights' are deprecated since 0.13 and may be removed in the future. The current behavior is equivalent to passing `weights=VGG16_Weights.IMAGENET1K_V1`. You can also use `weights=VGG16_Weights.DEFAULT` to get the most up-to-date weights.
  warnings.warn(msg)
----------------------------------------------------------------
        Layer (type)               Output Shape         Param #
================================================================
            Conv2d-1            [-1, 6, 12, 12]             156
              ReLU-2            [-1, 6, 12, 12]               0
            Conv2d-3            [-1, 6, 12, 12]             330
            Conv2d-4            [-1, 6, 16, 16]              12
              ReLU-5            [-1, 6, 12, 12]               0
     ResidualBlock-6            [-1, 6, 12, 12]               0
       BatchNorm2d-7            [-1, 6, 12, 12]              12
            Conv2d-8             [-1, 18, 8, 8]           2,718
              ReLU-9             [-1, 18, 8, 8]               0
           Conv2d-10             [-1, 18, 8, 8]           2,934
           Conv2d-11           [-1, 18, 12, 12]             126
             ReLU-12             [-1, 18, 8, 8]               0
    ResidualBlock-13             [-1, 18, 8, 8]               0
      BatchNorm2d-14             [-1, 18, 8, 8]              36
           Conv2d-15             [-1, 54, 4, 4]          24,354
             ReLU-16             [-1, 54, 4, 4]               0
           Conv2d-17             [-1, 54, 4, 4]          26,298
           Conv2d-18             [-1, 54, 8, 8]           1,026
             ReLU-19             [-1, 54, 4, 4]               0
    ResidualBlock-20             [-1, 54, 4, 4]               0
      BatchNorm2d-21             [-1, 54, 4, 4]             108
           Conv2d-22            [-1, 108, 2, 2]          52,596
             ReLU-23            [-1, 108, 2, 2]               0
           Conv2d-24            [-1, 108, 2, 2]         105,084
           Conv2d-25            [-1, 108, 4, 4]           5,940
             ReLU-26            [-1, 108, 2, 2]               0
    ResidualBlock-27            [-1, 108, 2, 2]               0
      BatchNorm2d-28            [-1, 108, 2, 2]             216
           Conv2d-29            [-1, 216, 1, 1]          93,528
             ReLU-30            [-1, 216, 1, 1]               0
           Conv2d-31            [-1, 216, 1, 1]         420,120
           Conv2d-32            [-1, 216, 2, 2]          23,544
             ReLU-33            [-1, 216, 1, 1]               0
    ResidualBlock-34            [-1, 216, 1, 1]               0
      BatchNorm2d-35            [-1, 216, 1, 1]             432
          Flatten-36                  [-1, 216]               0
================================================================
Total params: 759,570
Trainable params: 759,570
Non-trainable params: 0
----------------------------------------------------------------
Input size (MB): 0.00
Forward/backward pass size (MB): 0.24
Params size (MB): 2.90
Estimated Total Size (MB): 3.14
----------------------------------------------------------------
----------------------------------------------------------------
        Layer (type)               Output Shape         Param #
================================================================
         Unflatten-1             [-1, 24, 3, 3]               0
   ConvTranspose2d-2            [-1, 192, 6, 6]          41,664
              ReLU-3            [-1, 192, 6, 6]               0
   ConvTranspose2d-4            [-1, 192, 6, 6]         331,968
   ConvTranspose2d-5            [-1, 192, 3, 3]           4,800
              ReLU-6            [-1, 192, 6, 6]               0
    ResidualBlockk-7            [-1, 192, 6, 6]               0
       BatchNorm2d-8            [-1, 192, 6, 6]             384
   ConvTranspose2d-9             [-1, 96, 8, 8]         165,984
             ReLU-10             [-1, 96, 8, 8]               0
  ConvTranspose2d-11             [-1, 96, 8, 8]          83,040
  ConvTranspose2d-12             [-1, 96, 6, 6]          18,528
             ReLU-13             [-1, 96, 8, 8]               0
   ResidualBlockk-14             [-1, 96, 8, 8]               0
      BatchNorm2d-15             [-1, 96, 8, 8]             192
  ConvTranspose2d-16           [-1, 48, 12, 12]          18,480
             ReLU-17           [-1, 48, 12, 12]               0
  ConvTranspose2d-18           [-1, 48, 12, 12]          20,784
  ConvTranspose2d-19             [-1, 48, 8, 8]           4,656
             ReLU-20           [-1, 48, 12, 12]               0
   ResidualBlockk-21           [-1, 48, 12, 12]               0
      BatchNorm2d-22           [-1, 48, 12, 12]              96
  ConvTranspose2d-23            [-1, 1, 24, 24]             433
             ReLU-24            [-1, 1, 24, 24]               0
  ConvTranspose2d-25            [-1, 1, 24, 24]              10
  ConvTranspose2d-26            [-1, 1, 12, 12]              49
             ReLU-27            [-1, 1, 24, 24]               0
   ResidualBlockk-28            [-1, 1, 24, 24]               0
      BatchNorm2d-29            [-1, 1, 24, 24]               2
================================================================
Total params: 691,070
Trainable params: 0
Non-trainable params: 691,070
----------------------------------------------------------------
Input size (MB): 0.00
Forward/backward pass size (MB): 1.01
Params size (MB): 2.64
Estimated Total Size (MB): 3.64
----------------------------------------------------------------
Ready to TRAIN!!
Task: Training Epoch @ 000 L: 0.029607 M: 0.029607 S: 0.181410  -- V2LR: Epoch M: 0.199064 !==! Task: Validation Epoch @ 000 L: 0.070712 M: 0.070712 S: 0.309814  -- V2LR: Epoch M: 0.197111
Task: Training Epoch @ 002 L: 0.027748 M: 0.027748 S: 0.178662  -- V2LR: Epoch M: 0.201541 !==! Task: Validation Epoch @ 002 L: 0.068499 M: 0.068499 S: 0.314363  -- V2LR: Epoch M: 0.199691
Task: Training Epoch @ 007 L: 0.027332 M: 0.027332 S: 0.179101  -- V2LR: Epoch M: 0.203739 !==! Task: Validation Epoch @ 007 L: 0.067433 M: 0.067433 S: 0.315729  -- V2LR: Epoch M: 0.201716
Task: Training Epoch @ 012 L: 0.026818 M: 0.026818 S: 0.179138  -- V2LR: Epoch M: 0.204196 !==! Task: Validation Epoch @ 012 L: 0.067033 M: 0.067033 S: 0.315370  -- V2LR: Epoch M: 0.205147
Task: Training Epoch @ 020 L: 0.026095 M: 0.026095 S: 0.177888  -- V2LR: Epoch M: 0.204701 !==! Task: Validation Epoch @ 020 L: 0.065943 M: 0.065943 S: 0.310496  -- V2LR: Epoch M: 0.205507
Tolerance: 3!! Task: Training Epoch @ 041 L: 0.025542 M: 0.025542 S: 0.177724  -- V2LR: Epoch M: 0.206689 !==! Task: Validation Epoch @ 041 L: 0.073213 M: 0.073213 S: 0.314121  -- V2LR: Epoch M: 0.205974
Tolerance: 2!! Task: Training Epoch @ 062 L: 0.024703 M: 0.024703 S: 0.174566  -- V2LR: Epoch M: 0.207464 !==! Task: Validation Epoch @ 062 L: 0.066171 M: 0.066171 S: 0.311516  -- V2LR: Epoch M: 0.203605
Task: Training Epoch @ 063 L: 0.023769 M: 0.023769 S: 0.171682  -- V2LR: Epoch M: 0.207092 !==! Task: Validation Epoch @ 063 L: 0.065623 M: 0.065623 S: 0.309562  -- V2LR: Epoch M: 0.205210
Tolerance: 1!! Task: Training Epoch @ 084 L: 0.025499 M: 0.025499 S: 0.177398  -- V2LR: Epoch M: 0.208627 !==! Task: Validation Epoch @ 084 L: 0.083454 M: 0.083454 S: 0.304361  -- V2LR: Epoch M: 0.226832
Task: Testing Epoch @ -01 L: 0.092245 M: 0.092245 S: 0.385678  -- V2LR: Epoch M: 0.211006
written to: ./models/v2lr/1.5.vgg.b.1e.20231222173247_v2lr.pt
written to: ./results/loss_tracker_v2lr.csv
Elapsed time: 2848.0765693187714 seconds.
