1
6 cond 1,16_8,8_16,6,24,3
Importing finished!!
cuda is going to be used!!
Dataset loaded!! Length (train dataset) - 20160
----------------------------------------------------------------
        Layer (type)               Output Shape         Param #
================================================================
            Conv2d-1              [-1, 8, 8, 8]              80
              ReLU-2              [-1, 8, 8, 8]               0
            Conv2d-3             [-1, 16, 6, 6]           1,168
              ReLU-4             [-1, 16, 6, 6]               0
            Conv2d-5             [-1, 24, 3, 3]           3,480
              ReLU-6             [-1, 24, 3, 3]               0
           Flatten-7                  [-1, 216]               0
================================================================
Total params: 4,728
Trainable params: 4,728
Non-trainable params: 0
----------------------------------------------------------------
Input size (MB): 0.00
Forward/backward pass size (MB): 0.02
Params size (MB): 0.02
Estimated Total Size (MB): 0.04
----------------------------------------------------------------
None
Task: v2lr, Epoch:1, Loss:0.029794              		Task: InvProb, Epoch:1, Loss:0.004964
Task: v2lr, Epoch:11, Loss:0.024636              		Task: InvProb, Epoch:11, Loss:0.004760
Task: v2lr, Epoch:21, Loss:0.023612              		Task: InvProb, Epoch:21, Loss:0.004674
Task: v2lr, Epoch:31, Loss:0.023172              		Task: InvProb, Epoch:31, Loss:0.004616
Task: v2lr, Epoch:41, Loss:0.023153              		Task: InvProb, Epoch:41, Loss:0.004639
Task: v2lr, Epoch:50, Loss:0.023272              		Task: InvProb, Epoch:50, Loss:0.004644
Avg Test Loss: 0.016513825058641414
Max Test Loss: 0.0488165020942688
Min Test Loss: 0.004044708330184221
written to: ./results/loss_tracker_v2lr.csv
written to: ./models/v2lr/6_1.20231117020052_v2lr.pth
written to: ./models/v2lr/6_1.20231117020052_v2lr.pt
Elapsed time: 183.1447470188141 seconds.
