2699817
1.5.vgg.b4
image-0.00312 loss=adj_mse
Importing finished!!
cuda is going to be used!!
Dataset loaded!! Length (train dataset) - 19200
/home/kunet.ae/100053678/.conda/envs/eit/lib/python3.11/site-packages/torchvision/models/_utils.py:208: UserWarning: The parameter 'pretrained' is deprecated since 0.13 and may be removed in the future, please use 'weights' instead.
  warnings.warn(
/home/kunet.ae/100053678/.conda/envs/eit/lib/python3.11/site-packages/torchvision/models/_utils.py:223: UserWarning: Arguments other than a weight enum or `None` for 'weights' are deprecated since 0.13 and may be removed in the future. The current behavior is equivalent to passing `weights=VGG16_Weights.IMAGENET1K_V1`. You can also use `weights=VGG16_Weights.DEFAULT` to get the most up-to-date weights.
  warnings.warn(msg)
----------------------------------------------------------------
        Layer (type)               Output Shape         Param #
================================================================
            Conv2d-1            [-1, 6, 12, 12]             156
              ReLU-2            [-1, 6, 12, 12]               0
            Conv2d-3            [-1, 6, 12, 12]             330
            Conv2d-4            [-1, 6, 16, 16]              12
              ReLU-5            [-1, 6, 12, 12]               0
     ResidualBlock-6            [-1, 6, 12, 12]               0
       BatchNorm2d-7            [-1, 6, 12, 12]              12
            Conv2d-8             [-1, 18, 8, 8]           2,718
              ReLU-9             [-1, 18, 8, 8]               0
           Conv2d-10             [-1, 18, 8, 8]           2,934
           Conv2d-11           [-1, 18, 12, 12]             126
             ReLU-12             [-1, 18, 8, 8]               0
    ResidualBlock-13             [-1, 18, 8, 8]               0
      BatchNorm2d-14             [-1, 18, 8, 8]              36
           Conv2d-15             [-1, 54, 4, 4]          24,354
             ReLU-16             [-1, 54, 4, 4]               0
           Conv2d-17             [-1, 54, 4, 4]          26,298
           Conv2d-18             [-1, 54, 8, 8]           1,026
             ReLU-19             [-1, 54, 4, 4]               0
    ResidualBlock-20             [-1, 54, 4, 4]               0
      BatchNorm2d-21             [-1, 54, 4, 4]             108
           Conv2d-22            [-1, 108, 2, 2]          52,596
             ReLU-23            [-1, 108, 2, 2]               0
           Conv2d-24            [-1, 108, 2, 2]         105,084
           Conv2d-25            [-1, 108, 4, 4]           5,940
             ReLU-26            [-1, 108, 2, 2]               0
    ResidualBlock-27            [-1, 108, 2, 2]               0
      BatchNorm2d-28            [-1, 108, 2, 2]             216
           Conv2d-29            [-1, 216, 1, 1]          93,528
             ReLU-30            [-1, 216, 1, 1]               0
           Conv2d-31            [-1, 216, 1, 1]         420,120
           Conv2d-32            [-1, 216, 2, 2]          23,544
             ReLU-33            [-1, 216, 1, 1]               0
    ResidualBlock-34            [-1, 216, 1, 1]               0
      BatchNorm2d-35            [-1, 216, 1, 1]             432
          Flatten-36                  [-1, 216]               0
================================================================
Total params: 759,570
Trainable params: 759,570
Non-trainable params: 0
----------------------------------------------------------------
Input size (MB): 0.00
Forward/backward pass size (MB): 0.24
Params size (MB): 2.90
Estimated Total Size (MB): 3.14
----------------------------------------------------------------
----------------------------------------------------------------
        Layer (type)               Output Shape         Param #
================================================================
         Unflatten-1             [-1, 24, 3, 3]               0
   ConvTranspose2d-2            [-1, 192, 6, 6]          41,664
              ReLU-3            [-1, 192, 6, 6]               0
   ConvTranspose2d-4            [-1, 192, 6, 6]         331,968
   ConvTranspose2d-5            [-1, 192, 3, 3]           4,800
              ReLU-6            [-1, 192, 6, 6]               0
    ResidualBlockk-7            [-1, 192, 6, 6]               0
       BatchNorm2d-8            [-1, 192, 6, 6]             384
   ConvTranspose2d-9             [-1, 96, 8, 8]         165,984
             ReLU-10             [-1, 96, 8, 8]               0
  ConvTranspose2d-11             [-1, 96, 8, 8]          83,040
  ConvTranspose2d-12             [-1, 96, 6, 6]          18,528
             ReLU-13             [-1, 96, 8, 8]               0
   ResidualBlockk-14             [-1, 96, 8, 8]               0
      BatchNorm2d-15             [-1, 96, 8, 8]             192
  ConvTranspose2d-16           [-1, 48, 12, 12]          18,480
             ReLU-17           [-1, 48, 12, 12]               0
  ConvTranspose2d-18           [-1, 48, 12, 12]          20,784
  ConvTranspose2d-19             [-1, 48, 8, 8]           4,656
             ReLU-20           [-1, 48, 12, 12]               0
   ResidualBlockk-21           [-1, 48, 12, 12]               0
      BatchNorm2d-22           [-1, 48, 12, 12]              96
  ConvTranspose2d-23            [-1, 1, 24, 24]             433
             ReLU-24            [-1, 1, 24, 24]               0
  ConvTranspose2d-25            [-1, 1, 24, 24]              10
  ConvTranspose2d-26            [-1, 1, 12, 12]              49
             ReLU-27            [-1, 1, 24, 24]               0
   ResidualBlockk-28            [-1, 1, 24, 24]               0
      BatchNorm2d-29            [-1, 1, 24, 24]               2
================================================================
Total params: 691,070
Trainable params: 691,070
Non-trainable params: 0
----------------------------------------------------------------
Input size (MB): 0.00
Forward/backward pass size (MB): 1.01
Params size (MB): 2.64
Estimated Total Size (MB): 3.64
----------------------------------------------------------------
Ready to TRAIN!!
Task: Training Epoch @ 000 L: 0.033661 M: 0.033661 S: 0.205348  -- V2LR: Epoch M: 0.199752 !==! Task: Validation Epoch @ 000 L: 0.077063 M: 0.077063 S: 0.359192  -- V2LR: Epoch M: 0.203755
Task: Training Epoch @ 004 L: 0.031805 M: 0.031805 S: 0.208776  -- V2LR: Epoch M: 0.207303 !==! Task: Validation Epoch @ 004 L: 0.071584 M: 0.071584 S: 0.365908  -- V2LR: Epoch M: 0.205082
Task: Training Epoch @ 007 L: 0.032828 M: 0.032828 S: 0.218231  -- V2LR: Epoch M: 0.213976 !==! Task: Validation Epoch @ 007 L: 0.070238 M: 0.070238 S: 0.353689  -- V2LR: Epoch M: 0.217037
Task: Training Epoch @ 028 L: 0.026923 M: 0.026923 S: 0.201952  -- V2LR: Epoch M: 0.256895 !==! Task: Validation Epoch @ 028 L: 0.068169 M: 0.068169 S: 0.366567  -- V2LR: Epoch M: 0.259196
Task: Training Epoch @ 032 L: 0.025928 M: 0.025928 S: 0.199374  -- V2LR: Epoch M: 0.264608 !==! Task: Validation Epoch @ 032 L: 0.065451 M: 0.065451 S: 0.351874  -- V2LR: Epoch M: 0.259819
Task: Training Epoch @ 052 L: 0.023650 M: 0.023650 S: 0.191115  -- V2LR: Epoch M: 0.304355 !==! Task: Validation Epoch @ 052 L: 0.064148 M: 0.064148 S: 0.350836  -- V2LR: Epoch M: 0.302090
Tolerance: 3!! Task: Training Epoch @ 073 L: 0.021965 M: 0.021965 S: 0.183462  -- V2LR: Epoch M: 0.345728 !==! Task: Validation Epoch @ 073 L: 0.206847 M: 0.206847 S: 0.353774  -- V2LR: Epoch M: 0.723892
Task: Training Epoch @ 080 L: 0.021861 M: 0.021861 S: 0.183840  -- V2LR: Epoch M: 0.359412 !==! Task: Validation Epoch @ 080 L: 0.063244 M: 0.063244 S: 0.357989  -- V2LR: Epoch M: 0.358778
Task: Training Epoch @ 088 L: 0.021506 M: 0.021506 S: 0.180345  -- V2LR: Epoch M: 0.373878 !==! Task: Validation Epoch @ 088 L: 0.062635 M: 0.062635 S: 0.354540  -- V2LR: Epoch M: 0.379972
Tolerance: 2!! Task: Training Epoch @ 109 L: 0.020396 M: 0.020396 S: 0.175742  -- V2LR: Epoch M: 0.411786 !==! Task: Validation Epoch @ 109 L: 2.156604 M: 2.156604 S: 0.357090  -- V2LR: Epoch M: 29.883087
Tolerance: 1!! Task: Training Epoch @ 130 L: 0.019484 M: 0.019484 S: 0.170097  -- V2LR: Epoch M: 0.451333 !==! Task: Validation Epoch @ 130 L: 0.064288 M: 0.064288 S: 0.356369  -- V2LR: Epoch M: 0.444732
Task: Testing Epoch @ -01 L: 0.095480 M: 0.095480 S: 0.436198  -- V2LR: Epoch M: 0.648891
written to: ./models/v2lr/1.5.vgg.b4.20231223165118_v2lr.pt
written to: ./results/loss_tracker_v2lr.csv
Elapsed time: 4026.7627351284027 seconds.
