2706718
2f.3
loss=7
Importing finished!!
cuda is going to be used!!
Dataset loaded!! Length (train dataset) - 19200
/home/kunet.ae/100053678/.conda/envs/eit/lib/python3.11/site-packages/torchvision/models/_utils.py:208: UserWarning: The parameter 'pretrained' is deprecated since 0.13 and may be removed in the future, please use 'weights' instead.
  warnings.warn(
/home/kunet.ae/100053678/.conda/envs/eit/lib/python3.11/site-packages/torchvision/models/_utils.py:223: UserWarning: Arguments other than a weight enum or `None` for 'weights' are deprecated since 0.13 and may be removed in the future. The current behavior is equivalent to passing `weights=VGG16_Weights.IMAGENET1K_V1`. You can also use `weights=VGG16_Weights.DEFAULT` to get the most up-to-date weights.
  warnings.warn(msg)
LossID: 7
----------------------------------------------------------------
        Layer (type)               Output Shape         Param #
================================================================
            Conv2d-1            [-1, 6, 12, 12]             156
            Conv2d-2            [-1, 6, 12, 12]             330
       BatchNorm2d-3            [-1, 6, 12, 12]              12
              ReLU-4            [-1, 6, 12, 12]               0
            Conv2d-5             [-1, 18, 8, 8]           2,718
            Conv2d-6             [-1, 18, 8, 8]           2,934
       BatchNorm2d-7             [-1, 18, 8, 8]              36
              ReLU-8             [-1, 18, 8, 8]               0
            Conv2d-9             [-1, 54, 4, 4]          24,354
           Conv2d-10             [-1, 54, 4, 4]          26,298
      BatchNorm2d-11             [-1, 54, 4, 4]             108
             ReLU-12             [-1, 54, 4, 4]               0
           Conv2d-13            [-1, 108, 2, 2]          52,596
           Conv2d-14            [-1, 108, 2, 2]         105,084
      BatchNorm2d-15            [-1, 108, 2, 2]             216
             ReLU-16            [-1, 108, 2, 2]               0
           Conv2d-17            [-1, 216, 1, 1]          93,528
           Conv2d-18            [-1, 216, 1, 1]         420,120
      BatchNorm2d-19            [-1, 216, 1, 1]             432
             ReLU-20            [-1, 216, 1, 1]               0
          Flatten-21                  [-1, 216]               0
================================================================
Total params: 728,922
Trainable params: 728,922
Non-trainable params: 0
----------------------------------------------------------------
Input size (MB): 0.00
Forward/backward pass size (MB): 0.11
Params size (MB): 2.78
Estimated Total Size (MB): 2.89
----------------------------------------------------------------
----------------------------------------------------------------
        Layer (type)               Output Shape         Param #
================================================================
         Unflatten-1             [-1, 24, 3, 3]               0
   ConvTranspose2d-2            [-1, 192, 6, 6]          41,664
              ReLU-3            [-1, 192, 6, 6]               0
   ConvTranspose2d-4            [-1, 192, 6, 6]         331,968
   ConvTranspose2d-5            [-1, 192, 3, 3]           4,800
              ReLU-6            [-1, 192, 6, 6]               0
    ResidualBlockk-7            [-1, 192, 6, 6]               0
       BatchNorm2d-8            [-1, 192, 6, 6]             384
   ConvTranspose2d-9             [-1, 96, 8, 8]         165,984
             ReLU-10             [-1, 96, 8, 8]               0
  ConvTranspose2d-11             [-1, 96, 8, 8]          83,040
  ConvTranspose2d-12             [-1, 96, 6, 6]          18,528
             ReLU-13             [-1, 96, 8, 8]               0
   ResidualBlockk-14             [-1, 96, 8, 8]               0
      BatchNorm2d-15             [-1, 96, 8, 8]             192
  ConvTranspose2d-16           [-1, 48, 12, 12]          18,480
             ReLU-17           [-1, 48, 12, 12]               0
  ConvTranspose2d-18           [-1, 48, 12, 12]          20,784
  ConvTranspose2d-19             [-1, 48, 8, 8]           4,656
             ReLU-20           [-1, 48, 12, 12]               0
   ResidualBlockk-21           [-1, 48, 12, 12]               0
      BatchNorm2d-22           [-1, 48, 12, 12]              96
  ConvTranspose2d-23            [-1, 1, 24, 24]             433
             ReLU-24            [-1, 1, 24, 24]               0
  ConvTranspose2d-25            [-1, 1, 24, 24]              10
  ConvTranspose2d-26            [-1, 1, 12, 12]              49
             ReLU-27            [-1, 1, 24, 24]               0
   ResidualBlockk-28            [-1, 1, 24, 24]               0
      BatchNorm2d-29            [-1, 1, 24, 24]               2
================================================================
Total params: 691,070
Trainable params: 0
Non-trainable params: 691,070
----------------------------------------------------------------
Input size (MB): 0.00
Forward/backward pass size (MB): 1.01
Params size (MB): 2.64
Estimated Total Size (MB): 3.64
----------------------------------------------------------------
Ready to TRAIN!!
Task: Training Epoch @ 000 L: 13.131877 M: 0.061337 S: 0.446459 V: 1.286626 M_LR: 0.793325 !==! Task: Validation Epoch @ 000 L: 13.891738 M: 0.064614 S: 0.450912 V: 1.303039 M_LR: 0.700297
Tolerance: 3!! Task: Training Epoch @ 021 L: 12.757294 M: 0.059564 S: 0.449842 V: 1.287919 M_LR: 0.786388 !==! Task: Validation Epoch @ 021 L: 14.014226 M: 0.065157 S: 0.456530 V: 1.318327 M_LR: 0.750070
Tolerance: 2!! Task: Training Epoch @ 042 L: 12.589815 M: 0.058738 S: 0.451826 V: 1.285429 M_LR: 0.766309 !==! Task: Validation Epoch @ 042 L: 14.052237 M: 0.065367 S: 0.461637 V: 1.324246 M_LR: 0.755801
Tolerance: 1!! Task: Training Epoch @ 063 L: 12.473985 M: 0.058162 S: 0.452134 V: 1.281787 M_LR: 0.770887 !==! Task: Validation Epoch @ 063 L: 14.123327 M: 0.065557 S: 0.464695 V: 1.330061 M_LR: 0.751342
Task: Testing Epoch @ -01 L: 13.401411 M: 0.062595 S: 0.455756 V: 1.306502 M_LR: 0.706879
written to: ./models/v2lr/2f.3.20231227093753_v2lr.pt
written to: ./results/loss_tracker_v2lr.csv
Elapsed time: 1915.7694880962372 seconds.
