1.2
2 cond 1,16_8,8_16,6,24,3 with duplicate conv and batchnorm
Importing finished!!
cuda is going to be used!!
Dataset loaded!! Length (train dataset) - 6880
----------------------------------------------------------------
        Layer (type)               Output Shape         Param #
================================================================
            Conv2d-1              [-1, 8, 8, 8]              80
       BatchNorm2d-2              [-1, 8, 8, 8]              16
            Conv2d-3              [-1, 8, 8, 8]             584
              ReLU-4              [-1, 8, 8, 8]               0
            Conv2d-5             [-1, 16, 6, 6]           1,168
       BatchNorm2d-6             [-1, 16, 6, 6]              32
            Conv2d-7             [-1, 16, 6, 6]           2,320
              ReLU-8             [-1, 16, 6, 6]               0
            Conv2d-9             [-1, 24, 3, 3]           3,480
      BatchNorm2d-10             [-1, 24, 3, 3]              48
           Conv2d-11             [-1, 24, 3, 3]           5,208
             ReLU-12             [-1, 24, 3, 3]               0
          Flatten-13                  [-1, 216]               0
================================================================
Total params: 12,936
Trainable params: 12,936
Non-trainable params: 0
----------------------------------------------------------------
Input size (MB): 0.00
Forward/backward pass size (MB): 0.04
Params size (MB): 0.05
Estimated Total Size (MB): 0.09
----------------------------------------------------------------
None
Task: v2lr, Epoch:1, Loss:0.002261              		Task: InvProb, Epoch:1, Loss:0.000560
Task: v2lr, Epoch:11, Loss:0.001249              		Task: InvProb, Epoch:11, Loss:0.000407
Task: v2lr, Epoch:21, Loss:0.000816              		Task: InvProb, Epoch:21, Loss:0.000274
Task: v2lr, Epoch:31, Loss:0.000678              		Task: InvProb, Epoch:31, Loss:0.000244
Task: v2lr, Epoch:41, Loss:0.000601              		Task: InvProb, Epoch:41, Loss:0.000206
Task: v2lr, Epoch:50, Loss:0.000576              		Task: InvProb, Epoch:50, Loss:0.000193
Avg Test Loss: 0.0004946463684508101
Max Test Loss: 0.0018002614378929138
Min Test Loss: 0.00014993995137047023
written to: ./results/loss_tracker_v2lr.csv
written to: ./models/v2lr/2_1.2.20231117023150_v2lr.pth
written to: ./models/v2lr/2_1.2.20231117023150_v2lr.pt
Elapsed time: 151.37652230262756 seconds.
