2606643
1.2.4
model changed ssim weight changed
Importing finished!!
cuda is going to be used!!
Dataset loaded!! Length (train dataset) - 24000
Iteration config: 0
[Linear(in_features=216, out_features=512, bias=True), ReLU(), Linear(in_features=512, out_features=512, bias=True), ReLU(), Linear(in_features=512, out_features=216, bias=True), ReLU()]


----------------------------------------------------------------
        Layer (type)               Output Shape         Param #
================================================================
            Conv2d-1              [-1, 8, 8, 8]              80
       BatchNorm2d-2              [-1, 8, 8, 8]              16
            Conv2d-3              [-1, 8, 8, 8]             584
              ReLU-4              [-1, 8, 8, 8]               0
            Conv2d-5             [-1, 16, 6, 6]           1,168
       BatchNorm2d-6             [-1, 16, 6, 6]              32
            Conv2d-7             [-1, 16, 6, 6]           2,320
              ReLU-8             [-1, 16, 6, 6]               0
            Conv2d-9             [-1, 24, 3, 3]           3,480
      BatchNorm2d-10             [-1, 24, 3, 3]              48
           Conv2d-11             [-1, 24, 3, 3]           5,208
             ReLU-12             [-1, 24, 3, 3]               0
          Flatten-13                  [-1, 216]               0
           Linear-14                  [-1, 512]         111,104
             ReLU-15                  [-1, 512]               0
           Linear-16                  [-1, 512]         262,656
             ReLU-17                  [-1, 512]               0
           Linear-18                  [-1, 216]         110,808
             ReLU-19                  [-1, 216]               0
================================================================
Total params: 497,504
Trainable params: 497,504
Non-trainable params: 0
----------------------------------------------------------------
Input size (MB): 0.00
Forward/backward pass size (MB): 0.06
Params size (MB): 1.90
Estimated Total Size (MB): 1.96
----------------------------------------------------------------
None
Reconstructor from: ./models/img/14.2.1.20231116190651_img.pt
Task: v2lr, Epoch:1, Loss:0.235668                	Task: InvProb, Epoch:1, MSELoss:0.290436, SSIM:1.0357415443510516
Task: v2lr, Epoch:11, Loss:0.230531                	Task: InvProb, Epoch:11, MSELoss:0.231711, SSIM:1.052142642702992
Task: v2lr, Epoch:21, Loss:0.210061                	Task: InvProb, Epoch:21, MSELoss:0.280355, SSIM:1.0442115042676223
Task: v2lr, Epoch:31, Loss:0.155463                	Task: InvProb, Epoch:31, MSELoss:0.256512, SSIM:1.0617515053733866
Task: v2lr, Epoch:41, Loss:0.160230                	Task: InvProb, Epoch:41, MSELoss:0.296189, SSIM:1.0527722483499575
Task: v2lr, Epoch:51, Loss:0.162403                	Task: InvProb, Epoch:51, MSELoss:0.277847, SSIM:1.0576923579976159
Task: v2lr, Epoch:61, Loss:0.154289                	Task: InvProb, Epoch:61, MSELoss:0.312318, SSIM:1.0486356871473062
Task: v2lr, Epoch:71, Loss:0.160544                	Task: InvProb, Epoch:71, MSELoss:0.297591, SSIM:1.0539483694791152
Task: v2lr, Epoch:81, Loss:0.157964                	Task: InvProb, Epoch:81, MSELoss:0.305434, SSIM:1.0503628898298505
Task: v2lr, Epoch:91, Loss:0.205978                	Task: InvProb, Epoch:91, MSELoss:0.279130, SSIM:1.0515333674253526
Task: v2lr, Epoch:101, Loss:0.213968                	Task: InvProb, Epoch:101, MSELoss:0.269744, SSIM:1.0251513262378729
Task: v2lr, Epoch:111, Loss:0.205589                	Task: InvProb, Epoch:111, MSELoss:0.239942, SSIM:1.0431057829186148
Task: v2lr, Epoch:121, Loss:0.225249                	Task: InvProb, Epoch:121, MSELoss:0.260308, SSIM:1.0511409477122087
Task: v2lr, Epoch:131, Loss:0.154473                	Task: InvProb, Epoch:131, MSELoss:0.209653, SSIM:1.0523047535165957
Task: v2lr, Epoch:141, Loss:0.165121                	Task: InvProb, Epoch:141, MSELoss:0.265969, SSIM:1.0469842967096223
Task: v2lr, Epoch:151, Loss:0.169743                	Task: InvProb, Epoch:151, MSELoss:0.228430, SSIM:1.035936154531713
Task: v2lr, Epoch:161, Loss:0.193674                	Task: InvProb, Epoch:161, MSELoss:0.246723, SSIM:1.0421237016955485
Task: v2lr, Epoch:171, Loss:0.209707                	Task: InvProb, Epoch:171, MSELoss:0.185274, SSIM:1.0177633502110641
Task: v2lr, Epoch:181, Loss:0.155451                	Task: InvProb, Epoch:181, MSELoss:0.281189, SSIM:1.050560919080709
Task: v2lr, Epoch:191, Loss:0.208439                	Task: InvProb, Epoch:191, MSELoss:0.265183, SSIM:1.0493114437029978
Task: v2lr, Epoch:200, Loss:0.165937                	Task: InvProb, Epoch:200, MSELoss:0.247395, SSIM:1.0475217952284277
Traceback (most recent call last):
  File "/home/kunet.ae/100053678/eit/autoencoders/v2lr.py", line 221, in <module>
    batch_encoded = recon.encoder[1:](batch_img)
                    ^^^^^^^^^^^^^^^^^^^^^^^^^^^^
  File "/home/kunet.ae/100053678/.conda/envs/eit/lib/python3.11/site-packages/torch/nn/modules/module.py", line 1518, in _wrapped_call_impl
    return self._call_impl(*args, **kwargs)
           ^^^^^^^^^^^^^^^^^^^^^^^^^^^^^^^^
  File "/home/kunet.ae/100053678/.conda/envs/eit/lib/python3.11/site-packages/torch/nn/modules/module.py", line 1527, in _call_impl
    return forward_call(*args, **kwargs)
           ^^^^^^^^^^^^^^^^^^^^^^^^^^^^^
  File "/home/kunet.ae/100053678/.conda/envs/eit/lib/python3.11/site-packages/torch/nn/modules/container.py", line 215, in forward
    input = module(input)
            ^^^^^^^^^^^^^
  File "/home/kunet.ae/100053678/.conda/envs/eit/lib/python3.11/site-packages/torch/nn/modules/module.py", line 1518, in _wrapped_call_impl
    return self._call_impl(*args, **kwargs)
           ^^^^^^^^^^^^^^^^^^^^^^^^^^^^^^^^
  File "/home/kunet.ae/100053678/.conda/envs/eit/lib/python3.11/site-packages/torch/nn/modules/module.py", line 1527, in _call_impl
    return forward_call(*args, **kwargs)
           ^^^^^^^^^^^^^^^^^^^^^^^^^^^^^
  File "/home/kunet.ae/100053678/.conda/envs/eit/lib/python3.11/site-packages/torch/nn/modules/conv.py", line 460, in forward
    return self._conv_forward(input, self.weight, self.bias)
           ^^^^^^^^^^^^^^^^^^^^^^^^^^^^^^^^^^^^^^^^^^^^^^^^^
  File "/home/kunet.ae/100053678/.conda/envs/eit/lib/python3.11/site-packages/torch/nn/modules/conv.py", line 456, in _conv_forward
    return F.conv2d(input, weight, bias, self.stride,
           ^^^^^^^^^^^^^^^^^^^^^^^^^^^^^^^^^^^^^^^^^^
RuntimeError: Given groups=1, weight of size [96, 48, 2, 2], expected input[4, 1, 24, 24] to have 48 channels, but got 1 channels instead
