2592233
4.1
from 4 with 0.06* MSE
Importing finished!!
cuda is going to be used!!
Dataset loaded!! Length (train dataset) - 24000
Iteration config: 0
[Linear(in_features=256, out_features=324, bias=True), ReLU(), Linear(in_features=324, out_features=256, bias=True), ReLU(), Linear(in_features=256, out_features=324, bias=True), ReLU(), Linear(in_features=324, out_features=216, bias=True), ReLU()]


----------------------------------------------------------------
        Layer (type)               Output Shape         Param #
================================================================
           Flatten-1                  [-1, 256]               0
            Linear-2                  [-1, 324]          83,268
              ReLU-3                  [-1, 324]               0
            Linear-4                  [-1, 256]          83,200
              ReLU-5                  [-1, 256]               0
            Linear-6                  [-1, 324]          83,268
              ReLU-7                  [-1, 324]               0
            Linear-8                  [-1, 216]          70,200
              ReLU-9                  [-1, 216]               0
================================================================
Total params: 319,936
Trainable params: 319,936
Non-trainable params: 0
----------------------------------------------------------------
Input size (MB): 0.00
Forward/backward pass size (MB): 0.02
Params size (MB): 1.22
Estimated Total Size (MB): 1.24
----------------------------------------------------------------
None
Reconstructor from: ./models/img/14.2.20231110000321.pt
Task: v2lr, Epoch:1, Loss:0.915195                		Task: InvProb, Epoch:1, MSELoss:0.097495, SSIM:0.3377607814947684
Task: v2lr, Epoch:11, Loss:0.691346                		Task: InvProb, Epoch:11, MSELoss:0.086785, SSIM:0.2918105788258566
Task: v2lr, Epoch:21, Loss:0.435787                		Task: InvProb, Epoch:21, MSELoss:0.069946, SSIM:0.2865617678006187
Task: v2lr, Epoch:31, Loss:0.447205                		Task: InvProb, Epoch:31, MSELoss:0.067897, SSIM:0.2948472681976657
Task: v2lr, Epoch:41, Loss:0.482596                		Task: InvProb, Epoch:41, MSELoss:0.060148, SSIM:0.26815633396238037
Task: v2lr, Epoch:51, Loss:0.525654                		Task: InvProb, Epoch:51, MSELoss:0.071334, SSIM:0.26821869946506316
Task: v2lr, Epoch:61, Loss:0.506647                		Task: InvProb, Epoch:61, MSELoss:0.064969, SSIM:0.26264051129289345
Task: v2lr, Epoch:71, Loss:0.372922                		Task: InvProb, Epoch:71, MSELoss:0.210014, SSIM:0.2852178812809256
Task: v2lr, Epoch:81, Loss:0.535152                		Task: InvProb, Epoch:81, MSELoss:0.279146, SSIM:0.3037257133858001
Task: v2lr, Epoch:91, Loss:0.346556                		Task: InvProb, Epoch:91, MSELoss:0.124510, SSIM:0.24388543442181576
Task: v2lr, Epoch:101, Loss:0.583433                		Task: InvProb, Epoch:101, MSELoss:0.306068, SSIM:0.2803749301371281
Task: v2lr, Epoch:111, Loss:0.304776                		Task: InvProb, Epoch:111, MSELoss:0.126920, SSIM:0.22608516071211715
Task: v2lr, Epoch:121, Loss:0.588134                		Task: InvProb, Epoch:121, MSELoss:0.121137, SSIM:0.2091399557984538
Task: v2lr, Epoch:131, Loss:0.476568                		Task: InvProb, Epoch:131, MSELoss:0.328417, SSIM:0.23340267193254316
Task: v2lr, Epoch:141, Loss:0.619555                		Task: InvProb, Epoch:141, MSELoss:0.105721, SSIM:0.24468074130288364
Task: v2lr, Epoch:151, Loss:0.386725                		Task: InvProb, Epoch:151, MSELoss:0.194063, SSIM:0.27233195780279273
Task: v2lr, Epoch:161, Loss:0.547574                		Task: InvProb, Epoch:161, MSELoss:0.395134, SSIM:0.23723212497029
Task: v2lr, Epoch:171, Loss:0.365313                		Task: InvProb, Epoch:171, MSELoss:0.176944, SSIM:0.2210735775153191
Task: v2lr, Epoch:181, Loss:0.587424                		Task: InvProb, Epoch:181, MSELoss:0.376659, SSIM:0.24989569471069462
Task: v2lr, Epoch:191, Loss:0.350760                		Task: InvProb, Epoch:191, MSELoss:0.176078, SSIM:0.18771521262294943
Task: v2lr, Epoch:200, Loss:1.306718                		Task: InvProb, Epoch:200, MSELoss:0.690868, SSIM:0.233270713526869
Avg Test Loss: 0.7281554968853792
Max Test Loss: 7.778749942779541
Min Test Loss: 0.0833667665719986
written to: ./models/v2lr/4.1.20231124075118_v2lr.pth
written to: ./models/v2lr/4.1.20231124075118_v2lr.pt
written to: ./results/loss_tracker_v2lr.csv
Elapsed time: 3800.054844379425 seconds.
