1.2.1
2 cond 1,16_8,8_16,6,24,3 with duplicate conv and batchnorm batchsize=4
Importing finished!!
cuda is going to be used!!
Dataset loaded!! Length (train dataset) - 6880
----------------------------------------------------------------
        Layer (type)               Output Shape         Param #
================================================================
            Conv2d-1              [-1, 8, 8, 8]              80
       BatchNorm2d-2              [-1, 8, 8, 8]              16
            Conv2d-3              [-1, 8, 8, 8]             584
              ReLU-4              [-1, 8, 8, 8]               0
            Conv2d-5             [-1, 16, 6, 6]           1,168
       BatchNorm2d-6             [-1, 16, 6, 6]              32
            Conv2d-7             [-1, 16, 6, 6]           2,320
              ReLU-8             [-1, 16, 6, 6]               0
            Conv2d-9             [-1, 24, 3, 3]           3,480
      BatchNorm2d-10             [-1, 24, 3, 3]              48
           Conv2d-11             [-1, 24, 3, 3]           5,208
             ReLU-12             [-1, 24, 3, 3]               0
          Flatten-13                  [-1, 216]               0
================================================================
Total params: 12,936
Trainable params: 12,936
Non-trainable params: 0
----------------------------------------------------------------
Input size (MB): 0.00
Forward/backward pass size (MB): 0.04
Params size (MB): 0.05
Estimated Total Size (MB): 0.09
----------------------------------------------------------------
None
Task: v2lr, Epoch:1, Loss:0.001469              		Task: InvProb, Epoch:1, Loss:0.000332
Task: v2lr, Epoch:11, Loss:0.001127              		Task: InvProb, Epoch:11, Loss:0.000364
Task: v2lr, Epoch:21, Loss:0.000642              		Task: InvProb, Epoch:21, Loss:0.000210
Task: v2lr, Epoch:31, Loss:0.000522              		Task: InvProb, Epoch:31, Loss:0.000177
Task: v2lr, Epoch:41, Loss:0.000398              		Task: InvProb, Epoch:41, Loss:0.000133
Task: v2lr, Epoch:50, Loss:0.000422              		Task: InvProb, Epoch:50, Loss:0.000133
Avg Test Loss: 0.0007053176017591817
Max Test Loss: 0.004455003421753645
Min Test Loss: 3.493735130177811e-05
written to: ./results/loss_tracker_v2lr.csv
written to: ./models/v2lr/2_1.2.1.20231117023310_v2lr.pth
written to: ./models/v2lr/2_1.2.1.20231117023310_v2lr.pt
Elapsed time: 280.15125274658203 seconds.
