2690574
1.5.vgg.3
adjusted_mse to account only the foreground
#####################################
Creating white bounding box inside (ineffective approach)
#####################################
Importing finished!!
cuda is going to be used!!
Dataset loaded!! Length (train dataset) - 19200
/home/kunet.ae/100053678/.conda/envs/eit/lib/python3.11/site-packages/torchvision/models/_utils.py:208: UserWarning: The parameter 'pretrained' is deprecated since 0.13 and may be removed in the future, please use 'weights' instead.
  warnings.warn(
/home/kunet.ae/100053678/.conda/envs/eit/lib/python3.11/site-packages/torchvision/models/_utils.py:223: UserWarning: Arguments other than a weight enum or `None` for 'weights' are deprecated since 0.13 and may be removed in the future. The current behavior is equivalent to passing `weights=VGG16_Weights.IMAGENET1K_V1`. You can also use `weights=VGG16_Weights.DEFAULT` to get the most up-to-date weights.
  warnings.warn(msg)
----------------------------------------------------------------
        Layer (type)               Output Shape         Param #
================================================================
            Conv2d-1            [-1, 6, 12, 12]             156
              ReLU-2            [-1, 6, 12, 12]               0
            Conv2d-3            [-1, 6, 12, 12]             330
            Conv2d-4            [-1, 6, 16, 16]              12
              ReLU-5            [-1, 6, 12, 12]               0
     ResidualBlock-6            [-1, 6, 12, 12]               0
       BatchNorm2d-7            [-1, 6, 12, 12]              12
            Conv2d-8             [-1, 18, 8, 8]           2,718
              ReLU-9             [-1, 18, 8, 8]               0
           Conv2d-10             [-1, 18, 8, 8]           2,934
           Conv2d-11           [-1, 18, 12, 12]             126
             ReLU-12             [-1, 18, 8, 8]               0
    ResidualBlock-13             [-1, 18, 8, 8]               0
      BatchNorm2d-14             [-1, 18, 8, 8]              36
           Conv2d-15             [-1, 54, 4, 4]          24,354
             ReLU-16             [-1, 54, 4, 4]               0
           Conv2d-17             [-1, 54, 4, 4]          26,298
           Conv2d-18             [-1, 54, 8, 8]           1,026
             ReLU-19             [-1, 54, 4, 4]               0
    ResidualBlock-20             [-1, 54, 4, 4]               0
      BatchNorm2d-21             [-1, 54, 4, 4]             108
           Conv2d-22            [-1, 108, 2, 2]          52,596
             ReLU-23            [-1, 108, 2, 2]               0
           Conv2d-24            [-1, 108, 2, 2]         105,084
           Conv2d-25            [-1, 108, 4, 4]           5,940
             ReLU-26            [-1, 108, 2, 2]               0
    ResidualBlock-27            [-1, 108, 2, 2]               0
      BatchNorm2d-28            [-1, 108, 2, 2]             216
           Conv2d-29            [-1, 216, 1, 1]          93,528
             ReLU-30            [-1, 216, 1, 1]               0
           Conv2d-31            [-1, 216, 1, 1]         420,120
           Conv2d-32            [-1, 216, 2, 2]          23,544
             ReLU-33            [-1, 216, 1, 1]               0
    ResidualBlock-34            [-1, 216, 1, 1]               0
      BatchNorm2d-35            [-1, 216, 1, 1]             432
          Flatten-36                  [-1, 216]               0
================================================================
Total params: 759,570
Trainable params: 759,570
Non-trainable params: 0
----------------------------------------------------------------
Input size (MB): 0.00
Forward/backward pass size (MB): 0.24
Params size (MB): 2.90
Estimated Total Size (MB): 3.14
----------------------------------------------------------------
----------------------------------------------------------------
        Layer (type)               Output Shape         Param #
================================================================
         Unflatten-1             [-1, 24, 3, 3]               0
   ConvTranspose2d-2            [-1, 192, 6, 6]          41,664
              ReLU-3            [-1, 192, 6, 6]               0
   ConvTranspose2d-4            [-1, 192, 6, 6]         331,968
   ConvTranspose2d-5            [-1, 192, 3, 3]           4,800
              ReLU-6            [-1, 192, 6, 6]               0
    ResidualBlockk-7            [-1, 192, 6, 6]               0
       BatchNorm2d-8            [-1, 192, 6, 6]             384
   ConvTranspose2d-9             [-1, 96, 8, 8]         165,984
             ReLU-10             [-1, 96, 8, 8]               0
  ConvTranspose2d-11             [-1, 96, 8, 8]          83,040
  ConvTranspose2d-12             [-1, 96, 6, 6]          18,528
             ReLU-13             [-1, 96, 8, 8]               0
   ResidualBlockk-14             [-1, 96, 8, 8]               0
      BatchNorm2d-15             [-1, 96, 8, 8]             192
  ConvTranspose2d-16           [-1, 48, 12, 12]          18,480
             ReLU-17           [-1, 48, 12, 12]               0
  ConvTranspose2d-18           [-1, 48, 12, 12]          20,784
  ConvTranspose2d-19             [-1, 48, 8, 8]           4,656
             ReLU-20           [-1, 48, 12, 12]               0
   ResidualBlockk-21           [-1, 48, 12, 12]               0
      BatchNorm2d-22           [-1, 48, 12, 12]              96
  ConvTranspose2d-23            [-1, 1, 24, 24]             433
             ReLU-24            [-1, 1, 24, 24]               0
  ConvTranspose2d-25            [-1, 1, 24, 24]              10
  ConvTranspose2d-26            [-1, 1, 12, 12]              49
             ReLU-27            [-1, 1, 24, 24]               0
   ResidualBlockk-28            [-1, 1, 24, 24]               0
      BatchNorm2d-29            [-1, 1, 24, 24]               2
================================================================
Total params: 691,070
Trainable params: 691,070
Non-trainable params: 0
----------------------------------------------------------------
Input size (MB): 0.00
Forward/backward pass size (MB): 1.01
Params size (MB): 2.64
Estimated Total Size (MB): 3.64
----------------------------------------------------------------
Ready to TRAIN!!
Task: Training Epoch @ 000 L: 1.208930 M: 0.701258 S: 0.728145  -- V2LR: Epoch M: 0.635850 !==! Task: Validation Epoch @ 000 L: 62.255528 M: 184.567970 S: 0.875342  -- V2LR: Epoch M: 484472.364733
Task: Training Epoch @ 002 L: 1.012595 M: 0.407177 S: 0.967571  -- V2LR: Epoch M: 0.157802 !==! Task: Validation Epoch @ 002 L: 1.437878 M: 0.847969 S: 0.985851  -- V2LR: Epoch M: 564.111190
Task: Training Epoch @ 003 L: 1.012013 M: 0.333653 S: 0.989747  -- V2LR: Epoch M: 0.032656 !==! Task: Validation Epoch @ 003 L: 1.047569 M: 0.328852 S: 0.991206  -- V2LR: Epoch M: 0.488540
Task: Training Epoch @ 004 L: 1.011459 M: 0.322619 S: 0.990583  -- V2LR: Epoch M: 0.012962 !==! Task: Validation Epoch @ 004 L: 1.047332 M: 0.327803 S: 0.991338  -- V2LR: Epoch M: 0.012448
Tolerance: 3!! Task: Training Epoch @ 025 L: 1.011359 M: 0.322536 S: 0.990392  -- V2LR: Epoch M: 0.011644 !==! Task: Validation Epoch @ 025 L: 1.047246 M: 0.328295 S: 0.991169  -- V2LR: Epoch M: 0.012017
Task: Training Epoch @ 032 L: 1.011777 M: 0.324630 S: 0.991008  -- V2LR: Epoch M: 0.011644 !==! Task: Validation Epoch @ 032 L: 1.047648 M: 0.325214 S: 0.991791  -- V2LR: Epoch M: 0.012017
Tolerance: 2!! Task: Training Epoch @ 053 L: 1.011359 M: 0.322536 S: 0.990392  -- V2LR: Epoch M: 0.011644 !==! Task: Validation Epoch @ 053 L: 1.047246 M: 0.328295 S: 0.991169  -- V2LR: Epoch M: 0.012017
Tolerance: 1!! Task: Training Epoch @ 074 L: 1.011634 M: 0.324048 S: 0.990892  -- V2LR: Epoch M: 0.011644 !==! Task: Validation Epoch @ 074 L: 1.047276 M: 0.328182 S: 0.991291  -- V2LR: Epoch M: 0.012017
Task: Testing Epoch @ -01 L: 1.004832 M: 0.323367 S: 0.991243  -- V2LR: Epoch M: 0.011570
written to: ./models/v2lr/1.5.vgg.3.20231220054035_v2lr.pt
written to: ./results/loss_tracker_v2lr.csv
Elapsed time: 4280.7862384319305 seconds.
