2592230
3
configs from 3
Importing finished!!
cuda is going to be used!!
Dataset loaded!! Length (train dataset) - 24000
Iteration config: 0
[Linear(in_features=256, out_features=128, bias=True), ReLU(), Linear(in_features=128, out_features=128, bias=True), ReLU(), Linear(in_features=128, out_features=216, bias=True), ReLU()]


----------------------------------------------------------------
        Layer (type)               Output Shape         Param #
================================================================
           Flatten-1                  [-1, 256]               0
            Linear-2                  [-1, 128]          32,896
              ReLU-3                  [-1, 128]               0
            Linear-4                  [-1, 128]          16,512
              ReLU-5                  [-1, 128]               0
            Linear-6                  [-1, 216]          27,864
              ReLU-7                  [-1, 216]               0
================================================================
Total params: 77,272
Trainable params: 77,272
Non-trainable params: 0
----------------------------------------------------------------
Input size (MB): 0.00
Forward/backward pass size (MB): 0.01
Params size (MB): 0.29
Estimated Total Size (MB): 0.30
----------------------------------------------------------------
None
Task: v2lr, Epoch:1, Loss:0.843237                		Task: InvProb, Epoch:1, MSELoss:0.092957, SSIM:0.3380840624704734
Task: v2lr, Epoch:11, Loss:0.711784                		Task: InvProb, Epoch:11, MSELoss:0.084447, SSIM:0.2648340604101569
Task: v2lr, Epoch:21, Loss:0.600271                		Task: InvProb, Epoch:21, MSELoss:0.073908, SSIM:0.26281762774684947
Task: v2lr, Epoch:31, Loss:0.573280                		Task: InvProb, Epoch:31, MSELoss:0.068331, SSIM:0.25946116770068295
Task: v2lr, Epoch:41, Loss:0.422178                		Task: InvProb, Epoch:41, MSELoss:0.064094, SSIM:0.26916794779002484
Task: v2lr, Epoch:51, Loss:0.371156                		Task: InvProb, Epoch:51, MSELoss:0.063552, SSIM:0.23442444327745704
Task: v2lr, Epoch:61, Loss:0.370638                		Task: InvProb, Epoch:61, MSELoss:0.078207, SSIM:0.23608428674136928
Task: v2lr, Epoch:71, Loss:0.372008                		Task: InvProb, Epoch:71, MSELoss:0.083877, SSIM:0.23634664486977752
slurmstepd: error: *** JOB 2592230 ON gpu-10-3 CANCELLED AT 2023-11-24T07:56:05 ***
