2614728
1.2.5.2
CPU node:the other one is in queue for too long;from the freshly retrained ./models/img/14.2.1.retraining.2.20231130014311_img.pt
Importing finished!!
cpu is going to be used!!
Dataset loaded!! Length (train dataset) - 24000
----------------------------------------------------------------
        Layer (type)               Output Shape         Param #
================================================================
            Conv2d-1              [-1, 8, 8, 8]              80
       BatchNorm2d-2              [-1, 8, 8, 8]              16
            Conv2d-3              [-1, 8, 8, 8]             584
              ReLU-4              [-1, 8, 8, 8]               0
            Conv2d-5             [-1, 16, 6, 6]           1,168
       BatchNorm2d-6             [-1, 16, 6, 6]              32
            Conv2d-7             [-1, 16, 6, 6]           2,320
              ReLU-8             [-1, 16, 6, 6]               0
            Conv2d-9             [-1, 24, 3, 3]           3,480
      BatchNorm2d-10             [-1, 24, 3, 3]              48
           Conv2d-11             [-1, 24, 3, 3]           5,208
             ReLU-12             [-1, 24, 3, 3]               0
          Flatten-13                  [-1, 216]               0
================================================================
Total params: 12,936
Trainable params: 12,936
Non-trainable params: 0
----------------------------------------------------------------
Input size (MB): 0.00
Forward/backward pass size (MB): 0.04
Params size (MB): 0.05
Estimated Total Size (MB): 0.09
----------------------------------------------------------------
None
Reconstructor from: ./models/img/14.2.1.retraining.2.20231130014311_img.pt
Task: v2lr, Epoch:1, Epoch Loss: 0.05123378336429596, Loss:0.054238, MSELoss:0.004782                	Task: InvProb, Epoch:1, MSELoss:0.381551, SSIM:1.0369381420935775
Best state dict, with mse_loss 0.004782, yet found @ 0...
Best state dict, with mse_loss 0.004305, yet found @ 1...
Best state dict, with mse_loss 0.004305, yet found @ 2...
Best state dict, with mse_loss 0.004243, yet found @ 3...
Best state dict, with mse_loss 0.004227, yet found @ 4...
Best state dict, with mse_loss 0.004214, yet found @ 6...
Task: v2lr, Epoch:11, Epoch Loss: 0.047979045659303665, Loss:0.053834, MSELoss:0.004222                	Task: InvProb, Epoch:11, MSELoss:0.344624, SSIM:1.0344658571493222
Task: v2lr, Epoch:21, Epoch Loss: 0.04788517951965332, Loss:0.053792, MSELoss:0.004497                	Task: InvProb, Epoch:21, MSELoss:0.373536, SSIM:1.0308603877196414
slurmstepd: error: *** JOB 2614728 ON cn-13-09 CANCELLED AT 2023-12-01T04:57:17 DUE TO TIME LIMIT ***
