2647095
1.4.2
Residuals and adjusted batch_diff loading
Importing finished!!
cuda is going to be used!!
Dataset loaded!! Length (train dataset) - 19200
Reconstructor from: ./models/img/14.2.1.retraining.2.20231130014311_img.pt
----------------------------------------------------------------
        Layer (type)               Output Shape         Param #
================================================================
            Conv2d-1            [-1, 6, 12, 12]             156
              ReLU-2            [-1, 6, 12, 12]               0
            Conv2d-3            [-1, 6, 12, 12]             330
            Conv2d-4            [-1, 6, 16, 16]              12
              ReLU-5            [-1, 6, 12, 12]               0
     ResidualBlock-6            [-1, 6, 12, 12]               0
       BatchNorm2d-7            [-1, 6, 12, 12]              12
            Conv2d-8             [-1, 18, 8, 8]           2,718
              ReLU-9             [-1, 18, 8, 8]               0
           Conv2d-10             [-1, 18, 8, 8]           2,934
           Conv2d-11           [-1, 18, 12, 12]             126
             ReLU-12             [-1, 18, 8, 8]               0
    ResidualBlock-13             [-1, 18, 8, 8]               0
      BatchNorm2d-14             [-1, 18, 8, 8]              36
           Conv2d-15             [-1, 54, 4, 4]          24,354
             ReLU-16             [-1, 54, 4, 4]               0
           Conv2d-17             [-1, 54, 4, 4]          26,298
           Conv2d-18             [-1, 54, 8, 8]           1,026
             ReLU-19             [-1, 54, 4, 4]               0
    ResidualBlock-20             [-1, 54, 4, 4]               0
      BatchNorm2d-21             [-1, 54, 4, 4]             108
           Conv2d-22            [-1, 108, 2, 2]          52,596
             ReLU-23            [-1, 108, 2, 2]               0
           Conv2d-24            [-1, 108, 2, 2]         105,084
           Conv2d-25            [-1, 108, 4, 4]           5,940
             ReLU-26            [-1, 108, 2, 2]               0
    ResidualBlock-27            [-1, 108, 2, 2]               0
      BatchNorm2d-28            [-1, 108, 2, 2]             216
           Conv2d-29            [-1, 216, 1, 1]          93,528
             ReLU-30            [-1, 216, 1, 1]               0
           Conv2d-31            [-1, 216, 1, 1]         420,120
           Conv2d-32            [-1, 216, 2, 2]          23,544
             ReLU-33            [-1, 216, 1, 1]               0
    ResidualBlock-34            [-1, 216, 1, 1]               0
      BatchNorm2d-35            [-1, 216, 1, 1]             432
          Flatten-36                  [-1, 216]               0
================================================================
Total params: 759,570
Trainable params: 759,570
Non-trainable params: 0
----------------------------------------------------------------
Input size (MB): 0.00
Forward/backward pass size (MB): 0.24
Params size (MB): 2.90
Estimated Total Size (MB): 3.14
----------------------------------------------------------------
----------------------------------------------------------------
        Layer (type)               Output Shape         Param #
================================================================
         Unflatten-1             [-1, 24, 3, 3]               0
   ConvTranspose2d-2            [-1, 192, 6, 6]          41,664
   ConvTranspose2d-3             [-1, 96, 8, 8]         165,984
              ReLU-4             [-1, 96, 8, 8]               0
   ConvTranspose2d-5           [-1, 48, 12, 12]          18,480
              ReLU-6           [-1, 48, 12, 12]               0
   ConvTranspose2d-7            [-1, 1, 24, 24]             433
================================================================
Total params: 226,561
Trainable params: 0
Non-trainable params: 226,561
----------------------------------------------------------------
Input size (MB): 0.00
Forward/backward pass size (MB): 0.26
Params size (MB): 0.86
Estimated Total Size (MB): 1.12
----------------------------------------------------------------
Ready to TRAIN!!
Task: Training Epoch @ 000 L: 0.688202 M: 0.065970 S: 0.666513  -- V2LR: Epoch M: 0.368897 !==! Task: Validation Epoch @ 000 L: 81072.063860 M: 51087.648378 S: 0.623979  -- V2LR: Epoch M: 14388820.907006
Ready to TRAIN!!
Task: Training Epoch @ 001 L: 0.676650 M: 0.065378 S: 0.581720  -- V2LR: Epoch M: 0.302398 !==! Task: Validation Epoch @ 001 L: 68.219985 M: 42.641428 S: 0.554488  -- V2LR: Epoch M: 11991.268018
Task: Training Epoch @ 002 L: 0.667092 M: 0.065677 S: 0.545112  -- V2LR: Epoch M: 0.436131 !==! Task: Validation Epoch @ 002 L: 0.707032 M: 0.103854 S: 0.538160  -- V2LR: Epoch M: 10.615624
Task: Training Epoch @ 003 L: 0.661958 M: 0.066402 S: 0.535761  -- V2LR: Epoch M: 0.593687 !==! Task: Validation Epoch @ 003 L: 0.647035 M: 0.068909 S: 0.533166  -- V2LR: Epoch M: 0.686413
Tolerance: 3!! Task: Training Epoch @ 024 L: 0.635905 M: 0.066806 S: 0.566525  -- V2LR: Epoch M: 1.221791 !==! Task: Validation Epoch @ 024 L: 0.614114 M: 0.070073 S: 0.574039  -- V2LR: Epoch M: 1.584770
Task: Training Epoch @ 033 L: 0.635348 M: 0.066520 S: 0.567616  -- V2LR: Epoch M: 1.216359 !==! Task: Validation Epoch @ 033 L: 0.617364 M: 0.068757 S: 0.565438  -- V2LR: Epoch M: 1.264679
Tolerance: 2!! Task: Training Epoch @ 054 L: 0.630086 M: 0.066346 S: 0.581305  -- V2LR: Epoch M: 1.349419 !==! Task: Validation Epoch @ 054 L: 0.606666 M: 0.068952 S: 0.585486  -- V2LR: Epoch M: 1.570759
Task: Training Epoch @ 065 L: 0.629077 M: 0.066227 S: 0.582276  -- V2LR: Epoch M: 1.380510 !==! Task: Validation Epoch @ 065 L: 0.605712 M: 0.068461 S: 0.591895  -- V2LR: Epoch M: 1.585310
Task: Training Epoch @ 076 L: 0.629287 M: 0.066295 S: 0.583297  -- V2LR: Epoch M: 1.364513 !==! Task: Validation Epoch @ 076 L: 0.605863 M: 0.068407 S: 0.589318  -- V2LR: Epoch M: 1.514349
Task: Training Epoch @ 091 L: 0.627399 M: 0.066276 S: 0.583605  -- V2LR: Epoch M: 1.409027 !==! Task: Validation Epoch @ 091 L: 0.605577 M: 0.068373 S: 0.593795  -- V2LR: Epoch M: 1.517440
Tolerance: 1!! Task: Training Epoch @ 112 L: 0.627038 M: 0.066201 S: 0.583718  -- V2LR: Epoch M: 1.430814 !==! Task: Validation Epoch @ 112 L: 0.605110 M: 0.068615 S: 0.588396  -- V2LR: Epoch M: 1.633997
Task: Testing Epoch @ 000 L: 0.628373 M: 0.066217 S: 0.595124  -- V2LR: Epoch M: 1.499595
written to: ./models/v2lr/1.4.2.20231211165018_v2lr.pt
written to: ./results/loss_tracker_v2lr.csv
Elapsed time: 6011.516376018524 seconds.
