2695586
1.5.vgg.b.1b
1.5.vgg.b.1 reconFreeze v2lrTrue [FOR SONE REASON SAME AS B.1A]
Importing finished!!
cuda is going to be used!!
Dataset loaded!! Length (train dataset) - 19200
/home/kunet.ae/100053678/.conda/envs/eit/lib/python3.11/site-packages/torchvision/models/_utils.py:208: UserWarning: The parameter 'pretrained' is deprecated since 0.13 and may be removed in the future, please use 'weights' instead.
  warnings.warn(
/home/kunet.ae/100053678/.conda/envs/eit/lib/python3.11/site-packages/torchvision/models/_utils.py:223: UserWarning: Arguments other than a weight enum or `None` for 'weights' are deprecated since 0.13 and may be removed in the future. The current behavior is equivalent to passing `weights=VGG16_Weights.IMAGENET1K_V1`. You can also use `weights=VGG16_Weights.DEFAULT` to get the most up-to-date weights.
  warnings.warn(msg)
----------------------------------------------------------------
        Layer (type)               Output Shape         Param #
================================================================
            Conv2d-1            [-1, 6, 12, 12]             156
              ReLU-2            [-1, 6, 12, 12]               0
            Conv2d-3            [-1, 6, 12, 12]             330
            Conv2d-4            [-1, 6, 16, 16]              12
              ReLU-5            [-1, 6, 12, 12]               0
     ResidualBlock-6            [-1, 6, 12, 12]               0
       BatchNorm2d-7            [-1, 6, 12, 12]              12
            Conv2d-8             [-1, 18, 8, 8]           2,718
              ReLU-9             [-1, 18, 8, 8]               0
           Conv2d-10             [-1, 18, 8, 8]           2,934
           Conv2d-11           [-1, 18, 12, 12]             126
             ReLU-12             [-1, 18, 8, 8]               0
    ResidualBlock-13             [-1, 18, 8, 8]               0
      BatchNorm2d-14             [-1, 18, 8, 8]              36
           Conv2d-15             [-1, 54, 4, 4]          24,354
             ReLU-16             [-1, 54, 4, 4]               0
           Conv2d-17             [-1, 54, 4, 4]          26,298
           Conv2d-18             [-1, 54, 8, 8]           1,026
             ReLU-19             [-1, 54, 4, 4]               0
    ResidualBlock-20             [-1, 54, 4, 4]               0
      BatchNorm2d-21             [-1, 54, 4, 4]             108
           Conv2d-22            [-1, 108, 2, 2]          52,596
             ReLU-23            [-1, 108, 2, 2]               0
           Conv2d-24            [-1, 108, 2, 2]         105,084
           Conv2d-25            [-1, 108, 4, 4]           5,940
             ReLU-26            [-1, 108, 2, 2]               0
    ResidualBlock-27            [-1, 108, 2, 2]               0
      BatchNorm2d-28            [-1, 108, 2, 2]             216
           Conv2d-29            [-1, 216, 1, 1]          93,528
             ReLU-30            [-1, 216, 1, 1]               0
           Conv2d-31            [-1, 216, 1, 1]         420,120
           Conv2d-32            [-1, 216, 2, 2]          23,544
             ReLU-33            [-1, 216, 1, 1]               0
    ResidualBlock-34            [-1, 216, 1, 1]               0
      BatchNorm2d-35            [-1, 216, 1, 1]             432
          Flatten-36                  [-1, 216]               0
================================================================
Total params: 759,570
Trainable params: 759,570
Non-trainable params: 0
----------------------------------------------------------------
Input size (MB): 0.00
Forward/backward pass size (MB): 0.24
Params size (MB): 2.90
Estimated Total Size (MB): 3.14
----------------------------------------------------------------
----------------------------------------------------------------
        Layer (type)               Output Shape         Param #
================================================================
         Unflatten-1             [-1, 24, 3, 3]               0
   ConvTranspose2d-2            [-1, 192, 6, 6]          41,664
              ReLU-3            [-1, 192, 6, 6]               0
   ConvTranspose2d-4            [-1, 192, 6, 6]         331,968
   ConvTranspose2d-5            [-1, 192, 3, 3]           4,800
              ReLU-6            [-1, 192, 6, 6]               0
    ResidualBlockk-7            [-1, 192, 6, 6]               0
       BatchNorm2d-8            [-1, 192, 6, 6]             384
   ConvTranspose2d-9             [-1, 96, 8, 8]         165,984
             ReLU-10             [-1, 96, 8, 8]               0
  ConvTranspose2d-11             [-1, 96, 8, 8]          83,040
  ConvTranspose2d-12             [-1, 96, 6, 6]          18,528
             ReLU-13             [-1, 96, 8, 8]               0
   ResidualBlockk-14             [-1, 96, 8, 8]               0
      BatchNorm2d-15             [-1, 96, 8, 8]             192
  ConvTranspose2d-16           [-1, 48, 12, 12]          18,480
             ReLU-17           [-1, 48, 12, 12]               0
  ConvTranspose2d-18           [-1, 48, 12, 12]          20,784
  ConvTranspose2d-19             [-1, 48, 8, 8]           4,656
             ReLU-20           [-1, 48, 12, 12]               0
   ResidualBlockk-21           [-1, 48, 12, 12]               0
      BatchNorm2d-22           [-1, 48, 12, 12]              96
  ConvTranspose2d-23            [-1, 1, 24, 24]             433
             ReLU-24            [-1, 1, 24, 24]               0
  ConvTranspose2d-25            [-1, 1, 24, 24]              10
  ConvTranspose2d-26            [-1, 1, 12, 12]              49
             ReLU-27            [-1, 1, 24, 24]               0
   ResidualBlockk-28            [-1, 1, 24, 24]               0
      BatchNorm2d-29            [-1, 1, 24, 24]               2
================================================================
Total params: 691,070
Trainable params: 0
Non-trainable params: 691,070
----------------------------------------------------------------
Input size (MB): 0.00
Forward/backward pass size (MB): 1.01
Params size (MB): 2.64
Estimated Total Size (MB): 3.64
----------------------------------------------------------------
Ready to TRAIN!!
Task: Training Epoch @ 000 L: 0.941195 M: 0.025082 S: 0.149966  -- V2LR: Epoch M: 0.198558 !==! Task: Validation Epoch @ 000 L: 1.902468 M: 0.067406 S: 0.287793  -- V2LR: Epoch M: 0.198768
Task: Training Epoch @ 001 L: 0.917651 M: 0.024496 S: 0.145743  -- V2LR: Epoch M: 0.198121 !==! Task: Validation Epoch @ 001 L: 1.875820 M: 0.065928 S: 0.287046  -- V2LR: Epoch M: 0.197568
Task: Training Epoch @ 002 L: 0.910219 M: 0.024323 S: 0.144889  -- V2LR: Epoch M: 0.197727 !==! Task: Validation Epoch @ 002 L: 1.872087 M: 0.065793 S: 0.285935  -- V2LR: Epoch M: 0.196112
Task: Training Epoch @ 008 L: 0.895733 M: 0.024065 S: 0.142670  -- V2LR: Epoch M: 0.197978 !==! Task: Validation Epoch @ 008 L: 1.860743 M: 0.065263 S: 0.284569  -- V2LR: Epoch M: 0.194048
Task: Training Epoch @ 010 L: 0.896783 M: 0.024135 S: 0.142632  -- V2LR: Epoch M: 0.198436 !==! Task: Validation Epoch @ 010 L: 1.855410 M: 0.065111 S: 0.284633  -- V2LR: Epoch M: 0.195080
Tolerance: 3!! Task: Training Epoch @ 031 L: 0.875676 M: 0.023676 S: 0.139466  -- V2LR: Epoch M: 0.198203 !==! Task: Validation Epoch @ 031 L: 1.867054 M: 0.065816 S: 0.286871  -- V2LR: Epoch M: 0.195169
Task: Training Epoch @ 034 L: 0.867492 M: 0.023500 S: 0.138177  -- V2LR: Epoch M: 0.198556 !==! Task: Validation Epoch @ 034 L: 1.844149 M: 0.064730 S: 0.286339  -- V2LR: Epoch M: 0.190645
Tolerance: 2!! Task: Training Epoch @ 055 L: 0.851992 M: 0.023186 S: 0.136169  -- V2LR: Epoch M: 0.197992 !==! Task: Validation Epoch @ 055 L: 1.871035 M: 0.066078 S: 0.286811  -- V2LR: Epoch M: 0.195276
Tolerance: 1!! Task: Training Epoch @ 076 L: 0.846112 M: 0.023065 S: 0.134875  -- V2LR: Epoch M: 0.198615 !==! Task: Validation Epoch @ 076 L: 1.860156 M: 0.065482 S: 0.286090  -- V2LR: Epoch M: 0.193904
Task: Testing Epoch @ -01 L: 2.351497 M: 0.090862 S: 0.369191  -- V2LR: Epoch M: 0.194682
written to: ./models/v2lr/1.5.vgg.b.1b.20231222011731_v2lr.pt
written to: ./results/loss_tracker_v2lr.csv
Elapsed time: 2698.9085693359375 seconds.
